"{""Provider"":{""Name"":""Microsoft-Windows-Security-Auditing"",""Guid"":""54849625-5478-4994-A5BA-3E3B0328C30D""},""EventID"":{""Value"":4672},""Version"":0,""Level"":0,""Task"":12548,""Opcode"":0,""Keywords"":9232379236109516800,""TimeCreated"":{""SystemTime"":1768822670.3106928},""EventRecordID"":396697,""Correlation"":{""ActivityID"":""A5D391A9-855E-0006-9098-D3A55E85DC01""},""Execution"":{""ProcessID"":1316,""ThreadID"":1068},""Channel"":""Security"",""Computer"":""HP"",""Security"":{}}","{""SubjectUserSid"":""S-1-5-18"",""SubjectUserName"":""SYSTEM"",""SubjectDomainName"":""NT AUTHORITY"",""SubjectLogonId"":999,""PrivilegeList"":""SeAssignPrimaryTokenPrivilege\r\n\t\t\tSeTcbPrivilege\r\n\t\t\tSeSecurityPrivilege\r\n\t\t\tSeTakeOwnershipPrivilege\r\n\t\t\tSeLoadDriverPrivilege\r\n\t\t\tSeBackupPrivilege\r\n\t\t\tSeRestorePrivilege\r\n\t\t\tSeDebugPrivilege\r\n\t\t\tSeAuditPrivilege\r\n\t\t\tSeSystemEnvironmentPrivilege\r\n\t\t\tSeImpersonatePrivilege\r\n\t\t\tSeDelegateSessionUserImpersonatePrivilege""}","Special privileges assigned to new logon.

Subject:
	Security ID:		S-1-5-18
	Account Name:		SYSTEM
	Account Domain:		NT AUTHORITY
	Logon ID:		999

Privileges:		SeAssignPrimaryTokenPrivilege
			SeTcbPrivilege
			SeSecurityPrivilege
			SeTakeOwnershipPrivilege
			SeLoadDriverPrivilege
			SeBackupPrivilege
			SeRestorePrivilege
			SeDebugPrivilege
			SeAuditPrivilege
			SeSystemEnvironmentPrivilege
			SeImpersonatePrivilege
			SeDelegateSessionUserImpersonatePrivilege
",2026-01-19T11:37:50Z,Security,396697,4672,C:\Windows\System32\winevt\Logs\Security.evtx
"{""Provider"":{""Name"":""Microsoft-Windows-Security-Auditing"",""Guid"":""54849625-5478-4994-A5BA-3E3B0328C30D""},""EventID"":{""Value"":4672},""Version"":0,""Level"":0,""Task"":12548,""Opcode"":0,""Keywords"":9232379236109516800,""TimeCreated"":{""SystemTime"":1768822671.1096544},""EventRecordID"":396699,""Correlation"":{""ActivityID"":""A5D391A9-855E-0006-9098-D3A55E85DC01""},""Execution"":{""ProcessID"":1316,""ThreadID"":1068},""Channel"":""Security"",""Computer"":""HP"",""Security"":{}}","{""SubjectUserSid"":""S-1-5-18"",""SubjectUserName"":""SYSTEM"",""SubjectDomainName"":""NT AUTHORITY"",""SubjectLogonId"":999,""PrivilegeList"":""SeAssignPrimaryTokenPrivilege\r\n\t\t\tSeTcbPrivilege\r\n\t\t\tSeSecurityPrivilege\r\n\t\t\tSeTakeOwnershipPrivilege\r\n\t\t\tSeLoadDriverPrivilege\r\n\t\t\tSeBackupPrivilege\r\n\t\t\tSeRestorePrivilege\r\n\t\t\tSeDebugPrivilege\r\n\t\t\tSeAuditPrivilege\r\n\t\t\tSeSystemEnvironmentPrivilege\r\n\t\t\tSeImpersonatePrivilege\r\n\t\t\tSeDelegateSessionUserImpersonatePrivilege""}","Special privileges assigned to new logon.

Subject:
	Security ID:		S-1-5-18
	Account Name:		SYSTEM
	Account Domain:		NT AUTHORITY
	Logon ID:		999

Privileges:		SeAssignPrimaryTokenPrivilege
			SeTcbPrivilege
			SeSecurityPrivilege
			SeTakeOwnershipPrivilege
			SeLoadDriverPrivilege
			SeBackupPrivilege
			SeRestorePrivilege
			SeDebugPrivilege
			SeAuditPrivilege
			SeSystemEnvironmentPrivilege
			SeImpersonatePrivilege
			SeDelegateSessionUserImpersonatePrivilege
",2026-01-19T11:37:51Z,Security,396699,4672,C:\Windows\System32\winevt\Logs\Security.evtx
"{""Provider"":{""Name"":""Microsoft-Windows-Security-Auditing"",""Guid"":""54849625-5478-4994-A5BA-3E3B0328C30D""},""EventID"":{""Value"":4672},""Version"":0,""Level"":0,""Task"":12548,""Opcode"":0,""Keywords"":9232379236109516800,""TimeCreated"":{""SystemTime"":1768822801.5892048},""EventRecordID"":396733,""Correlation"":{""ActivityID"":""A5D391A9-855E-0006-9098-D3A55E85DC01""},""Execution"":{""ProcessID"":1316,""ThreadID"":15992},""Channel"":""Security"",""Computer"":""HP"",""Security"":{}}","{""SubjectUserSid"":""S-1-5-18"",""SubjectUserName"":""SYSTEM"",""SubjectDomainName"":""NT AUTHORITY"",""SubjectLogonId"":999,""PrivilegeList"":""SeAssignPrimaryTokenPrivilege\r\n\t\t\tSeTcbPrivilege\r\n\t\t\tSeSecurityPrivilege\r\n\t\t\tSeTakeOwnershipPrivilege\r\n\t\t\tSeLoadDriverPrivilege\r\n\t\t\tSeBackupPrivilege\r\n\t\t\tSeRestorePrivilege\r\n\t\t\tSeDebugPrivilege\r\n\t\t\tSeAuditPrivilege\r\n\t\t\tSeSystemEnvironmentPrivilege\r\n\t\t\tSeImpersonatePrivilege\r\n\t\t\tSeDelegateSessionUserImpersonatePrivilege""}","Special privileges assigned to new logon.

Subject:
	Security ID:		S-1-5-18
	Account Name:		SYSTEM
	Account Domain:		NT AUTHORITY
	Logon ID:		999

Privileges:		SeAssignPrimaryTokenPrivilege
			SeTcbPrivilege
			SeSecurityPrivilege
			SeTakeOwnershipPrivilege
			SeLoadDriverPrivilege
			SeBackupPrivilege
			SeRestorePrivilege
			SeDebugPrivilege
			SeAuditPrivilege
			SeSystemEnvironmentPrivilege
			SeImpersonatePrivilege
			SeDelegateSessionUserImpersonatePrivilege
",2026-01-19T11:40:01Z,Security,396733,4672,C:\Windows\System32\winevt\Logs\Security.evtx
"{""Provider"":{""Name"":""Microsoft-Windows-Security-Auditing"",""Guid"":""54849625-5478-4994-A5BA-3E3B0328C30D""},""EventID"":{""Value"":4672},""Version"":0,""Level"":0,""Task"":12548,""Opcode"":0,""Keywords"":9232379236109516800,""TimeCreated"":{""SystemTime"":1768822803.1154687},""EventRecordID"":396735,""Correlation"":{""ActivityID"":""A5D391A9-855E-0006-9098-D3A55E85DC01""},""Execution"":{""ProcessID"":1316,""ThreadID"":15992},""Channel"":""Security"",""Computer"":""HP"",""Security"":{}}","{""SubjectUserSid"":""S-1-5-18"",""SubjectUserName"":""SYSTEM"",""SubjectDomainName"":""NT AUTHORITY"",""SubjectLogonId"":999,""PrivilegeList"":""SeAssignPrimaryTokenPrivilege\r\n\t\t\tSeTcbPrivilege\r\n\t\t\tSeSecurityPrivilege\r\n\t\t\tSeTakeOwnershipPrivilege\r\n\t\t\tSeLoadDriverPrivilege\r\n\t\t\tSeBackupPrivilege\r\n\t\t\tSeRestorePrivilege\r\n\t\t\tSeDebugPrivilege\r\n\t\t\tSeAuditPrivilege\r\n\t\t\tSeSystemEnvironmentPrivilege\r\n\t\t\tSeImpersonatePrivilege\r\n\t\t\tSeDelegateSessionUserImpersonatePrivilege""}","Special privileges assigned to new logon.

Subject:
	Security ID:		S-1-5-18
	Account Name:		SYSTEM
	Account Domain:		NT AUTHORITY
	Logon ID:		999

Privileges:		SeAssignPrimaryTokenPrivilege
			SeTcbPrivilege
			SeSecurityPrivilege
			SeTakeOwnershipPrivilege
			SeLoadDriverPrivilege
			SeBackupPrivilege
			SeRestorePrivilege
			SeDebugPrivilege
			SeAuditPrivilege
			SeSystemEnvironmentPrivilege
			SeImpersonatePrivilege
			SeDelegateSessionUserImpersonatePrivilege
",2026-01-19T11:40:03Z,Security,396735,4672,C:\Windows\System32\winevt\Logs\Security.evtx
"{""Provider"":{""Name"":""Microsoft-Windows-Security-Auditing"",""Guid"":""54849625-5478-4994-A5BA-3E3B0328C30D""},""EventID"":{""Value"":4672},""Version"":0,""Level"":0,""Task"":12548,""Opcode"":0,""Keywords"":9232379236109516800,""TimeCreated"":{""SystemTime"":1768822813.8657825},""EventRecordID"":396747,""Correlation"":{""ActivityID"":""A5D391A9-855E-0006-9098-D3A55E85DC01""},""Execution"":{""ProcessID"":1316,""ThreadID"":15992},""Channel"":""Security"",""Computer"":""HP"",""Security"":{}}","{""SubjectUserSid"":""S-1-5-18"",""SubjectUserName"":""SYSTEM"",""SubjectDomainName"":""NT AUTHORITY"",""SubjectLogonId"":999,""PrivilegeList"":""SeAssignPrimaryTokenPrivilege\r\n\t\t\tSeTcbPrivilege\r\n\t\t\tSeSecurityPrivilege\r\n\t\t\tSeTakeOwnershipPrivilege\r\n\t\t\tSeLoadDriverPrivilege\r\n\t\t\tSeBackupPrivilege\r\n\t\t\tSeRestorePrivilege\r\n\t\t\tSeDebugPrivilege\r\n\t\t\tSeAuditPrivilege\r\n\t\t\tSeSystemEnvironmentPrivilege\r\n\t\t\tSeImpersonatePrivilege\r\n\t\t\tSeDelegateSessionUserImpersonatePrivilege""}","Special privileges assigned to new logon.

Subject:
	Security ID:		S-1-5-18
	Account Name:		SYSTEM
	Account Domain:		NT AUTHORITY
	Logon ID:		999

Privileges:		SeAssignPrimaryTokenPrivilege
			SeTcbPrivilege
			SeSecurityPrivilege
			SeTakeOwnershipPrivilege
			SeLoadDriverPrivilege
			SeBackupPrivilege
			SeRestorePrivilege
			SeDebugPrivilege
			SeAuditPrivilege
			SeSystemEnvironmentPrivilege
			SeImpersonatePrivilege
			SeDelegateSessionUserImpersonatePrivilege
",2026-01-19T11:40:13Z,Security,396747,4672,C:\Windows\System32\winevt\Logs\Security.evtx
"{""Provider"":{""Name"":""Microsoft-Windows-Security-Auditing"",""Guid"":""54849625-5478-4994-A5BA-3E3B0328C30D""},""EventID"":{""Value"":4672},""Version"":0,""Level"":0,""Task"":12548,""Opcode"":0,""Keywords"":9232379236109516800,""TimeCreated"":{""SystemTime"":1768823032.0199487},""EventRecordID"":396757,""Correlation"":{""ActivityID"":""A5D391A9-855E-0006-9098-D3A55E85DC01""},""Execution"":{""ProcessID"":1316,""ThreadID"":15992},""Channel"":""Security"",""Computer"":""HP"",""Security"":{}}","{""SubjectUserSid"":""S-1-5-18"",""SubjectUserName"":""SYSTEM"",""SubjectDomainName"":""NT AUTHORITY"",""SubjectLogonId"":999,""PrivilegeList"":""SeAssignPrimaryTokenPrivilege\r\n\t\t\tSeTcbPrivilege\r\n\t\t\tSeSecurityPrivilege\r\n\t\t\tSeTakeOwnershipPrivilege\r\n\t\t\tSeLoadDriverPrivilege\r\n\t\t\tSeBackupPrivilege\r\n\t\t\tSeRestorePrivilege\r\n\t\t\tSeDebugPrivilege\r\n\t\t\tSeAuditPrivilege\r\n\t\t\tSeSystemEnvironmentPrivilege\r\n\t\t\tSeImpersonatePrivilege\r\n\t\t\tSeDelegateSessionUserImpersonatePrivilege""}","Special privileges assigned to new logon.

Subject:
	Security ID:		S-1-5-18
	Account Name:		SYSTEM
	Account Domain:		NT AUTHORITY
	Logon ID:		999

Privileges:		SeAssignPrimaryTokenPrivilege
			SeTcbPrivilege
			SeSecurityPrivilege
			SeTakeOwnershipPrivilege
			SeLoadDriverPrivilege
			SeBackupPrivilege
			SeRestorePrivilege
			SeDebugPrivilege
			SeAuditPrivilege
			SeSystemEnvironmentPrivilege
			SeImpersonatePrivilege
			SeDelegateSessionUserImpersonatePrivilege
",2026-01-19T11:43:52Z,Security,396757,4672,C:\Windows\System32\winevt\Logs\Security.evtx
"{""Provider"":{""Name"":""Microsoft-Windows-Security-Auditing"",""Guid"":""54849625-5478-4994-A5BA-3E3B0328C30D""},""EventID"":{""Value"":4672},""Version"":0,""Level"":0,""Task"":12548,""Opcode"":0,""Keywords"":9232379236109516800,""TimeCreated"":{""SystemTime"":1768823037.4606223},""EventRecordID"":396775,""Correlation"":{""ActivityID"":""A5D391A9-855E-0006-9098-D3A55E85DC01""},""Execution"":{""ProcessID"":1316,""ThreadID"":15992},""Channel"":""Security"",""Computer"":""HP"",""Security"":{}}","{""SubjectUserSid"":""S-1-5-18"",""SubjectUserName"":""SYSTEM"",""SubjectDomainName"":""NT AUTHORITY"",""SubjectLogonId"":999,""PrivilegeList"":""SeAssignPrimaryTokenPrivilege\r\n\t\t\tSeTcbPrivilege\r\n\t\t\tSeSecurityPrivilege\r\n\t\t\tSeTakeOwnershipPrivilege\r\n\t\t\tSeLoadDriverPrivilege\r\n\t\t\tSeBackupPrivilege\r\n\t\t\tSeRestorePrivilege\r\n\t\t\tSeDebugPrivilege\r\n\t\t\tSeAuditPrivilege\r\n\t\t\tSeSystemEnvironmentPrivilege\r\n\t\t\tSeImpersonatePrivilege\r\n\t\t\tSeDelegateSessionUserImpersonatePrivilege""}","Special privileges assigned to new logon.

Subject:
	Security ID:		S-1-5-18
	Account Name:		SYSTEM
	Account Domain:		NT AUTHORITY
	Logon ID:		999

Privileges:		SeAssignPrimaryTokenPrivilege
			SeTcbPrivilege
			SeSecurityPrivilege
			SeTakeOwnershipPrivilege
			SeLoadDriverPrivilege
			SeBackupPrivilege
			SeRestorePrivilege
			SeDebugPrivilege
			SeAuditPrivilege
			SeSystemEnvironmentPrivilege
			SeImpersonatePrivilege
			SeDelegateSessionUserImpersonatePrivilege
",2026-01-19T11:43:57Z,Security,396775,4672,C:\Windows\System32\winevt\Logs\Security.evtx
"{""Provider"":{""Name"":""Microsoft-Windows-Security-Auditing"",""Guid"":""54849625-5478-4994-A5BA-3E3B0328C30D""},""EventID"":{""Value"":4672},""Version"":0,""Level"":0,""Task"":12548,""Opcode"":0,""Keywords"":9232379236109516800,""TimeCreated"":{""SystemTime"":1768823058.6312191},""EventRecordID"":396855,""Correlation"":{""ActivityID"":""A5D391A9-855E-0006-9098-D3A55E85DC01""},""Execution"":{""ProcessID"":1316,""ThreadID"":15992},""Channel"":""Security"",""Computer"":""HP"",""Security"":{}}","{""SubjectUserSid"":""S-1-5-18"",""SubjectUserName"":""SYSTEM"",""SubjectDomainName"":""NT AUTHORITY"",""SubjectLogonId"":999,""PrivilegeList"":""SeAssignPrimaryTokenPrivilege\r\n\t\t\tSeTcbPrivilege\r\n\t\t\tSeSecurityPrivilege\r\n\t\t\tSeTakeOwnershipPrivilege\r\n\t\t\tSeLoadDriverPrivilege\r\n\t\t\tSeBackupPrivilege\r\n\t\t\tSeRestorePrivilege\r\n\t\t\tSeDebugPrivilege\r\n\t\t\tSeAuditPrivilege\r\n\t\t\tSeSystemEnvironmentPrivilege\r\n\t\t\tSeImpersonatePrivilege\r\n\t\t\tSeDelegateSessionUserImpersonatePrivilege""}","Special privileges assigned to new logon.

Subject:
	Security ID:		S-1-5-18
	Account Name:		SYSTEM
	Account Domain:		NT AUTHORITY
	Logon ID:		999

Privileges:		SeAssignPrimaryTokenPrivilege
			SeTcbPrivilege
			SeSecurityPrivilege
			SeTakeOwnershipPrivilege
			SeLoadDriverPrivilege
			SeBackupPrivilege
			SeRestorePrivilege
			SeDebugPrivilege
			SeAuditPrivilege
			SeSystemEnvironmentPrivilege
			SeImpersonatePrivilege
			SeDelegateSessionUserImpersonatePrivilege
",2026-01-19T11:44:18Z,Security,396855,4672,C:\Windows\System32\winevt\Logs\Security.evtx
"{""Provider"":{""Name"":""Microsoft-Windows-Security-Auditing"",""Guid"":""54849625-5478-4994-A5BA-3E3B0328C30D""},""EventID"":{""Value"":4672},""Version"":0,""Level"":0,""Task"":12548,""Opcode"":0,""Keywords"":9232379236109516800,""TimeCreated"":{""SystemTime"":1768823979.2707455},""EventRecordID"":397214,""Correlation"":{""ActivityID"":""A5D391A9-855E-0006-9098-D3A55E85DC01""},""Execution"":{""ProcessID"":1316,""ThreadID"":14208},""Channel"":""Security"",""Computer"":""HP"",""Security"":{}}","{""SubjectUserSid"":""S-1-5-18"",""SubjectUserName"":""SYSTEM"",""SubjectDomainName"":""NT AUTHORITY"",""SubjectLogonId"":999,""PrivilegeList"":""SeAssignPrimaryTokenPrivilege\r\n\t\t\tSeTcbPrivilege\r\n\t\t\tSeSecurityPrivilege\r\n\t\t\tSeTakeOwnershipPrivilege\r\n\t\t\tSeLoadDriverPrivilege\r\n\t\t\tSeBackupPrivilege\r\n\t\t\tSeRestorePrivilege\r\n\t\t\tSeDebugPrivilege\r\n\t\t\tSeAuditPrivilege\r\n\t\t\tSeSystemEnvironmentPrivilege\r\n\t\t\tSeImpersonatePrivilege\r\n\t\t\tSeDelegateSessionUserImpersonatePrivilege""}","Special privileges assigned to new logon.

Subject:
	Security ID:		S-1-5-18
	Account Name:		SYSTEM
	Account Domain:		NT AUTHORITY
	Logon ID:		999

Privileges:		SeAssignPrimaryTokenPrivilege
			SeTcbPrivilege
			SeSecurityPrivilege
			SeTakeOwnershipPrivilege
			SeLoadDriverPrivilege
			SeBackupPrivilege
			SeRestorePrivilege
			SeDebugPrivilege
			SeAuditPrivilege
			SeSystemEnvironmentPrivilege
			SeImpersonatePrivilege
			SeDelegateSessionUserImpersonatePrivilege
",2026-01-19T11:59:39Z,Security,397214,4672,C:\Windows\System32\winevt\Logs\Security.evtx
"{""Provider"":{""Name"":""Microsoft-Windows-Security-Auditing"",""Guid"":""54849625-5478-4994-A5BA-3E3B0328C30D""},""EventID"":{""Value"":4672},""Version"":0,""Level"":0,""Task"":12548,""Opcode"":0,""Keywords"":9232379236109516800,""TimeCreated"":{""SystemTime"":1768824246.3519504},""EventRecordID"":397246,""Correlation"":{""ActivityID"":""A5D391A9-855E-0006-9098-D3A55E85DC01""},""Execution"":{""ProcessID"":1316,""ThreadID"":14208},""Channel"":""Security"",""Computer"":""HP"",""Security"":{}}","{""SubjectUserSid"":""S-1-5-18"",""SubjectUserName"":""SYSTEM"",""SubjectDomainName"":""NT AUTHORITY"",""SubjectLogonId"":999,""PrivilegeList"":""SeAssignPrimaryTokenPrivilege\r\n\t\t\tSeTcbPrivilege\r\n\t\t\tSeSecurityPrivilege\r\n\t\t\tSeTakeOwnershipPrivilege\r\n\t\t\tSeLoadDriverPrivilege\r\n\t\t\tSeBackupPrivilege\r\n\t\t\tSeRestorePrivilege\r\n\t\t\tSeDebugPrivilege\r\n\t\t\tSeAuditPrivilege\r\n\t\t\tSeSystemEnvironmentPrivilege\r\n\t\t\tSeImpersonatePrivilege\r\n\t\t\tSeDelegateSessionUserImpersonatePrivilege""}","Special privileges assigned to new logon.

Subject:
	Security ID:		S-1-5-18
	Account Name:		SYSTEM
	Account Domain:		NT AUTHORITY
	Logon ID:		999

Privileges:		SeAssignPrimaryTokenPrivilege
			SeTcbPrivilege
			SeSecurityPrivilege
			SeTakeOwnershipPrivilege
			SeLoadDriverPrivilege
			SeBackupPrivilege
			SeRestorePrivilege
			SeDebugPrivilege
			SeAuditPrivilege
			SeSystemEnvironmentPrivilege
			SeImpersonatePrivilege
			SeDelegateSessionUserImpersonatePrivilege
",2026-01-19T12:04:06Z,Security,397246,4672,C:\Windows\System32\winevt\Logs\Security.evtx
"{""Provider"":{""Name"":""Microsoft-Windows-Security-Auditing"",""Guid"":""54849625-5478-4994-A5BA-3E3B0328C30D""},""EventID"":{""Value"":4672},""Version"":0,""Level"":0,""Task"":12548,""Opcode"":0,""Keywords"":9232379236109516800,""TimeCreated"":{""SystemTime"":1768824496.0474465},""EventRecordID"":397264,""Correlation"":{""ActivityID"":""A5D391A9-855E-0006-9098-D3A55E85DC01""},""Execution"":{""ProcessID"":1316,""ThreadID"":22096},""Channel"":""Security"",""Computer"":""HP"",""Security"":{}}","{""SubjectUserSid"":""S-1-5-18"",""SubjectUserName"":""SYSTEM"",""SubjectDomainName"":""NT AUTHORITY"",""SubjectLogonId"":999,""PrivilegeList"":""SeAssignPrimaryTokenPrivilege\r\n\t\t\tSeTcbPrivilege\r\n\t\t\tSeSecurityPrivilege\r\n\t\t\tSeTakeOwnershipPrivilege\r\n\t\t\tSeLoadDriverPrivilege\r\n\t\t\tSeBackupPrivilege\r\n\t\t\tSeRestorePrivilege\r\n\t\t\tSeDebugPrivilege\r\n\t\t\tSeAuditPrivilege\r\n\t\t\tSeSystemEnvironmentPrivilege\r\n\t\t\tSeImpersonatePrivilege\r\n\t\t\tSeDelegateSessionUserImpersonatePrivilege""}","Special privileges assigned to new logon.

Subject:
	Security ID:		S-1-5-18
	Account Name:		SYSTEM
	Account Domain:		NT AUTHORITY
	Logon ID:		999

Privileges:		SeAssignPrimaryTokenPrivilege
			SeTcbPrivilege
			SeSecurityPrivilege
			SeTakeOwnershipPrivilege
			SeLoadDriverPrivilege
			SeBackupPrivilege
			SeRestorePrivilege
			SeDebugPrivilege
			SeAuditPrivilege
			SeSystemEnvironmentPrivilege
			SeImpersonatePrivilege
			SeDelegateSessionUserImpersonatePrivilege
",2026-01-19T12:08:16Z,Security,397264,4672,C:\Windows\System32\winevt\Logs\Security.evtx
"{""Provider"":{""Name"":""Microsoft-Windows-Security-Auditing"",""Guid"":""54849625-5478-4994-A5BA-3E3B0328C30D""},""EventID"":{""Value"":4672},""Version"":0,""Level"":0,""Task"":12548,""Opcode"":0,""Keywords"":9232379236109516800,""TimeCreated"":{""SystemTime"":1768825442.3141024},""EventRecordID"":397485,""Correlation"":{""ActivityID"":""A5D391A9-855E-0006-9098-D3A55E85DC01""},""Execution"":{""ProcessID"":1316,""ThreadID"":24312},""Channel"":""Security"",""Computer"":""HP"",""Security"":{}}","{""SubjectUserSid"":""S-1-5-18"",""SubjectUserName"":""SYSTEM"",""SubjectDomainName"":""NT AUTHORITY"",""SubjectLogonId"":999,""PrivilegeList"":""SeAssignPrimaryTokenPrivilege\r\n\t\t\tSeTcbPrivilege\r\n\t\t\tSeSecurityPrivilege\r\n\t\t\tSeTakeOwnershipPrivilege\r\n\t\t\tSeLoadDriverPrivilege\r\n\t\t\tSeBackupPrivilege\r\n\t\t\tSeRestorePrivilege\r\n\t\t\tSeDebugPrivilege\r\n\t\t\tSeAuditPrivilege\r\n\t\t\tSeSystemEnvironmentPrivilege\r\n\t\t\tSeImpersonatePrivilege\r\n\t\t\tSeDelegateSessionUserImpersonatePrivilege""}","Special privileges assigned to new logon.

Subject:
	Security ID:		S-1-5-18
	Account Name:		SYSTEM
	Account Domain:		NT AUTHORITY
	Logon ID:		999

Privileges:		SeAssignPrimaryTokenPrivilege
			SeTcbPrivilege
			SeSecurityPrivilege
			SeTakeOwnershipPrivilege
			SeLoadDriverPrivilege
			SeBackupPrivilege
			SeRestorePrivilege
			SeDebugPrivilege
			SeAuditPrivilege
			SeSystemEnvironmentPrivilege
			SeImpersonatePrivilege
			SeDelegateSessionUserImpersonatePrivilege
",2026-01-19T12:24:02Z,Security,397485,4672,C:\Windows\System32\winevt\Logs\Security.evtx
"{""Provider"":{""Name"":""Microsoft-Windows-Security-Auditing"",""Guid"":""54849625-5478-4994-A5BA-3E3B0328C30D""},""EventID"":{""Value"":4672},""Version"":0,""Level"":0,""Task"":12548,""Opcode"":0,""Keywords"":9232379236109516800,""TimeCreated"":{""SystemTime"":1768825446.9535055},""EventRecordID"":397487,""Correlation"":{""ActivityID"":""A5D391A9-855E-0006-9098-D3A55E85DC01""},""Execution"":{""ProcessID"":1316,""ThreadID"":15992},""Channel"":""Security"",""Computer"":""HP"",""Security"":{}}","{""SubjectUserSid"":""S-1-5-18"",""SubjectUserName"":""SYSTEM"",""SubjectDomainName"":""NT AUTHORITY"",""SubjectLogonId"":999,""PrivilegeList"":""SeAssignPrimaryTokenPrivilege\r\n\t\t\tSeTcbPrivilege\r\n\t\t\tSeSecurityPrivilege\r\n\t\t\tSeTakeOwnershipPrivilege\r\n\t\t\tSeLoadDriverPrivilege\r\n\t\t\tSeBackupPrivilege\r\n\t\t\tSeRestorePrivilege\r\n\t\t\tSeDebugPrivilege\r\n\t\t\tSeAuditPrivilege\r\n\t\t\tSeSystemEnvironmentPrivilege\r\n\t\t\tSeImpersonatePrivilege\r\n\t\t\tSeDelegateSessionUserImpersonatePrivilege""}","Special privileges assigned to new logon.

Subject:
	Security ID:		S-1-5-18
	Account Name:		SYSTEM
	Account Domain:		NT AUTHORITY
	Logon ID:		999

Privileges:		SeAssignPrimaryTokenPrivilege
			SeTcbPrivilege
			SeSecurityPrivilege
			SeTakeOwnershipPrivilege
			SeLoadDriverPrivilege
			SeBackupPrivilege
			SeRestorePrivilege
			SeDebugPrivilege
			SeAuditPrivilege
			SeSystemEnvironmentPrivilege
			SeImpersonatePrivilege
			SeDelegateSessionUserImpersonatePrivilege
",2026-01-19T12:24:06Z,Security,397487,4672,C:\Windows\System32\winevt\Logs\Security.evtx
"{""Provider"":{""Name"":""Microsoft-Windows-Security-Auditing"",""Guid"":""54849625-5478-4994-A5BA-3E3B0328C30D""},""EventID"":{""Value"":4672},""Version"":0,""Level"":0,""Task"":12548,""Opcode"":0,""Keywords"":9232379236109516800,""TimeCreated"":{""SystemTime"":1768825454.2879856},""EventRecordID"":397501,""Correlation"":{""ActivityID"":""A5D391A9-855E-0006-9098-D3A55E85DC01""},""Execution"":{""ProcessID"":1316,""ThreadID"":20872},""Channel"":""Security"",""Computer"":""HP"",""Security"":{}}","{""SubjectUserSid"":""S-1-5-90-0-12"",""SubjectUserName"":""DWM-12"",""SubjectDomainName"":""Window Manager"",""SubjectLogonId"":344379254,""PrivilegeList"":""SeAssignPrimaryTokenPrivilege\r\n\t\t\tSeAuditPrivilege\r\n\t\t\tSeImpersonatePrivilege""}","Special privileges assigned to new logon.

Subject:
	Security ID:		S-1-5-90-0-12
	Account Name:		DWM-12
	Account Domain:		Window Manager
	Logon ID:		344379254

Privileges:		SeAssignPrimaryTokenPrivilege
			SeAuditPrivilege
			SeImpersonatePrivilege
",2026-01-19T12:24:14Z,Security,397501,4672,C:\Windows\System32\winevt\Logs\Security.evtx
"{""Provider"":{""Name"":""Microsoft-Windows-Security-Auditing"",""Guid"":""54849625-5478-4994-A5BA-3E3B0328C30D""},""EventID"":{""Value"":4672},""Version"":0,""Level"":0,""Task"":12548,""Opcode"":0,""Keywords"":9232379236109516800,""TimeCreated"":{""SystemTime"":1768825454.287989},""EventRecordID"":397502,""Correlation"":{""ActivityID"":""A5D391A9-855E-0006-9098-D3A55E85DC01""},""Execution"":{""ProcessID"":1316,""ThreadID"":20872},""Channel"":""Security"",""Computer"":""HP"",""Security"":{}}","{""SubjectUserSid"":""S-1-5-90-0-12"",""SubjectUserName"":""DWM-12"",""SubjectDomainName"":""Window Manager"",""SubjectLogonId"":344379484,""PrivilegeList"":""SeAssignPrimaryTokenPrivilege\r\n\t\t\tSeAuditPrivilege""}","Special privileges assigned to new logon.

Subject:
	Security ID:		S-1-5-90-0-12
	Account Name:		DWM-12
	Account Domain:		Window Manager
	Logon ID:		344379484

Privileges:		SeAssignPrimaryTokenPrivilege
			SeAuditPrivilege
",2026-01-19T12:24:14Z,Security,397502,4672,C:\Windows\System32\winevt\Logs\Security.evtx
"{""Provider"":{""Name"":""Microsoft-Windows-Security-Auditing"",""Guid"":""54849625-5478-4994-A5BA-3E3B0328C30D""},""EventID"":{""Value"":4672},""Version"":0,""Level"":0,""Task"":12548,""Opcode"":0,""Keywords"":9232379236109516800,""TimeCreated"":{""SystemTime"":1768825454.5038288},""EventRecordID"":397504,""Correlation"":{""ActivityID"":""A5D391A9-855E-0006-9098-D3A55E85DC01""},""Execution"":{""ProcessID"":1316,""ThreadID"":20872},""Channel"":""Security"",""Computer"":""HP"",""Security"":{}}","{""SubjectUserSid"":""S-1-5-18"",""SubjectUserName"":""SYSTEM"",""SubjectDomainName"":""NT AUTHORITY"",""SubjectLogonId"":999,""PrivilegeList"":""SeAssignPrimaryTokenPrivilege\r\n\t\t\tSeTcbPrivilege\r\n\t\t\tSeSecurityPrivilege\r\n\t\t\tSeTakeOwnershipPrivilege\r\n\t\t\tSeLoadDriverPrivilege\r\n\t\t\tSeBackupPrivilege\r\n\t\t\tSeRestorePrivilege\r\n\t\t\tSeDebugPrivilege\r\n\t\t\tSeAuditPrivilege\r\n\t\t\tSeSystemEnvironmentPrivilege\r\n\t\t\tSeImpersonatePrivilege\r\n\t\t\tSeDelegateSessionUserImpersonatePrivilege""}","Special privileges assigned to new logon.

Subject:
	Security ID:		S-1-5-18
	Account Name:		SYSTEM
	Account Domain:		NT AUTHORITY
	Logon ID:		999

Privileges:		SeAssignPrimaryTokenPrivilege
			SeTcbPrivilege
			SeSecurityPrivilege
			SeTakeOwnershipPrivilege
			SeLoadDriverPrivilege
			SeBackupPrivilege
			SeRestorePrivilege
			SeDebugPrivilege
			SeAuditPrivilege
			SeSystemEnvironmentPrivilege
			SeImpersonatePrivilege
			SeDelegateSessionUserImpersonatePrivilege
",2026-01-19T12:24:14Z,Security,397504,4672,C:\Windows\System32\winevt\Logs\Security.evtx
"{""Provider"":{""Name"":""Microsoft-Windows-Security-Auditing"",""Guid"":""54849625-5478-4994-A5BA-3E3B0328C30D""},""EventID"":{""Value"":4672},""Version"":0,""Level"":0,""Task"":12548,""Opcode"":0,""Keywords"":9232379236109516800,""TimeCreated"":{""SystemTime"":1768825460.964816},""EventRecordID"":397524,""Correlation"":{""ActivityID"":""A5D391A9-855E-0006-9098-D3A55E85DC01""},""Execution"":{""ProcessID"":1316,""ThreadID"":15992},""Channel"":""Security"",""Computer"":""HP"",""Security"":{}}","{""SubjectUserSid"":""S-1-5-18"",""SubjectUserName"":""SYSTEM"",""SubjectDomainName"":""NT AUTHORITY"",""SubjectLogonId"":999,""PrivilegeList"":""SeAssignPrimaryTokenPrivilege\r\n\t\t\tSeTcbPrivilege\r\n\t\t\tSeSecurityPrivilege\r\n\t\t\tSeTakeOwnershipPrivilege\r\n\t\t\tSeLoadDriverPrivilege\r\n\t\t\tSeBackupPrivilege\r\n\t\t\tSeRestorePrivilege\r\n\t\t\tSeDebugPrivilege\r\n\t\t\tSeAuditPrivilege\r\n\t\t\tSeSystemEnvironmentPrivilege\r\n\t\t\tSeImpersonatePrivilege\r\n\t\t\tSeDelegateSessionUserImpersonatePrivilege""}","Special privileges assigned to new logon.

Subject:
	Security ID:		S-1-5-18
	Account Name:		SYSTEM
	Account Domain:		NT AUTHORITY
	Logon ID:		999

Privileges:		SeAssignPrimaryTokenPrivilege
			SeTcbPrivilege
			SeSecurityPrivilege
			SeTakeOwnershipPrivilege
			SeLoadDriverPrivilege
			SeBackupPrivilege
			SeRestorePrivilege
			SeDebugPrivilege
			SeAuditPrivilege
			SeSystemEnvironmentPrivilege
			SeImpersonatePrivilege
			SeDelegateSessionUserImpersonatePrivilege
",2026-01-19T12:24:20Z,Security,397524,4672,C:\Windows\System32\winevt\Logs\Security.evtx
"{""Provider"":{""Name"":""Microsoft-Windows-Security-Auditing"",""Guid"":""54849625-5478-4994-A5BA-3E3B0328C30D""},""EventID"":{""Value"":4672},""Version"":0,""Level"":0,""Task"":12548,""Opcode"":0,""Keywords"":9232379236109516800,""TimeCreated"":{""SystemTime"":1768833959.4831824},""EventRecordID"":397537,""Correlation"":{""ActivityID"":""A5D391A9-855E-0006-9098-D3A55E85DC01""},""Execution"":{""ProcessID"":1316,""ThreadID"":17956},""Channel"":""Security"",""Computer"":""HP"",""Security"":{}}","{""SubjectUserSid"":""S-1-5-21-1295389332-1531396733-442933048-1001"",""SubjectUserName"":""lishacarlo16@outlook.com"",""SubjectDomainName"":""MicrosoftAccount"",""SubjectLogonId"":344635193,""PrivilegeList"":""SeSecurityPrivilege\r\n\t\t\tSeTakeOwnershipPrivilege\r\n\t\t\tSeLoadDriverPrivilege\r\n\t\t\tSeBackupPrivilege\r\n\t\t\tSeRestorePrivilege\r\n\t\t\tSeDebugPrivilege\r\n\t\t\tSeSystemEnvironmentPrivilege\r\n\t\t\tSeImpersonatePrivilege\r\n\t\t\tSeDelegateSessionUserImpersonatePrivilege""}","Special privileges assigned to new logon.

Subject:
	Security ID:		S-1-5-21-1295389332-1531396733-442933048-1001
	Account Name:		lishacarlo16@outlook.com
	Account Domain:		MicrosoftAccount
	Logon ID:		344635193

Privileges:		SeSecurityPrivilege
			SeTakeOwnershipPrivilege
			SeLoadDriverPrivilege
			SeBackupPrivilege
			SeRestorePrivilege
			SeDebugPrivilege
			SeSystemEnvironmentPrivilege
			SeImpersonatePrivilege
			SeDelegateSessionUserImpersonatePrivilege
",2026-01-19T14:45:59Z,Security,397537,4672,C:\Windows\System32\winevt\Logs\Security.evtx
"{""Provider"":{""Name"":""Microsoft-Windows-Security-Auditing"",""Guid"":""54849625-5478-4994-A5BA-3E3B0328C30D""},""EventID"":{""Value"":4672},""Version"":0,""Level"":0,""Task"":12548,""Opcode"":0,""Keywords"":9232379236109516800,""TimeCreated"":{""SystemTime"":1768833960.0635552},""EventRecordID"":397551,""Correlation"":{""ActivityID"":""A5D391A9-855E-0006-9098-D3A55E85DC01""},""Execution"":{""ProcessID"":1316,""ThreadID"":17956},""Channel"":""Security"",""Computer"":""HP"",""Security"":{}}","{""SubjectUserSid"":""S-1-5-18"",""SubjectUserName"":""SYSTEM"",""SubjectDomainName"":""NT AUTHORITY"",""SubjectLogonId"":999,""PrivilegeList"":""SeAssignPrimaryTokenPrivilege\r\n\t\t\tSeTcbPrivilege\r\n\t\t\tSeSecurityPrivilege\r\n\t\t\tSeTakeOwnershipPrivilege\r\n\t\t\tSeLoadDriverPrivilege\r\n\t\t\tSeBackupPrivilege\r\n\t\t\tSeRestorePrivilege\r\n\t\t\tSeDebugPrivilege\r\n\t\t\tSeAuditPrivilege\r\n\t\t\tSeSystemEnvironmentPrivilege\r\n\t\t\tSeImpersonatePrivilege\r\n\t\t\tSeDelegateSessionUserImpersonatePrivilege""}","Special privileges assigned to new logon.

Subject:
	Security ID:		S-1-5-18
	Account Name:		SYSTEM
	Account Domain:		NT AUTHORITY
	Logon ID:		999

Privileges:		SeAssignPrimaryTokenPrivilege
			SeTcbPrivilege
			SeSecurityPrivilege
			SeTakeOwnershipPrivilege
			SeLoadDriverPrivilege
			SeBackupPrivilege
			SeRestorePrivilege
			SeDebugPrivilege
			SeAuditPrivilege
			SeSystemEnvironmentPrivilege
			SeImpersonatePrivilege
			SeDelegateSessionUserImpersonatePrivilege
",2026-01-19T14:46:00Z,Security,397551,4672,C:\Windows\System32\winevt\Logs\Security.evtx
"{""Provider"":{""Name"":""Microsoft-Windows-Security-Auditing"",""Guid"":""54849625-5478-4994-A5BA-3E3B0328C30D""},""EventID"":{""Value"":4672},""Version"":0,""Level"":0,""Task"":12548,""Opcode"":0,""Keywords"":9232379236109516800,""TimeCreated"":{""SystemTime"":1768833961.1526048},""EventRecordID"":397564,""Correlation"":{""ActivityID"":""A5D391A9-855E-0006-9098-D3A55E85DC01""},""Execution"":{""ProcessID"":1316,""ThreadID"":17956},""Channel"":""Security"",""Computer"":""HP"",""Security"":{}}","{""SubjectUserSid"":""S-1-5-18"",""SubjectUserName"":""SYSTEM"",""SubjectDomainName"":""NT AUTHORITY"",""SubjectLogonId"":999,""PrivilegeList"":""SeAssignPrimaryTokenPrivilege\r\n\t\t\tSeTcbPrivilege\r\n\t\t\tSeSecurityPrivilege\r\n\t\t\tSeTakeOwnershipPrivilege\r\n\t\t\tSeLoadDriverPrivilege\r\n\t\t\tSeBackupPrivilege\r\n\t\t\tSeRestorePrivilege\r\n\t\t\tSeDebugPrivilege\r\n\t\t\tSeAuditPrivilege\r\n\t\t\tSeSystemEnvironmentPrivilege\r\n\t\t\tSeImpersonatePrivilege\r\n\t\t\tSeDelegateSessionUserImpersonatePrivilege""}","Special privileges assigned to new logon.

Subject:
	Security ID:		S-1-5-18
	Account Name:		SYSTEM
	Account Domain:		NT AUTHORITY
	Logon ID:		999

Privileges:		SeAssignPrimaryTokenPrivilege
			SeTcbPrivilege
			SeSecurityPrivilege
			SeTakeOwnershipPrivilege
			SeLoadDriverPrivilege
			SeBackupPrivilege
			SeRestorePrivilege
			SeDebugPrivilege
			SeAuditPrivilege
			SeSystemEnvironmentPrivilege
			SeImpersonatePrivilege
			SeDelegateSessionUserImpersonatePrivilege
",2026-01-19T14:46:01Z,Security,397564,4672,C:\Windows\System32\winevt\Logs\Security.evtx
"{""Provider"":{""Name"":""Microsoft-Windows-Security-Auditing"",""Guid"":""54849625-5478-4994-A5BA-3E3B0328C30D""},""EventID"":{""Value"":4672},""Version"":0,""Level"":0,""Task"":12548,""Opcode"":0,""Keywords"":9232379236109516800,""TimeCreated"":{""SystemTime"":1768833961.7318833},""EventRecordID"":397566,""Correlation"":{""ActivityID"":""A5D391A9-855E-0006-9098-D3A55E85DC01""},""Execution"":{""ProcessID"":1316,""ThreadID"":24312},""Channel"":""Security"",""Computer"":""HP"",""Security"":{}}","{""SubjectUserSid"":""S-1-5-18"",""SubjectUserName"":""SYSTEM"",""SubjectDomainName"":""NT AUTHORITY"",""SubjectLogonId"":999,""PrivilegeList"":""SeAssignPrimaryTokenPrivilege\r\n\t\t\tSeTcbPrivilege\r\n\t\t\tSeSecurityPrivilege\r\n\t\t\tSeTakeOwnershipPrivilege\r\n\t\t\tSeLoadDriverPrivilege\r\n\t\t\tSeBackupPrivilege\r\n\t\t\tSeRestorePrivilege\r\n\t\t\tSeDebugPrivilege\r\n\t\t\tSeAuditPrivilege\r\n\t\t\tSeSystemEnvironmentPrivilege\r\n\t\t\tSeImpersonatePrivilege\r\n\t\t\tSeDelegateSessionUserImpersonatePrivilege""}","Special privileges assigned to new logon.

Subject:
	Security ID:		S-1-5-18
	Account Name:		SYSTEM
	Account Domain:		NT AUTHORITY
	Logon ID:		999

Privileges:		SeAssignPrimaryTokenPrivilege
			SeTcbPrivilege
			SeSecurityPrivilege
			SeTakeOwnershipPrivilege
			SeLoadDriverPrivilege
			SeBackupPrivilege
			SeRestorePrivilege
			SeDebugPrivilege
			SeAuditPrivilege
			SeSystemEnvironmentPrivilege
			SeImpersonatePrivilege
			SeDelegateSessionUserImpersonatePrivilege
",2026-01-19T14:46:01Z,Security,397566,4672,C:\Windows\System32\winevt\Logs\Security.evtx
"{""Provider"":{""Name"":""Microsoft-Windows-Security-Auditing"",""Guid"":""54849625-5478-4994-A5BA-3E3B0328C30D""},""EventID"":{""Value"":4672},""Version"":0,""Level"":0,""Task"":12548,""Opcode"":0,""Keywords"":9232379236109516800,""TimeCreated"":{""SystemTime"":1768833961.9550192},""EventRecordID"":397569,""Correlation"":{""ActivityID"":""A5D391A9-855E-0006-9098-D3A55E85DC01""},""Execution"":{""ProcessID"":1316,""ThreadID"":20872},""Channel"":""Security"",""Computer"":""HP"",""Security"":{}}","{""SubjectUserSid"":""S-1-5-18"",""SubjectUserName"":""SYSTEM"",""SubjectDomainName"":""NT AUTHORITY"",""SubjectLogonId"":999,""PrivilegeList"":""SeAssignPrimaryTokenPrivilege\r\n\t\t\tSeTcbPrivilege\r\n\t\t\tSeSecurityPrivilege\r\n\t\t\tSeTakeOwnershipPrivilege\r\n\t\t\tSeLoadDriverPrivilege\r\n\t\t\tSeBackupPrivilege\r\n\t\t\tSeRestorePrivilege\r\n\t\t\tSeDebugPrivilege\r\n\t\t\tSeAuditPrivilege\r\n\t\t\tSeSystemEnvironmentPrivilege\r\n\t\t\tSeImpersonatePrivilege\r\n\t\t\tSeDelegateSessionUserImpersonatePrivilege""}","Special privileges assigned to new logon.

Subject:
	Security ID:		S-1-5-18
	Account Name:		SYSTEM
	Account Domain:		NT AUTHORITY
	Logon ID:		999

Privileges:		SeAssignPrimaryTokenPrivilege
			SeTcbPrivilege
			SeSecurityPrivilege
			SeTakeOwnershipPrivilege
			SeLoadDriverPrivilege
			SeBackupPrivilege
			SeRestorePrivilege
			SeDebugPrivilege
			SeAuditPrivilege
			SeSystemEnvironmentPrivilege
			SeImpersonatePrivilege
			SeDelegateSessionUserImpersonatePrivilege
",2026-01-19T14:46:01Z,Security,397569,4672,C:\Windows\System32\winevt\Logs\Security.evtx
"{""Provider"":{""Name"":""Microsoft-Windows-Security-Auditing"",""Guid"":""54849625-5478-4994-A5BA-3E3B0328C30D""},""EventID"":{""Value"":4672},""Version"":0,""Level"":0,""Task"":12548,""Opcode"":0,""Keywords"":9232379236109516800,""TimeCreated"":{""SystemTime"":1768833966.8264737},""EventRecordID"":397587,""Correlation"":{""ActivityID"":""A5D391A9-855E-0006-9098-D3A55E85DC01""},""Execution"":{""ProcessID"":1316,""ThreadID"":20872},""Channel"":""Security"",""Computer"":""HP"",""Security"":{}}","{""SubjectUserSid"":""S-1-5-21-1295389332-1531396733-442933048-1001"",""SubjectUserName"":""lishacarlo16@outlook.com"",""SubjectDomainName"":""MicrosoftAccount"",""SubjectLogonId"":345181673,""PrivilegeList"":""SeSecurityPrivilege\r\n\t\t\tSeTakeOwnershipPrivilege\r\n\t\t\tSeLoadDriverPrivilege\r\n\t\t\tSeBackupPrivilege\r\n\t\t\tSeRestorePrivilege\r\n\t\t\tSeDebugPrivilege\r\n\t\t\tSeSystemEnvironmentPrivilege\r\n\t\t\tSeImpersonatePrivilege\r\n\t\t\tSeDelegateSessionUserImpersonatePrivilege""}","Special privileges assigned to new logon.

Subject:
	Security ID:		S-1-5-21-1295389332-1531396733-442933048-1001
	Account Name:		lishacarlo16@outlook.com
	Account Domain:		MicrosoftAccount
	Logon ID:		345181673

Privileges:		SeSecurityPrivilege
			SeTakeOwnershipPrivilege
			SeLoadDriverPrivilege
			SeBackupPrivilege
			SeRestorePrivilege
			SeDebugPrivilege
			SeSystemEnvironmentPrivilege
			SeImpersonatePrivilege
			SeDelegateSessionUserImpersonatePrivilege
",2026-01-19T14:46:06Z,Security,397587,4672,C:\Windows\System32\winevt\Logs\Security.evtx
"{""Provider"":{""Name"":""Microsoft-Windows-Security-Auditing"",""Guid"":""54849625-5478-4994-A5BA-3E3B0328C30D""},""EventID"":{""Value"":4672},""Version"":0,""Level"":0,""Task"":12548,""Opcode"":0,""Keywords"":9232379236109516800,""TimeCreated"":{""SystemTime"":1768833966.946869},""EventRecordID"":397594,""Correlation"":{},""Execution"":{""ProcessID"":1316,""ThreadID"":4368},""Channel"":""Security"",""Computer"":""HP"",""Security"":{}}","{""SubjectUserSid"":""S-1-5-21-1295389332-1531396733-442933048-1001"",""SubjectUserName"":""lishacarlo16@outlook.com"",""SubjectDomainName"":""MicrosoftAccount"",""SubjectLogonId"":345192323,""PrivilegeList"":""SeSecurityPrivilege\r\n\t\t\tSeTakeOwnershipPrivilege\r\n\t\t\tSeLoadDriverPrivilege\r\n\t\t\tSeBackupPrivilege\r\n\t\t\tSeRestorePrivilege\r\n\t\t\tSeDebugPrivilege\r\n\t\t\tSeSystemEnvironmentPrivilege\r\n\t\t\tSeImpersonatePrivilege\r\n\t\t\tSeDelegateSessionUserImpersonatePrivilege""}","Special privileges assigned to new logon.

Subject:
	Security ID:		S-1-5-21-1295389332-1531396733-442933048-1001
	Account Name:		lishacarlo16@outlook.com
	Account Domain:		MicrosoftAccount
	Logon ID:		345192323

Privileges:		SeSecurityPrivilege
			SeTakeOwnershipPrivilege
			SeLoadDriverPrivilege
			SeBackupPrivilege
			SeRestorePrivilege
			SeDebugPrivilege
			SeSystemEnvironmentPrivilege
			SeImpersonatePrivilege
			SeDelegateSessionUserImpersonatePrivilege
",2026-01-19T14:46:06Z,Security,397594,4672,C:\Windows\System32\winevt\Logs\Security.evtx
"{""Provider"":{""Name"":""Microsoft-Windows-Security-Auditing"",""Guid"":""54849625-5478-4994-A5BA-3E3B0328C30D""},""EventID"":{""Value"":4672},""Version"":0,""Level"":0,""Task"":12548,""Opcode"":0,""Keywords"":9232379236109516800,""TimeCreated"":{""SystemTime"":1768833997.3142464},""EventRecordID"":397646,""Correlation"":{""ActivityID"":""A5D391A9-855E-0006-9098-D3A55E85DC01""},""Execution"":{""ProcessID"":1316,""ThreadID"":24312},""Channel"":""Security"",""Computer"":""HP"",""Security"":{}}","{""SubjectUserSid"":""S-1-5-18"",""SubjectUserName"":""SYSTEM"",""SubjectDomainName"":""NT AUTHORITY"",""SubjectLogonId"":999,""PrivilegeList"":""SeAssignPrimaryTokenPrivilege\r\n\t\t\tSeTcbPrivilege\r\n\t\t\tSeSecurityPrivilege\r\n\t\t\tSeTakeOwnershipPrivilege\r\n\t\t\tSeLoadDriverPrivilege\r\n\t\t\tSeBackupPrivilege\r\n\t\t\tSeRestorePrivilege\r\n\t\t\tSeDebugPrivilege\r\n\t\t\tSeAuditPrivilege\r\n\t\t\tSeSystemEnvironmentPrivilege\r\n\t\t\tSeImpersonatePrivilege\r\n\t\t\tSeDelegateSessionUserImpersonatePrivilege""}","Special privileges assigned to new logon.

Subject:
	Security ID:		S-1-5-18
	Account Name:		SYSTEM
	Account Domain:		NT AUTHORITY
	Logon ID:		999

Privileges:		SeAssignPrimaryTokenPrivilege
			SeTcbPrivilege
			SeSecurityPrivilege
			SeTakeOwnershipPrivilege
			SeLoadDriverPrivilege
			SeBackupPrivilege
			SeRestorePrivilege
			SeDebugPrivilege
			SeAuditPrivilege
			SeSystemEnvironmentPrivilege
			SeImpersonatePrivilege
			SeDelegateSessionUserImpersonatePrivilege
",2026-01-19T14:46:37Z,Security,397646,4672,C:\Windows\System32\winevt\Logs\Security.evtx
"{""Provider"":{""Name"":""Microsoft-Windows-Security-Auditing"",""Guid"":""54849625-5478-4994-A5BA-3E3B0328C30D""},""EventID"":{""Value"":4672},""Version"":0,""Level"":0,""Task"":12548,""Opcode"":0,""Keywords"":9232379236109516800,""TimeCreated"":{""SystemTime"":1768834065.6659489},""EventRecordID"":397710,""Correlation"":{""ActivityID"":""A5D391A9-855E-0006-9098-D3A55E85DC01""},""Execution"":{""ProcessID"":1316,""ThreadID"":24312},""Channel"":""Security"",""Computer"":""HP"",""Security"":{}}","{""SubjectUserSid"":""S-1-5-18"",""SubjectUserName"":""SYSTEM"",""SubjectDomainName"":""NT AUTHORITY"",""SubjectLogonId"":999,""PrivilegeList"":""SeAssignPrimaryTokenPrivilege\r\n\t\t\tSeTcbPrivilege\r\n\t\t\tSeSecurityPrivilege\r\n\t\t\tSeTakeOwnershipPrivilege\r\n\t\t\tSeLoadDriverPrivilege\r\n\t\t\tSeBackupPrivilege\r\n\t\t\tSeRestorePrivilege\r\n\t\t\tSeDebugPrivilege\r\n\t\t\tSeAuditPrivilege\r\n\t\t\tSeSystemEnvironmentPrivilege\r\n\t\t\tSeImpersonatePrivilege\r\n\t\t\tSeDelegateSessionUserImpersonatePrivilege""}","Special privileges assigned to new logon.

Subject:
	Security ID:		S-1-5-18
	Account Name:		SYSTEM
	Account Domain:		NT AUTHORITY
	Logon ID:		999

Privileges:		SeAssignPrimaryTokenPrivilege
			SeTcbPrivilege
			SeSecurityPrivilege
			SeTakeOwnershipPrivilege
			SeLoadDriverPrivilege
			SeBackupPrivilege
			SeRestorePrivilege
			SeDebugPrivilege
			SeAuditPrivilege
			SeSystemEnvironmentPrivilege
			SeImpersonatePrivilege
			SeDelegateSessionUserImpersonatePrivilege
",2026-01-19T14:47:45Z,Security,397710,4672,C:\Windows\System32\winevt\Logs\Security.evtx
"{""Provider"":{""Name"":""Microsoft-Windows-Security-Auditing"",""Guid"":""54849625-5478-4994-A5BA-3E3B0328C30D""},""EventID"":{""Value"":4672},""Version"":0,""Level"":0,""Task"":12548,""Opcode"":0,""Keywords"":9232379236109516800,""TimeCreated"":{""SystemTime"":1768834122.0342095},""EventRecordID"":397712,""Correlation"":{""ActivityID"":""A5D391A9-855E-0006-9098-D3A55E85DC01""},""Execution"":{""ProcessID"":1316,""ThreadID"":24312},""Channel"":""Security"",""Computer"":""HP"",""Security"":{}}","{""SubjectUserSid"":""S-1-5-18"",""SubjectUserName"":""SYSTEM"",""SubjectDomainName"":""NT AUTHORITY"",""SubjectLogonId"":999,""PrivilegeList"":""SeAssignPrimaryTokenPrivilege\r\n\t\t\tSeTcbPrivilege\r\n\t\t\tSeSecurityPrivilege\r\n\t\t\tSeTakeOwnershipPrivilege\r\n\t\t\tSeLoadDriverPrivilege\r\n\t\t\tSeBackupPrivilege\r\n\t\t\tSeRestorePrivilege\r\n\t\t\tSeDebugPrivilege\r\n\t\t\tSeAuditPrivilege\r\n\t\t\tSeSystemEnvironmentPrivilege\r\n\t\t\tSeImpersonatePrivilege\r\n\t\t\tSeDelegateSessionUserImpersonatePrivilege""}","Special privileges assigned to new logon.

Subject:
	Security ID:		S-1-5-18
	Account Name:		SYSTEM
	Account Domain:		NT AUTHORITY
	Logon ID:		999

Privileges:		SeAssignPrimaryTokenPrivilege
			SeTcbPrivilege
			SeSecurityPrivilege
			SeTakeOwnershipPrivilege
			SeLoadDriverPrivilege
			SeBackupPrivilege
			SeRestorePrivilege
			SeDebugPrivilege
			SeAuditPrivilege
			SeSystemEnvironmentPrivilege
			SeImpersonatePrivilege
			SeDelegateSessionUserImpersonatePrivilege
",2026-01-19T14:48:42Z,Security,397712,4672,C:\Windows\System32\winevt\Logs\Security.evtx
"{""Provider"":{""Name"":""Microsoft-Windows-Security-Auditing"",""Guid"":""54849625-5478-4994-A5BA-3E3B0328C30D""},""EventID"":{""Value"":4672},""Version"":0,""Level"":0,""Task"":12548,""Opcode"":0,""Keywords"":9232379236109516800,""TimeCreated"":{""SystemTime"":1768834132.1788576},""EventRecordID"":397784,""Correlation"":{""ActivityID"":""A5D391A9-855E-0006-9098-D3A55E85DC01""},""Execution"":{""ProcessID"":1316,""ThreadID"":17684},""Channel"":""Security"",""Computer"":""HP"",""Security"":{}}","{""SubjectUserSid"":""S-1-5-18"",""SubjectUserName"":""SYSTEM"",""SubjectDomainName"":""NT AUTHORITY"",""SubjectLogonId"":999,""PrivilegeList"":""SeAssignPrimaryTokenPrivilege\r\n\t\t\tSeTcbPrivilege\r\n\t\t\tSeSecurityPrivilege\r\n\t\t\tSeTakeOwnershipPrivilege\r\n\t\t\tSeLoadDriverPrivilege\r\n\t\t\tSeBackupPrivilege\r\n\t\t\tSeRestorePrivilege\r\n\t\t\tSeDebugPrivilege\r\n\t\t\tSeAuditPrivilege\r\n\t\t\tSeSystemEnvironmentPrivilege\r\n\t\t\tSeImpersonatePrivilege\r\n\t\t\tSeDelegateSessionUserImpersonatePrivilege""}","Special privileges assigned to new logon.

Subject:
	Security ID:		S-1-5-18
	Account Name:		SYSTEM
	Account Domain:		NT AUTHORITY
	Logon ID:		999

Privileges:		SeAssignPrimaryTokenPrivilege
			SeTcbPrivilege
			SeSecurityPrivilege
			SeTakeOwnershipPrivilege
			SeLoadDriverPrivilege
			SeBackupPrivilege
			SeRestorePrivilege
			SeDebugPrivilege
			SeAuditPrivilege
			SeSystemEnvironmentPrivilege
			SeImpersonatePrivilege
			SeDelegateSessionUserImpersonatePrivilege
",2026-01-19T14:48:52Z,Security,397784,4672,C:\Windows\System32\winevt\Logs\Security.evtx
"{""Provider"":{""Name"":""Microsoft-Windows-Security-Auditing"",""Guid"":""54849625-5478-4994-A5BA-3E3B0328C30D""},""EventID"":{""Value"":4672},""Version"":0,""Level"":0,""Task"":12548,""Opcode"":0,""Keywords"":9232379236109516800,""TimeCreated"":{""SystemTime"":1768834249.8519392},""EventRecordID"":397787,""Correlation"":{""ActivityID"":""A5D391A9-855E-0006-9098-D3A55E85DC01""},""Execution"":{""ProcessID"":1316,""ThreadID"":24312},""Channel"":""Security"",""Computer"":""HP"",""Security"":{}}","{""SubjectUserSid"":""S-1-5-18"",""SubjectUserName"":""SYSTEM"",""SubjectDomainName"":""NT AUTHORITY"",""SubjectLogonId"":999,""PrivilegeList"":""SeAssignPrimaryTokenPrivilege\r\n\t\t\tSeTcbPrivilege\r\n\t\t\tSeSecurityPrivilege\r\n\t\t\tSeTakeOwnershipPrivilege\r\n\t\t\tSeLoadDriverPrivilege\r\n\t\t\tSeBackupPrivilege\r\n\t\t\tSeRestorePrivilege\r\n\t\t\tSeDebugPrivilege\r\n\t\t\tSeAuditPrivilege\r\n\t\t\tSeSystemEnvironmentPrivilege\r\n\t\t\tSeImpersonatePrivilege\r\n\t\t\tSeDelegateSessionUserImpersonatePrivilege""}","Special privileges assigned to new logon.

Subject:
	Security ID:		S-1-5-18
	Account Name:		SYSTEM
	Account Domain:		NT AUTHORITY
	Logon ID:		999

Privileges:		SeAssignPrimaryTokenPrivilege
			SeTcbPrivilege
			SeSecurityPrivilege
			SeTakeOwnershipPrivilege
			SeLoadDriverPrivilege
			SeBackupPrivilege
			SeRestorePrivilege
			SeDebugPrivilege
			SeAuditPrivilege
			SeSystemEnvironmentPrivilege
			SeImpersonatePrivilege
			SeDelegateSessionUserImpersonatePrivilege
",2026-01-19T14:50:49Z,Security,397787,4672,C:\Windows\System32\winevt\Logs\Security.evtx
"{""Provider"":{""Name"":""Microsoft-Windows-Security-Auditing"",""Guid"":""54849625-5478-4994-A5BA-3E3B0328C30D""},""EventID"":{""Value"":4672},""Version"":0,""Level"":0,""Task"":12548,""Opcode"":0,""Keywords"":9232379236109516800,""TimeCreated"":{""SystemTime"":1768834325.3818624},""EventRecordID"":397798,""Correlation"":{""ActivityID"":""A5D391A9-855E-0006-9098-D3A55E85DC01""},""Execution"":{""ProcessID"":1316,""ThreadID"":17684},""Channel"":""Security"",""Computer"":""HP"",""Security"":{}}","{""SubjectUserSid"":""S-1-5-18"",""SubjectUserName"":""SYSTEM"",""SubjectDomainName"":""NT AUTHORITY"",""SubjectLogonId"":999,""PrivilegeList"":""SeAssignPrimaryTokenPrivilege\r\n\t\t\tSeTcbPrivilege\r\n\t\t\tSeSecurityPrivilege\r\n\t\t\tSeTakeOwnershipPrivilege\r\n\t\t\tSeLoadDriverPrivilege\r\n\t\t\tSeBackupPrivilege\r\n\t\t\tSeRestorePrivilege\r\n\t\t\tSeDebugPrivilege\r\n\t\t\tSeAuditPrivilege\r\n\t\t\tSeSystemEnvironmentPrivilege\r\n\t\t\tSeImpersonatePrivilege\r\n\t\t\tSeDelegateSessionUserImpersonatePrivilege""}","Special privileges assigned to new logon.

Subject:
	Security ID:		S-1-5-18
	Account Name:		SYSTEM
	Account Domain:		NT AUTHORITY
	Logon ID:		999

Privileges:		SeAssignPrimaryTokenPrivilege
			SeTcbPrivilege
			SeSecurityPrivilege
			SeTakeOwnershipPrivilege
			SeLoadDriverPrivilege
			SeBackupPrivilege
			SeRestorePrivilege
			SeDebugPrivilege
			SeAuditPrivilege
			SeSystemEnvironmentPrivilege
			SeImpersonatePrivilege
			SeDelegateSessionUserImpersonatePrivilege
",2026-01-19T14:52:05Z,Security,397798,4672,C:\Windows\System32\winevt\Logs\Security.evtx
"{""Provider"":{""Name"":""Microsoft-Windows-Security-Auditing"",""Guid"":""54849625-5478-4994-A5BA-3E3B0328C30D""},""EventID"":{""Value"":4672},""Version"":0,""Level"":0,""Task"":12548,""Opcode"":0,""Keywords"":9232379236109516800,""TimeCreated"":{""SystemTime"":1768834326.0351584},""EventRecordID"":397800,""Correlation"":{""ActivityID"":""A5D391A9-855E-0006-9098-D3A55E85DC01""},""Execution"":{""ProcessID"":1316,""ThreadID"":24312},""Channel"":""Security"",""Computer"":""HP"",""Security"":{}}","{""SubjectUserSid"":""S-1-5-18"",""SubjectUserName"":""SYSTEM"",""SubjectDomainName"":""NT AUTHORITY"",""SubjectLogonId"":999,""PrivilegeList"":""SeAssignPrimaryTokenPrivilege\r\n\t\t\tSeTcbPrivilege\r\n\t\t\tSeSecurityPrivilege\r\n\t\t\tSeTakeOwnershipPrivilege\r\n\t\t\tSeLoadDriverPrivilege\r\n\t\t\tSeBackupPrivilege\r\n\t\t\tSeRestorePrivilege\r\n\t\t\tSeDebugPrivilege\r\n\t\t\tSeAuditPrivilege\r\n\t\t\tSeSystemEnvironmentPrivilege\r\n\t\t\tSeImpersonatePrivilege\r\n\t\t\tSeDelegateSessionUserImpersonatePrivilege""}","Special privileges assigned to new logon.

Subject:
	Security ID:		S-1-5-18
	Account Name:		SYSTEM
	Account Domain:		NT AUTHORITY
	Logon ID:		999

Privileges:		SeAssignPrimaryTokenPrivilege
			SeTcbPrivilege
			SeSecurityPrivilege
			SeTakeOwnershipPrivilege
			SeLoadDriverPrivilege
			SeBackupPrivilege
			SeRestorePrivilege
			SeDebugPrivilege
			SeAuditPrivilege
			SeSystemEnvironmentPrivilege
			SeImpersonatePrivilege
			SeDelegateSessionUserImpersonatePrivilege
",2026-01-19T14:52:06Z,Security,397800,4672,C:\Windows\System32\winevt\Logs\Security.evtx
