"{""Provider"":{""Name"":""Microsoft-Windows-Security-Auditing"",""Guid"":""54849625-5478-4994-A5BA-3E3B0328C30D""},""EventID"":{""Value"":4672},""Version"":0,""Level"":0,""Task"":12548,""Opcode"":0,""Keywords"":9232379236109516800,""TimeCreated"":{""SystemTime"":1768399483.9967697},""EventRecordID"":363750,""Correlation"":{""ActivityID"":""A5D391A9-855E-0006-9098-D3A55E85DC01""},""Execution"":{""ProcessID"":1316,""ThreadID"":2000},""Channel"":""Security"",""Computer"":""HP"",""Security"":{}}","{""SubjectUserSid"":""S-1-5-18"",""SubjectUserName"":""SYSTEM"",""SubjectDomainName"":""NT AUTHORITY"",""SubjectLogonId"":999,""PrivilegeList"":""SeAssignPrimaryTokenPrivilege\r\n\t\t\tSeTcbPrivilege\r\n\t\t\tSeSecurityPrivilege\r\n\t\t\tSeTakeOwnershipPrivilege\r\n\t\t\tSeLoadDriverPrivilege\r\n\t\t\tSeBackupPrivilege\r\n\t\t\tSeRestorePrivilege\r\n\t\t\tSeDebugPrivilege\r\n\t\t\tSeAuditPrivilege\r\n\t\t\tSeSystemEnvironmentPrivilege\r\n\t\t\tSeImpersonatePrivilege\r\n\t\t\tSeDelegateSessionUserImpersonatePrivilege""}","Special privileges assigned to new logon.

Subject:
	Security ID:		S-1-5-18
	Account Name:		SYSTEM
	Account Domain:		NT AUTHORITY
	Logon ID:		999

Privileges:		SeAssignPrimaryTokenPrivilege
			SeTcbPrivilege
			SeSecurityPrivilege
			SeTakeOwnershipPrivilege
			SeLoadDriverPrivilege
			SeBackupPrivilege
			SeRestorePrivilege
			SeDebugPrivilege
			SeAuditPrivilege
			SeSystemEnvironmentPrivilege
			SeImpersonatePrivilege
			SeDelegateSessionUserImpersonatePrivilege
",2026-01-14T14:04:43Z,Security,363750,4672,C:\Windows\System32\winevt\Logs\Security.evtx
"{""Provider"":{""Name"":""Microsoft-Windows-Security-Auditing"",""Guid"":""54849625-5478-4994-A5BA-3E3B0328C30D""},""EventID"":{""Value"":4672},""Version"":0,""Level"":0,""Task"":12548,""Opcode"":0,""Keywords"":9232379236109516800,""TimeCreated"":{""SystemTime"":1768399484.0001056},""EventRecordID"":363752,""Correlation"":{""ActivityID"":""A5D391A9-855E-0006-9098-D3A55E85DC01""},""Execution"":{""ProcessID"":1316,""ThreadID"":2000},""Channel"":""Security"",""Computer"":""HP"",""Security"":{}}","{""SubjectUserSid"":""S-1-5-18"",""SubjectUserName"":""SYSTEM"",""SubjectDomainName"":""NT AUTHORITY"",""SubjectLogonId"":999,""PrivilegeList"":""SeAssignPrimaryTokenPrivilege\r\n\t\t\tSeTcbPrivilege\r\n\t\t\tSeSecurityPrivilege\r\n\t\t\tSeTakeOwnershipPrivilege\r\n\t\t\tSeLoadDriverPrivilege\r\n\t\t\tSeBackupPrivilege\r\n\t\t\tSeRestorePrivilege\r\n\t\t\tSeDebugPrivilege\r\n\t\t\tSeAuditPrivilege\r\n\t\t\tSeSystemEnvironmentPrivilege\r\n\t\t\tSeImpersonatePrivilege\r\n\t\t\tSeDelegateSessionUserImpersonatePrivilege""}","Special privileges assigned to new logon.

Subject:
	Security ID:		S-1-5-18
	Account Name:		SYSTEM
	Account Domain:		NT AUTHORITY
	Logon ID:		999

Privileges:		SeAssignPrimaryTokenPrivilege
			SeTcbPrivilege
			SeSecurityPrivilege
			SeTakeOwnershipPrivilege
			SeLoadDriverPrivilege
			SeBackupPrivilege
			SeRestorePrivilege
			SeDebugPrivilege
			SeAuditPrivilege
			SeSystemEnvironmentPrivilege
			SeImpersonatePrivilege
			SeDelegateSessionUserImpersonatePrivilege
",2026-01-14T14:04:44Z,Security,363752,4672,C:\Windows\System32\winevt\Logs\Security.evtx
"{""Provider"":{""Name"":""Microsoft-Windows-Security-Auditing"",""Guid"":""54849625-5478-4994-A5BA-3E3B0328C30D""},""EventID"":{""Value"":4672},""Version"":0,""Level"":0,""Task"":12548,""Opcode"":0,""Keywords"":9232379236109516800,""TimeCreated"":{""SystemTime"":1768399484.0326223},""EventRecordID"":363754,""Correlation"":{""ActivityID"":""A5D391A9-855E-0006-9098-D3A55E85DC01""},""Execution"":{""ProcessID"":1316,""ThreadID"":2000},""Channel"":""Security"",""Computer"":""HP"",""Security"":{}}","{""SubjectUserSid"":""S-1-5-18"",""SubjectUserName"":""SYSTEM"",""SubjectDomainName"":""NT AUTHORITY"",""SubjectLogonId"":999,""PrivilegeList"":""SeAssignPrimaryTokenPrivilege\r\n\t\t\tSeTcbPrivilege\r\n\t\t\tSeSecurityPrivilege\r\n\t\t\tSeTakeOwnershipPrivilege\r\n\t\t\tSeLoadDriverPrivilege\r\n\t\t\tSeBackupPrivilege\r\n\t\t\tSeRestorePrivilege\r\n\t\t\tSeDebugPrivilege\r\n\t\t\tSeAuditPrivilege\r\n\t\t\tSeSystemEnvironmentPrivilege\r\n\t\t\tSeImpersonatePrivilege\r\n\t\t\tSeDelegateSessionUserImpersonatePrivilege""}","Special privileges assigned to new logon.

Subject:
	Security ID:		S-1-5-18
	Account Name:		SYSTEM
	Account Domain:		NT AUTHORITY
	Logon ID:		999

Privileges:		SeAssignPrimaryTokenPrivilege
			SeTcbPrivilege
			SeSecurityPrivilege
			SeTakeOwnershipPrivilege
			SeLoadDriverPrivilege
			SeBackupPrivilege
			SeRestorePrivilege
			SeDebugPrivilege
			SeAuditPrivilege
			SeSystemEnvironmentPrivilege
			SeImpersonatePrivilege
			SeDelegateSessionUserImpersonatePrivilege
",2026-01-14T14:04:44Z,Security,363754,4672,C:\Windows\System32\winevt\Logs\Security.evtx
"{""Provider"":{""Name"":""Microsoft-Windows-Security-Auditing"",""Guid"":""54849625-5478-4994-A5BA-3E3B0328C30D""},""EventID"":{""Value"":4672},""Version"":0,""Level"":0,""Task"":12548,""Opcode"":0,""Keywords"":9232379236109516800,""TimeCreated"":{""SystemTime"":1768399484.0357535},""EventRecordID"":363756,""Correlation"":{""ActivityID"":""A5D391A9-855E-0006-9098-D3A55E85DC01""},""Execution"":{""ProcessID"":1316,""ThreadID"":2000},""Channel"":""Security"",""Computer"":""HP"",""Security"":{}}","{""SubjectUserSid"":""S-1-5-18"",""SubjectUserName"":""SYSTEM"",""SubjectDomainName"":""NT AUTHORITY"",""SubjectLogonId"":999,""PrivilegeList"":""SeAssignPrimaryTokenPrivilege\r\n\t\t\tSeTcbPrivilege\r\n\t\t\tSeSecurityPrivilege\r\n\t\t\tSeTakeOwnershipPrivilege\r\n\t\t\tSeLoadDriverPrivilege\r\n\t\t\tSeBackupPrivilege\r\n\t\t\tSeRestorePrivilege\r\n\t\t\tSeDebugPrivilege\r\n\t\t\tSeAuditPrivilege\r\n\t\t\tSeSystemEnvironmentPrivilege\r\n\t\t\tSeImpersonatePrivilege\r\n\t\t\tSeDelegateSessionUserImpersonatePrivilege""}","Special privileges assigned to new logon.

Subject:
	Security ID:		S-1-5-18
	Account Name:		SYSTEM
	Account Domain:		NT AUTHORITY
	Logon ID:		999

Privileges:		SeAssignPrimaryTokenPrivilege
			SeTcbPrivilege
			SeSecurityPrivilege
			SeTakeOwnershipPrivilege
			SeLoadDriverPrivilege
			SeBackupPrivilege
			SeRestorePrivilege
			SeDebugPrivilege
			SeAuditPrivilege
			SeSystemEnvironmentPrivilege
			SeImpersonatePrivilege
			SeDelegateSessionUserImpersonatePrivilege
",2026-01-14T14:04:44Z,Security,363756,4672,C:\Windows\System32\winevt\Logs\Security.evtx
"{""Provider"":{""Name"":""Microsoft-Windows-Security-Auditing"",""Guid"":""54849625-5478-4994-A5BA-3E3B0328C30D""},""EventID"":{""Value"":4672},""Version"":0,""Level"":0,""Task"":12548,""Opcode"":0,""Keywords"":9232379236109516800,""TimeCreated"":{""SystemTime"":1768399484.856712},""EventRecordID"":363765,""Correlation"":{""ActivityID"":""A5D391A9-855E-0006-9098-D3A55E85DC01""},""Execution"":{""ProcessID"":1316,""ThreadID"":1400},""Channel"":""Security"",""Computer"":""HP"",""Security"":{}}","{""SubjectUserSid"":""S-1-5-21-1295389332-1531396733-442933048-1001"",""SubjectUserName"":""lishacarlo16@outlook.com"",""SubjectDomainName"":""MicrosoftAccount"",""SubjectLogonId"":2599409,""PrivilegeList"":""SeSecurityPrivilege\r\n\t\t\tSeTakeOwnershipPrivilege\r\n\t\t\tSeLoadDriverPrivilege\r\n\t\t\tSeBackupPrivilege\r\n\t\t\tSeRestorePrivilege\r\n\t\t\tSeDebugPrivilege\r\n\t\t\tSeSystemEnvironmentPrivilege\r\n\t\t\tSeImpersonatePrivilege\r\n\t\t\tSeDelegateSessionUserImpersonatePrivilege""}","Special privileges assigned to new logon.

Subject:
	Security ID:		S-1-5-21-1295389332-1531396733-442933048-1001
	Account Name:		lishacarlo16@outlook.com
	Account Domain:		MicrosoftAccount
	Logon ID:		2599409

Privileges:		SeSecurityPrivilege
			SeTakeOwnershipPrivilege
			SeLoadDriverPrivilege
			SeBackupPrivilege
			SeRestorePrivilege
			SeDebugPrivilege
			SeSystemEnvironmentPrivilege
			SeImpersonatePrivilege
			SeDelegateSessionUserImpersonatePrivilege
",2026-01-14T14:04:44Z,Security,363765,4672,C:\Windows\System32\winevt\Logs\Security.evtx
"{""Provider"":{""Name"":""Microsoft-Windows-Security-Auditing"",""Guid"":""54849625-5478-4994-A5BA-3E3B0328C30D""},""EventID"":{""Value"":4672},""Version"":0,""Level"":0,""Task"":12548,""Opcode"":0,""Keywords"":9232379236109516800,""TimeCreated"":{""SystemTime"":1768399485.0019617},""EventRecordID"":363772,""Correlation"":{},""Execution"":{""ProcessID"":1316,""ThreadID"":6016},""Channel"":""Security"",""Computer"":""HP"",""Security"":{}}","{""SubjectUserSid"":""S-1-5-21-1295389332-1531396733-442933048-1001"",""SubjectUserName"":""lishacarlo16@outlook.com"",""SubjectDomainName"":""MicrosoftAccount"",""SubjectLogonId"":2608300,""PrivilegeList"":""SeSecurityPrivilege\r\n\t\t\tSeTakeOwnershipPrivilege\r\n\t\t\tSeLoadDriverPrivilege\r\n\t\t\tSeBackupPrivilege\r\n\t\t\tSeRestorePrivilege\r\n\t\t\tSeDebugPrivilege\r\n\t\t\tSeSystemEnvironmentPrivilege\r\n\t\t\tSeImpersonatePrivilege\r\n\t\t\tSeDelegateSessionUserImpersonatePrivilege""}","Special privileges assigned to new logon.

Subject:
	Security ID:		S-1-5-21-1295389332-1531396733-442933048-1001
	Account Name:		lishacarlo16@outlook.com
	Account Domain:		MicrosoftAccount
	Logon ID:		2608300

Privileges:		SeSecurityPrivilege
			SeTakeOwnershipPrivilege
			SeLoadDriverPrivilege
			SeBackupPrivilege
			SeRestorePrivilege
			SeDebugPrivilege
			SeSystemEnvironmentPrivilege
			SeImpersonatePrivilege
			SeDelegateSessionUserImpersonatePrivilege
",2026-01-14T14:04:45Z,Security,363772,4672,C:\Windows\System32\winevt\Logs\Security.evtx
"{""Provider"":{""Name"":""Microsoft-Windows-Security-Auditing"",""Guid"":""54849625-5478-4994-A5BA-3E3B0328C30D""},""EventID"":{""Value"":4672},""Version"":0,""Level"":0,""Task"":12548,""Opcode"":0,""Keywords"":9232379236109516800,""TimeCreated"":{""SystemTime"":1768399509.020075},""EventRecordID"":363990,""Correlation"":{""ActivityID"":""A5D391A9-855E-0006-9098-D3A55E85DC01""},""Execution"":{""ProcessID"":1316,""ThreadID"":1364},""Channel"":""Security"",""Computer"":""HP"",""Security"":{}}","{""SubjectUserSid"":""S-1-5-18"",""SubjectUserName"":""SYSTEM"",""SubjectDomainName"":""NT AUTHORITY"",""SubjectLogonId"":999,""PrivilegeList"":""SeAssignPrimaryTokenPrivilege\r\n\t\t\tSeTcbPrivilege\r\n\t\t\tSeSecurityPrivilege\r\n\t\t\tSeTakeOwnershipPrivilege\r\n\t\t\tSeLoadDriverPrivilege\r\n\t\t\tSeBackupPrivilege\r\n\t\t\tSeRestorePrivilege\r\n\t\t\tSeDebugPrivilege\r\n\t\t\tSeAuditPrivilege\r\n\t\t\tSeSystemEnvironmentPrivilege\r\n\t\t\tSeImpersonatePrivilege\r\n\t\t\tSeDelegateSessionUserImpersonatePrivilege""}","Special privileges assigned to new logon.

Subject:
	Security ID:		S-1-5-18
	Account Name:		SYSTEM
	Account Domain:		NT AUTHORITY
	Logon ID:		999

Privileges:		SeAssignPrimaryTokenPrivilege
			SeTcbPrivilege
			SeSecurityPrivilege
			SeTakeOwnershipPrivilege
			SeLoadDriverPrivilege
			SeBackupPrivilege
			SeRestorePrivilege
			SeDebugPrivilege
			SeAuditPrivilege
			SeSystemEnvironmentPrivilege
			SeImpersonatePrivilege
			SeDelegateSessionUserImpersonatePrivilege
",2026-01-14T14:05:09Z,Security,363990,4672,C:\Windows\System32\winevt\Logs\Security.evtx
"{""Provider"":{""Name"":""Microsoft-Windows-Security-Auditing"",""Guid"":""54849625-5478-4994-A5BA-3E3B0328C30D""},""EventID"":{""Value"":4672},""Version"":0,""Level"":0,""Task"":12548,""Opcode"":0,""Keywords"":9232379236109516800,""TimeCreated"":{""SystemTime"":1768399518.5846992},""EventRecordID"":364428,""Correlation"":{""ActivityID"":""A5D391A9-855E-0006-9098-D3A55E85DC01""},""Execution"":{""ProcessID"":1316,""ThreadID"":2000},""Channel"":""Security"",""Computer"":""HP"",""Security"":{}}","{""SubjectUserSid"":""S-1-5-18"",""SubjectUserName"":""SYSTEM"",""SubjectDomainName"":""NT AUTHORITY"",""SubjectLogonId"":999,""PrivilegeList"":""SeAssignPrimaryTokenPrivilege\r\n\t\t\tSeTcbPrivilege\r\n\t\t\tSeSecurityPrivilege\r\n\t\t\tSeTakeOwnershipPrivilege\r\n\t\t\tSeLoadDriverPrivilege\r\n\t\t\tSeBackupPrivilege\r\n\t\t\tSeRestorePrivilege\r\n\t\t\tSeDebugPrivilege\r\n\t\t\tSeAuditPrivilege\r\n\t\t\tSeSystemEnvironmentPrivilege\r\n\t\t\tSeImpersonatePrivilege\r\n\t\t\tSeDelegateSessionUserImpersonatePrivilege""}","Special privileges assigned to new logon.

Subject:
	Security ID:		S-1-5-18
	Account Name:		SYSTEM
	Account Domain:		NT AUTHORITY
	Logon ID:		999

Privileges:		SeAssignPrimaryTokenPrivilege
			SeTcbPrivilege
			SeSecurityPrivilege
			SeTakeOwnershipPrivilege
			SeLoadDriverPrivilege
			SeBackupPrivilege
			SeRestorePrivilege
			SeDebugPrivilege
			SeAuditPrivilege
			SeSystemEnvironmentPrivilege
			SeImpersonatePrivilege
			SeDelegateSessionUserImpersonatePrivilege
",2026-01-14T14:05:18Z,Security,364428,4672,C:\Windows\System32\winevt\Logs\Security.evtx
"{""Provider"":{""Name"":""Microsoft-Windows-Security-Auditing"",""Guid"":""54849625-5478-4994-A5BA-3E3B0328C30D""},""EventID"":{""Value"":4672},""Version"":0,""Level"":0,""Task"":12548,""Opcode"":0,""Keywords"":9232379236109516800,""TimeCreated"":{""SystemTime"":1768399574.3626657},""EventRecordID"":364701,""Correlation"":{""ActivityID"":""A5D391A9-855E-0006-9098-D3A55E85DC01""},""Execution"":{""ProcessID"":1316,""ThreadID"":1452},""Channel"":""Security"",""Computer"":""HP"",""Security"":{}}","{""SubjectUserSid"":""S-1-5-18"",""SubjectUserName"":""SYSTEM"",""SubjectDomainName"":""NT AUTHORITY"",""SubjectLogonId"":999,""PrivilegeList"":""SeAssignPrimaryTokenPrivilege\r\n\t\t\tSeTcbPrivilege\r\n\t\t\tSeSecurityPrivilege\r\n\t\t\tSeTakeOwnershipPrivilege\r\n\t\t\tSeLoadDriverPrivilege\r\n\t\t\tSeBackupPrivilege\r\n\t\t\tSeRestorePrivilege\r\n\t\t\tSeDebugPrivilege\r\n\t\t\tSeAuditPrivilege\r\n\t\t\tSeSystemEnvironmentPrivilege\r\n\t\t\tSeImpersonatePrivilege\r\n\t\t\tSeDelegateSessionUserImpersonatePrivilege""}","Special privileges assigned to new logon.

Subject:
	Security ID:		S-1-5-18
	Account Name:		SYSTEM
	Account Domain:		NT AUTHORITY
	Logon ID:		999

Privileges:		SeAssignPrimaryTokenPrivilege
			SeTcbPrivilege
			SeSecurityPrivilege
			SeTakeOwnershipPrivilege
			SeLoadDriverPrivilege
			SeBackupPrivilege
			SeRestorePrivilege
			SeDebugPrivilege
			SeAuditPrivilege
			SeSystemEnvironmentPrivilege
			SeImpersonatePrivilege
			SeDelegateSessionUserImpersonatePrivilege
",2026-01-14T14:06:14Z,Security,364701,4672,C:\Windows\System32\winevt\Logs\Security.evtx
"{""Provider"":{""Name"":""Microsoft-Windows-Security-Auditing"",""Guid"":""54849625-5478-4994-A5BA-3E3B0328C30D""},""EventID"":{""Value"":4672},""Version"":0,""Level"":0,""Task"":12548,""Opcode"":0,""Keywords"":9232379236109516800,""TimeCreated"":{""SystemTime"":1768399587.5415936},""EventRecordID"":364703,""Correlation"":{""ActivityID"":""A5D391A9-855E-0006-9098-D3A55E85DC01""},""Execution"":{""ProcessID"":1316,""ThreadID"":1452},""Channel"":""Security"",""Computer"":""HP"",""Security"":{}}","{""SubjectUserSid"":""S-1-5-18"",""SubjectUserName"":""SYSTEM"",""SubjectDomainName"":""NT AUTHORITY"",""SubjectLogonId"":999,""PrivilegeList"":""SeAssignPrimaryTokenPrivilege\r\n\t\t\tSeTcbPrivilege\r\n\t\t\tSeSecurityPrivilege\r\n\t\t\tSeTakeOwnershipPrivilege\r\n\t\t\tSeLoadDriverPrivilege\r\n\t\t\tSeBackupPrivilege\r\n\t\t\tSeRestorePrivilege\r\n\t\t\tSeDebugPrivilege\r\n\t\t\tSeAuditPrivilege\r\n\t\t\tSeSystemEnvironmentPrivilege\r\n\t\t\tSeImpersonatePrivilege\r\n\t\t\tSeDelegateSessionUserImpersonatePrivilege""}","Special privileges assigned to new logon.

Subject:
	Security ID:		S-1-5-18
	Account Name:		SYSTEM
	Account Domain:		NT AUTHORITY
	Logon ID:		999

Privileges:		SeAssignPrimaryTokenPrivilege
			SeTcbPrivilege
			SeSecurityPrivilege
			SeTakeOwnershipPrivilege
			SeLoadDriverPrivilege
			SeBackupPrivilege
			SeRestorePrivilege
			SeDebugPrivilege
			SeAuditPrivilege
			SeSystemEnvironmentPrivilege
			SeImpersonatePrivilege
			SeDelegateSessionUserImpersonatePrivilege
",2026-01-14T14:06:27Z,Security,364703,4672,C:\Windows\System32\winevt\Logs\Security.evtx
"{""Provider"":{""Name"":""Microsoft-Windows-Security-Auditing"",""Guid"":""54849625-5478-4994-A5BA-3E3B0328C30D""},""EventID"":{""Value"":4672},""Version"":0,""Level"":0,""Task"":12548,""Opcode"":0,""Keywords"":9232379236109516800,""TimeCreated"":{""SystemTime"":1768399589.1303265},""EventRecordID"":364705,""Correlation"":{""ActivityID"":""A5D391A9-855E-0006-9098-D3A55E85DC01""},""Execution"":{""ProcessID"":1316,""ThreadID"":1452},""Channel"":""Security"",""Computer"":""HP"",""Security"":{}}","{""SubjectUserSid"":""S-1-5-18"",""SubjectUserName"":""SYSTEM"",""SubjectDomainName"":""NT AUTHORITY"",""SubjectLogonId"":999,""PrivilegeList"":""SeAssignPrimaryTokenPrivilege\r\n\t\t\tSeTcbPrivilege\r\n\t\t\tSeSecurityPrivilege\r\n\t\t\tSeTakeOwnershipPrivilege\r\n\t\t\tSeLoadDriverPrivilege\r\n\t\t\tSeBackupPrivilege\r\n\t\t\tSeRestorePrivilege\r\n\t\t\tSeDebugPrivilege\r\n\t\t\tSeAuditPrivilege\r\n\t\t\tSeSystemEnvironmentPrivilege\r\n\t\t\tSeImpersonatePrivilege\r\n\t\t\tSeDelegateSessionUserImpersonatePrivilege""}","Special privileges assigned to new logon.

Subject:
	Security ID:		S-1-5-18
	Account Name:		SYSTEM
	Account Domain:		NT AUTHORITY
	Logon ID:		999

Privileges:		SeAssignPrimaryTokenPrivilege
			SeTcbPrivilege
			SeSecurityPrivilege
			SeTakeOwnershipPrivilege
			SeLoadDriverPrivilege
			SeBackupPrivilege
			SeRestorePrivilege
			SeDebugPrivilege
			SeAuditPrivilege
			SeSystemEnvironmentPrivilege
			SeImpersonatePrivilege
			SeDelegateSessionUserImpersonatePrivilege
",2026-01-14T14:06:29Z,Security,364705,4672,C:\Windows\System32\winevt\Logs\Security.evtx
"{""Provider"":{""Name"":""Microsoft-Windows-Security-Auditing"",""Guid"":""54849625-5478-4994-A5BA-3E3B0328C30D""},""EventID"":{""Value"":4672},""Version"":0,""Level"":0,""Task"":12548,""Opcode"":0,""Keywords"":9232379236109516800,""TimeCreated"":{""SystemTime"":1768399589.3851984},""EventRecordID"":364707,""Correlation"":{""ActivityID"":""A5D391A9-855E-0006-9098-D3A55E85DC01""},""Execution"":{""ProcessID"":1316,""ThreadID"":1372},""Channel"":""Security"",""Computer"":""HP"",""Security"":{}}","{""SubjectUserSid"":""S-1-5-18"",""SubjectUserName"":""SYSTEM"",""SubjectDomainName"":""NT AUTHORITY"",""SubjectLogonId"":999,""PrivilegeList"":""SeAssignPrimaryTokenPrivilege\r\n\t\t\tSeTcbPrivilege\r\n\t\t\tSeSecurityPrivilege\r\n\t\t\tSeTakeOwnershipPrivilege\r\n\t\t\tSeLoadDriverPrivilege\r\n\t\t\tSeBackupPrivilege\r\n\t\t\tSeRestorePrivilege\r\n\t\t\tSeDebugPrivilege\r\n\t\t\tSeAuditPrivilege\r\n\t\t\tSeSystemEnvironmentPrivilege\r\n\t\t\tSeImpersonatePrivilege\r\n\t\t\tSeDelegateSessionUserImpersonatePrivilege""}","Special privileges assigned to new logon.

Subject:
	Security ID:		S-1-5-18
	Account Name:		SYSTEM
	Account Domain:		NT AUTHORITY
	Logon ID:		999

Privileges:		SeAssignPrimaryTokenPrivilege
			SeTcbPrivilege
			SeSecurityPrivilege
			SeTakeOwnershipPrivilege
			SeLoadDriverPrivilege
			SeBackupPrivilege
			SeRestorePrivilege
			SeDebugPrivilege
			SeAuditPrivilege
			SeSystemEnvironmentPrivilege
			SeImpersonatePrivilege
			SeDelegateSessionUserImpersonatePrivilege
",2026-01-14T14:06:29Z,Security,364707,4672,C:\Windows\System32\winevt\Logs\Security.evtx
"{""Provider"":{""Name"":""Microsoft-Windows-Security-Auditing"",""Guid"":""54849625-5478-4994-A5BA-3E3B0328C30D""},""EventID"":{""Value"":4672},""Version"":0,""Level"":0,""Task"":12548,""Opcode"":0,""Keywords"":9232379236109516800,""TimeCreated"":{""SystemTime"":1768399589.6264768},""EventRecordID"":364709,""Correlation"":{""ActivityID"":""A5D391A9-855E-0006-9098-D3A55E85DC01""},""Execution"":{""ProcessID"":1316,""ThreadID"":1372},""Channel"":""Security"",""Computer"":""HP"",""Security"":{}}","{""SubjectUserSid"":""S-1-5-18"",""SubjectUserName"":""SYSTEM"",""SubjectDomainName"":""NT AUTHORITY"",""SubjectLogonId"":999,""PrivilegeList"":""SeAssignPrimaryTokenPrivilege\r\n\t\t\tSeTcbPrivilege\r\n\t\t\tSeSecurityPrivilege\r\n\t\t\tSeTakeOwnershipPrivilege\r\n\t\t\tSeLoadDriverPrivilege\r\n\t\t\tSeBackupPrivilege\r\n\t\t\tSeRestorePrivilege\r\n\t\t\tSeDebugPrivilege\r\n\t\t\tSeAuditPrivilege\r\n\t\t\tSeSystemEnvironmentPrivilege\r\n\t\t\tSeImpersonatePrivilege\r\n\t\t\tSeDelegateSessionUserImpersonatePrivilege""}","Special privileges assigned to new logon.

Subject:
	Security ID:		S-1-5-18
	Account Name:		SYSTEM
	Account Domain:		NT AUTHORITY
	Logon ID:		999

Privileges:		SeAssignPrimaryTokenPrivilege
			SeTcbPrivilege
			SeSecurityPrivilege
			SeTakeOwnershipPrivilege
			SeLoadDriverPrivilege
			SeBackupPrivilege
			SeRestorePrivilege
			SeDebugPrivilege
			SeAuditPrivilege
			SeSystemEnvironmentPrivilege
			SeImpersonatePrivilege
			SeDelegateSessionUserImpersonatePrivilege
",2026-01-14T14:06:29Z,Security,364709,4672,C:\Windows\System32\winevt\Logs\Security.evtx
"{""Provider"":{""Name"":""Microsoft-Windows-Security-Auditing"",""Guid"":""54849625-5478-4994-A5BA-3E3B0328C30D""},""EventID"":{""Value"":4672},""Version"":0,""Level"":0,""Task"":12548,""Opcode"":0,""Keywords"":9232379236109516800,""TimeCreated"":{""SystemTime"":1768399589.9016223},""EventRecordID"":364711,""Correlation"":{""ActivityID"":""A5D391A9-855E-0006-9098-D3A55E85DC01""},""Execution"":{""ProcessID"":1316,""ThreadID"":1364},""Channel"":""Security"",""Computer"":""HP"",""Security"":{}}","{""SubjectUserSid"":""S-1-5-18"",""SubjectUserName"":""SYSTEM"",""SubjectDomainName"":""NT AUTHORITY"",""SubjectLogonId"":999,""PrivilegeList"":""SeAssignPrimaryTokenPrivilege\r\n\t\t\tSeTcbPrivilege\r\n\t\t\tSeSecurityPrivilege\r\n\t\t\tSeTakeOwnershipPrivilege\r\n\t\t\tSeLoadDriverPrivilege\r\n\t\t\tSeBackupPrivilege\r\n\t\t\tSeRestorePrivilege\r\n\t\t\tSeDebugPrivilege\r\n\t\t\tSeAuditPrivilege\r\n\t\t\tSeSystemEnvironmentPrivilege\r\n\t\t\tSeImpersonatePrivilege\r\n\t\t\tSeDelegateSessionUserImpersonatePrivilege""}","Special privileges assigned to new logon.

Subject:
	Security ID:		S-1-5-18
	Account Name:		SYSTEM
	Account Domain:		NT AUTHORITY
	Logon ID:		999

Privileges:		SeAssignPrimaryTokenPrivilege
			SeTcbPrivilege
			SeSecurityPrivilege
			SeTakeOwnershipPrivilege
			SeLoadDriverPrivilege
			SeBackupPrivilege
			SeRestorePrivilege
			SeDebugPrivilege
			SeAuditPrivilege
			SeSystemEnvironmentPrivilege
			SeImpersonatePrivilege
			SeDelegateSessionUserImpersonatePrivilege
",2026-01-14T14:06:29Z,Security,364711,4672,C:\Windows\System32\winevt\Logs\Security.evtx
"{""Provider"":{""Name"":""Microsoft-Windows-Security-Auditing"",""Guid"":""54849625-5478-4994-A5BA-3E3B0328C30D""},""EventID"":{""Value"":4672},""Version"":0,""Level"":0,""Task"":12548,""Opcode"":0,""Keywords"":9232379236109516800,""TimeCreated"":{""SystemTime"":1768399601.6375089},""EventRecordID"":364720,""Correlation"":{""ActivityID"":""A5D391A9-855E-0006-9098-D3A55E85DC01""},""Execution"":{""ProcessID"":1316,""ThreadID"":1372},""Channel"":""Security"",""Computer"":""HP"",""Security"":{}}","{""SubjectUserSid"":""S-1-5-18"",""SubjectUserName"":""SYSTEM"",""SubjectDomainName"":""NT AUTHORITY"",""SubjectLogonId"":999,""PrivilegeList"":""SeAssignPrimaryTokenPrivilege\r\n\t\t\tSeTcbPrivilege\r\n\t\t\tSeSecurityPrivilege\r\n\t\t\tSeTakeOwnershipPrivilege\r\n\t\t\tSeLoadDriverPrivilege\r\n\t\t\tSeBackupPrivilege\r\n\t\t\tSeRestorePrivilege\r\n\t\t\tSeDebugPrivilege\r\n\t\t\tSeAuditPrivilege\r\n\t\t\tSeSystemEnvironmentPrivilege\r\n\t\t\tSeImpersonatePrivilege\r\n\t\t\tSeDelegateSessionUserImpersonatePrivilege""}","Special privileges assigned to new logon.

Subject:
	Security ID:		S-1-5-18
	Account Name:		SYSTEM
	Account Domain:		NT AUTHORITY
	Logon ID:		999

Privileges:		SeAssignPrimaryTokenPrivilege
			SeTcbPrivilege
			SeSecurityPrivilege
			SeTakeOwnershipPrivilege
			SeLoadDriverPrivilege
			SeBackupPrivilege
			SeRestorePrivilege
			SeDebugPrivilege
			SeAuditPrivilege
			SeSystemEnvironmentPrivilege
			SeImpersonatePrivilege
			SeDelegateSessionUserImpersonatePrivilege
",2026-01-14T14:06:41Z,Security,364720,4672,C:\Windows\System32\winevt\Logs\Security.evtx
"{""Provider"":{""Name"":""Microsoft-Windows-Security-Auditing"",""Guid"":""54849625-5478-4994-A5BA-3E3B0328C30D""},""EventID"":{""Value"":4672},""Version"":0,""Level"":0,""Task"":12548,""Opcode"":0,""Keywords"":9232379236109516800,""TimeCreated"":{""SystemTime"":1768399659.7833664},""EventRecordID"":365051,""Correlation"":{""ActivityID"":""A5D391A9-855E-0006-9098-D3A55E85DC01""},""Execution"":{""ProcessID"":1316,""ThreadID"":12472},""Channel"":""Security"",""Computer"":""HP"",""Security"":{}}","{""SubjectUserSid"":""S-1-5-18"",""SubjectUserName"":""SYSTEM"",""SubjectDomainName"":""NT AUTHORITY"",""SubjectLogonId"":999,""PrivilegeList"":""SeAssignPrimaryTokenPrivilege\r\n\t\t\tSeTcbPrivilege\r\n\t\t\tSeSecurityPrivilege\r\n\t\t\tSeTakeOwnershipPrivilege\r\n\t\t\tSeLoadDriverPrivilege\r\n\t\t\tSeBackupPrivilege\r\n\t\t\tSeRestorePrivilege\r\n\t\t\tSeDebugPrivilege\r\n\t\t\tSeAuditPrivilege\r\n\t\t\tSeSystemEnvironmentPrivilege\r\n\t\t\tSeImpersonatePrivilege\r\n\t\t\tSeDelegateSessionUserImpersonatePrivilege""}","Special privileges assigned to new logon.

Subject:
	Security ID:		S-1-5-18
	Account Name:		SYSTEM
	Account Domain:		NT AUTHORITY
	Logon ID:		999

Privileges:		SeAssignPrimaryTokenPrivilege
			SeTcbPrivilege
			SeSecurityPrivilege
			SeTakeOwnershipPrivilege
			SeLoadDriverPrivilege
			SeBackupPrivilege
			SeRestorePrivilege
			SeDebugPrivilege
			SeAuditPrivilege
			SeSystemEnvironmentPrivilege
			SeImpersonatePrivilege
			SeDelegateSessionUserImpersonatePrivilege
",2026-01-14T14:07:39Z,Security,365051,4672,C:\Windows\System32\winevt\Logs\Security.evtx
"{""Provider"":{""Name"":""Microsoft-Windows-Security-Auditing"",""Guid"":""54849625-5478-4994-A5BA-3E3B0328C30D""},""EventID"":{""Value"":4672},""Version"":0,""Level"":0,""Task"":12548,""Opcode"":0,""Keywords"":9232379236109516800,""TimeCreated"":{""SystemTime"":1768399672.674611},""EventRecordID"":365131,""Correlation"":{""ActivityID"":""A5D391A9-855E-0006-9098-D3A55E85DC01""},""Execution"":{""ProcessID"":1316,""ThreadID"":1364},""Channel"":""Security"",""Computer"":""HP"",""Security"":{}}","{""SubjectUserSid"":""S-1-5-18"",""SubjectUserName"":""SYSTEM"",""SubjectDomainName"":""NT AUTHORITY"",""SubjectLogonId"":999,""PrivilegeList"":""SeAssignPrimaryTokenPrivilege\r\n\t\t\tSeTcbPrivilege\r\n\t\t\tSeSecurityPrivilege\r\n\t\t\tSeTakeOwnershipPrivilege\r\n\t\t\tSeLoadDriverPrivilege\r\n\t\t\tSeBackupPrivilege\r\n\t\t\tSeRestorePrivilege\r\n\t\t\tSeDebugPrivilege\r\n\t\t\tSeAuditPrivilege\r\n\t\t\tSeSystemEnvironmentPrivilege\r\n\t\t\tSeImpersonatePrivilege\r\n\t\t\tSeDelegateSessionUserImpersonatePrivilege""}","Special privileges assigned to new logon.

Subject:
	Security ID:		S-1-5-18
	Account Name:		SYSTEM
	Account Domain:		NT AUTHORITY
	Logon ID:		999

Privileges:		SeAssignPrimaryTokenPrivilege
			SeTcbPrivilege
			SeSecurityPrivilege
			SeTakeOwnershipPrivilege
			SeLoadDriverPrivilege
			SeBackupPrivilege
			SeRestorePrivilege
			SeDebugPrivilege
			SeAuditPrivilege
			SeSystemEnvironmentPrivilege
			SeImpersonatePrivilege
			SeDelegateSessionUserImpersonatePrivilege
",2026-01-14T14:07:52Z,Security,365131,4672,C:\Windows\System32\winevt\Logs\Security.evtx
"{""Provider"":{""Name"":""Microsoft-Windows-Security-Auditing"",""Guid"":""54849625-5478-4994-A5BA-3E3B0328C30D""},""EventID"":{""Value"":4672},""Version"":0,""Level"":0,""Task"":12548,""Opcode"":0,""Keywords"":9232379236109516800,""TimeCreated"":{""SystemTime"":1768399788.5560513},""EventRecordID"":365282,""Correlation"":{""ActivityID"":""A5D391A9-855E-0006-9098-D3A55E85DC01""},""Execution"":{""ProcessID"":1316,""ThreadID"":1364},""Channel"":""Security"",""Computer"":""HP"",""Security"":{}}","{""SubjectUserSid"":""S-1-5-18"",""SubjectUserName"":""SYSTEM"",""SubjectDomainName"":""NT AUTHORITY"",""SubjectLogonId"":999,""PrivilegeList"":""SeAssignPrimaryTokenPrivilege\r\n\t\t\tSeTcbPrivilege\r\n\t\t\tSeSecurityPrivilege\r\n\t\t\tSeTakeOwnershipPrivilege\r\n\t\t\tSeLoadDriverPrivilege\r\n\t\t\tSeBackupPrivilege\r\n\t\t\tSeRestorePrivilege\r\n\t\t\tSeDebugPrivilege\r\n\t\t\tSeAuditPrivilege\r\n\t\t\tSeSystemEnvironmentPrivilege\r\n\t\t\tSeImpersonatePrivilege\r\n\t\t\tSeDelegateSessionUserImpersonatePrivilege""}","Special privileges assigned to new logon.

Subject:
	Security ID:		S-1-5-18
	Account Name:		SYSTEM
	Account Domain:		NT AUTHORITY
	Logon ID:		999

Privileges:		SeAssignPrimaryTokenPrivilege
			SeTcbPrivilege
			SeSecurityPrivilege
			SeTakeOwnershipPrivilege
			SeLoadDriverPrivilege
			SeBackupPrivilege
			SeRestorePrivilege
			SeDebugPrivilege
			SeAuditPrivilege
			SeSystemEnvironmentPrivilege
			SeImpersonatePrivilege
			SeDelegateSessionUserImpersonatePrivilege
",2026-01-14T14:09:48Z,Security,365282,4672,C:\Windows\System32\winevt\Logs\Security.evtx
"{""Provider"":{""Name"":""Microsoft-Windows-Security-Auditing"",""Guid"":""54849625-5478-4994-A5BA-3E3B0328C30D""},""EventID"":{""Value"":4672},""Version"":0,""Level"":0,""Task"":12548,""Opcode"":0,""Keywords"":9232379236109516800,""TimeCreated"":{""SystemTime"":1768399970.9761584},""EventRecordID"":365508,""Correlation"":{""ActivityID"":""A5D391A9-855E-0006-9098-D3A55E85DC01""},""Execution"":{""ProcessID"":1316,""ThreadID"":3096},""Channel"":""Security"",""Computer"":""HP"",""Security"":{}}","{""SubjectUserSid"":""S-1-5-18"",""SubjectUserName"":""SYSTEM"",""SubjectDomainName"":""NT AUTHORITY"",""SubjectLogonId"":999,""PrivilegeList"":""SeAssignPrimaryTokenPrivilege\r\n\t\t\tSeTcbPrivilege\r\n\t\t\tSeSecurityPrivilege\r\n\t\t\tSeTakeOwnershipPrivilege\r\n\t\t\tSeLoadDriverPrivilege\r\n\t\t\tSeBackupPrivilege\r\n\t\t\tSeRestorePrivilege\r\n\t\t\tSeDebugPrivilege\r\n\t\t\tSeAuditPrivilege\r\n\t\t\tSeSystemEnvironmentPrivilege\r\n\t\t\tSeImpersonatePrivilege\r\n\t\t\tSeDelegateSessionUserImpersonatePrivilege""}","Special privileges assigned to new logon.

Subject:
	Security ID:		S-1-5-18
	Account Name:		SYSTEM
	Account Domain:		NT AUTHORITY
	Logon ID:		999

Privileges:		SeAssignPrimaryTokenPrivilege
			SeTcbPrivilege
			SeSecurityPrivilege
			SeTakeOwnershipPrivilege
			SeLoadDriverPrivilege
			SeBackupPrivilege
			SeRestorePrivilege
			SeDebugPrivilege
			SeAuditPrivilege
			SeSystemEnvironmentPrivilege
			SeImpersonatePrivilege
			SeDelegateSessionUserImpersonatePrivilege
",2026-01-14T14:12:50Z,Security,365508,4672,C:\Windows\System32\winevt\Logs\Security.evtx
"{""Provider"":{""Name"":""Microsoft-Windows-Security-Auditing"",""Guid"":""54849625-5478-4994-A5BA-3E3B0328C30D""},""EventID"":{""Value"":4672},""Version"":0,""Level"":0,""Task"":12548,""Opcode"":0,""Keywords"":9232379236109516800,""TimeCreated"":{""SystemTime"":1768400010.1259391},""EventRecordID"":365526,""Correlation"":{""ActivityID"":""A5D391A9-855E-0006-9098-D3A55E85DC01""},""Execution"":{""ProcessID"":1316,""ThreadID"":1364},""Channel"":""Security"",""Computer"":""HP"",""Security"":{}}","{""SubjectUserSid"":""S-1-5-18"",""SubjectUserName"":""SYSTEM"",""SubjectDomainName"":""NT AUTHORITY"",""SubjectLogonId"":999,""PrivilegeList"":""SeAssignPrimaryTokenPrivilege\r\n\t\t\tSeTcbPrivilege\r\n\t\t\tSeSecurityPrivilege\r\n\t\t\tSeTakeOwnershipPrivilege\r\n\t\t\tSeLoadDriverPrivilege\r\n\t\t\tSeBackupPrivilege\r\n\t\t\tSeRestorePrivilege\r\n\t\t\tSeDebugPrivilege\r\n\t\t\tSeAuditPrivilege\r\n\t\t\tSeSystemEnvironmentPrivilege\r\n\t\t\tSeImpersonatePrivilege\r\n\t\t\tSeDelegateSessionUserImpersonatePrivilege""}","Special privileges assigned to new logon.

Subject:
	Security ID:		S-1-5-18
	Account Name:		SYSTEM
	Account Domain:		NT AUTHORITY
	Logon ID:		999

Privileges:		SeAssignPrimaryTokenPrivilege
			SeTcbPrivilege
			SeSecurityPrivilege
			SeTakeOwnershipPrivilege
			SeLoadDriverPrivilege
			SeBackupPrivilege
			SeRestorePrivilege
			SeDebugPrivilege
			SeAuditPrivilege
			SeSystemEnvironmentPrivilege
			SeImpersonatePrivilege
			SeDelegateSessionUserImpersonatePrivilege
",2026-01-14T14:13:30Z,Security,365526,4672,C:\Windows\System32\winevt\Logs\Security.evtx
"{""Provider"":{""Name"":""Microsoft-Windows-Security-Auditing"",""Guid"":""54849625-5478-4994-A5BA-3E3B0328C30D""},""EventID"":{""Value"":4672},""Version"":0,""Level"":0,""Task"":12548,""Opcode"":0,""Keywords"":9232379236109516800,""TimeCreated"":{""SystemTime"":1768400019.4898367},""EventRecordID"":365553,""Correlation"":{""ActivityID"":""A5D391A9-855E-0006-9098-D3A55E85DC01""},""Execution"":{""ProcessID"":1316,""ThreadID"":1452},""Channel"":""Security"",""Computer"":""HP"",""Security"":{}}","{""SubjectUserSid"":""S-1-5-18"",""SubjectUserName"":""SYSTEM"",""SubjectDomainName"":""NT AUTHORITY"",""SubjectLogonId"":999,""PrivilegeList"":""SeAssignPrimaryTokenPrivilege\r\n\t\t\tSeTcbPrivilege\r\n\t\t\tSeSecurityPrivilege\r\n\t\t\tSeTakeOwnershipPrivilege\r\n\t\t\tSeLoadDriverPrivilege\r\n\t\t\tSeBackupPrivilege\r\n\t\t\tSeRestorePrivilege\r\n\t\t\tSeDebugPrivilege\r\n\t\t\tSeAuditPrivilege\r\n\t\t\tSeSystemEnvironmentPrivilege\r\n\t\t\tSeImpersonatePrivilege\r\n\t\t\tSeDelegateSessionUserImpersonatePrivilege""}","Special privileges assigned to new logon.

Subject:
	Security ID:		S-1-5-18
	Account Name:		SYSTEM
	Account Domain:		NT AUTHORITY
	Logon ID:		999

Privileges:		SeAssignPrimaryTokenPrivilege
			SeTcbPrivilege
			SeSecurityPrivilege
			SeTakeOwnershipPrivilege
			SeLoadDriverPrivilege
			SeBackupPrivilege
			SeRestorePrivilege
			SeDebugPrivilege
			SeAuditPrivilege
			SeSystemEnvironmentPrivilege
			SeImpersonatePrivilege
			SeDelegateSessionUserImpersonatePrivilege
",2026-01-14T14:13:39Z,Security,365553,4672,C:\Windows\System32\winevt\Logs\Security.evtx
"{""Provider"":{""Name"":""Microsoft-Windows-Security-Auditing"",""Guid"":""54849625-5478-4994-A5BA-3E3B0328C30D""},""EventID"":{""Value"":4672},""Version"":0,""Level"":0,""Task"":12548,""Opcode"":0,""Keywords"":9232379236109516800,""TimeCreated"":{""SystemTime"":1768400031.0538416},""EventRecordID"":365557,""Correlation"":{""ActivityID"":""A5D391A9-855E-0006-9098-D3A55E85DC01""},""Execution"":{""ProcessID"":1316,""ThreadID"":1452},""Channel"":""Security"",""Computer"":""HP"",""Security"":{}}","{""SubjectUserSid"":""S-1-5-18"",""SubjectUserName"":""SYSTEM"",""SubjectDomainName"":""NT AUTHORITY"",""SubjectLogonId"":999,""PrivilegeList"":""SeAssignPrimaryTokenPrivilege\r\n\t\t\tSeTcbPrivilege\r\n\t\t\tSeSecurityPrivilege\r\n\t\t\tSeTakeOwnershipPrivilege\r\n\t\t\tSeLoadDriverPrivilege\r\n\t\t\tSeBackupPrivilege\r\n\t\t\tSeRestorePrivilege\r\n\t\t\tSeDebugPrivilege\r\n\t\t\tSeAuditPrivilege\r\n\t\t\tSeSystemEnvironmentPrivilege\r\n\t\t\tSeImpersonatePrivilege\r\n\t\t\tSeDelegateSessionUserImpersonatePrivilege""}","Special privileges assigned to new logon.

Subject:
	Security ID:		S-1-5-18
	Account Name:		SYSTEM
	Account Domain:		NT AUTHORITY
	Logon ID:		999

Privileges:		SeAssignPrimaryTokenPrivilege
			SeTcbPrivilege
			SeSecurityPrivilege
			SeTakeOwnershipPrivilege
			SeLoadDriverPrivilege
			SeBackupPrivilege
			SeRestorePrivilege
			SeDebugPrivilege
			SeAuditPrivilege
			SeSystemEnvironmentPrivilege
			SeImpersonatePrivilege
			SeDelegateSessionUserImpersonatePrivilege
",2026-01-14T14:13:51Z,Security,365557,4672,C:\Windows\System32\winevt\Logs\Security.evtx
"{""Provider"":{""Name"":""Microsoft-Windows-Security-Auditing"",""Guid"":""54849625-5478-4994-A5BA-3E3B0328C30D""},""EventID"":{""Value"":4672},""Version"":0,""Level"":0,""Task"":12548,""Opcode"":0,""Keywords"":9232379236109516800,""TimeCreated"":{""SystemTime"":1768400055.4248416},""EventRecordID"":365559,""Correlation"":{""ActivityID"":""A5D391A9-855E-0006-9098-D3A55E85DC01""},""Execution"":{""ProcessID"":1316,""ThreadID"":1364},""Channel"":""Security"",""Computer"":""HP"",""Security"":{}}","{""SubjectUserSid"":""S-1-5-18"",""SubjectUserName"":""SYSTEM"",""SubjectDomainName"":""NT AUTHORITY"",""SubjectLogonId"":999,""PrivilegeList"":""SeAssignPrimaryTokenPrivilege\r\n\t\t\tSeTcbPrivilege\r\n\t\t\tSeSecurityPrivilege\r\n\t\t\tSeTakeOwnershipPrivilege\r\n\t\t\tSeLoadDriverPrivilege\r\n\t\t\tSeBackupPrivilege\r\n\t\t\tSeRestorePrivilege\r\n\t\t\tSeDebugPrivilege\r\n\t\t\tSeAuditPrivilege\r\n\t\t\tSeSystemEnvironmentPrivilege\r\n\t\t\tSeImpersonatePrivilege\r\n\t\t\tSeDelegateSessionUserImpersonatePrivilege""}","Special privileges assigned to new logon.

Subject:
	Security ID:		S-1-5-18
	Account Name:		SYSTEM
	Account Domain:		NT AUTHORITY
	Logon ID:		999

Privileges:		SeAssignPrimaryTokenPrivilege
			SeTcbPrivilege
			SeSecurityPrivilege
			SeTakeOwnershipPrivilege
			SeLoadDriverPrivilege
			SeBackupPrivilege
			SeRestorePrivilege
			SeDebugPrivilege
			SeAuditPrivilege
			SeSystemEnvironmentPrivilege
			SeImpersonatePrivilege
			SeDelegateSessionUserImpersonatePrivilege
",2026-01-14T14:14:15Z,Security,365559,4672,C:\Windows\System32\winevt\Logs\Security.evtx
"{""Provider"":{""Name"":""Microsoft-Windows-Security-Auditing"",""Guid"":""54849625-5478-4994-A5BA-3E3B0328C30D""},""EventID"":{""Value"":4672},""Version"":0,""Level"":0,""Task"":12548,""Opcode"":0,""Keywords"":9232379236109516800,""TimeCreated"":{""SystemTime"":1768400274.6724415},""EventRecordID"":365713,""Correlation"":{""ActivityID"":""A5D391A9-855E-0006-9098-D3A55E85DC01""},""Execution"":{""ProcessID"":1316,""ThreadID"":3096},""Channel"":""Security"",""Computer"":""HP"",""Security"":{}}","{""SubjectUserSid"":""S-1-5-18"",""SubjectUserName"":""SYSTEM"",""SubjectDomainName"":""NT AUTHORITY"",""SubjectLogonId"":999,""PrivilegeList"":""SeAssignPrimaryTokenPrivilege\r\n\t\t\tSeTcbPrivilege\r\n\t\t\tSeSecurityPrivilege\r\n\t\t\tSeTakeOwnershipPrivilege\r\n\t\t\tSeLoadDriverPrivilege\r\n\t\t\tSeBackupPrivilege\r\n\t\t\tSeRestorePrivilege\r\n\t\t\tSeDebugPrivilege\r\n\t\t\tSeAuditPrivilege\r\n\t\t\tSeSystemEnvironmentPrivilege\r\n\t\t\tSeImpersonatePrivilege\r\n\t\t\tSeDelegateSessionUserImpersonatePrivilege""}","Special privileges assigned to new logon.

Subject:
	Security ID:		S-1-5-18
	Account Name:		SYSTEM
	Account Domain:		NT AUTHORITY
	Logon ID:		999

Privileges:		SeAssignPrimaryTokenPrivilege
			SeTcbPrivilege
			SeSecurityPrivilege
			SeTakeOwnershipPrivilege
			SeLoadDriverPrivilege
			SeBackupPrivilege
			SeRestorePrivilege
			SeDebugPrivilege
			SeAuditPrivilege
			SeSystemEnvironmentPrivilege
			SeImpersonatePrivilege
			SeDelegateSessionUserImpersonatePrivilege
",2026-01-14T14:17:54Z,Security,365713,4672,C:\Windows\System32\winevt\Logs\Security.evtx
"{""Provider"":{""Name"":""Microsoft-Windows-Security-Auditing"",""Guid"":""54849625-5478-4994-A5BA-3E3B0328C30D""},""EventID"":{""Value"":4672},""Version"":0,""Level"":0,""Task"":12548,""Opcode"":0,""Keywords"":9232379236109516800,""TimeCreated"":{""SystemTime"":1768400295.649845},""EventRecordID"":365715,""Correlation"":{""ActivityID"":""A5D391A9-855E-0006-9098-D3A55E85DC01""},""Execution"":{""ProcessID"":1316,""ThreadID"":5580},""Channel"":""Security"",""Computer"":""HP"",""Security"":{}}","{""SubjectUserSid"":""S-1-5-18"",""SubjectUserName"":""SYSTEM"",""SubjectDomainName"":""NT AUTHORITY"",""SubjectLogonId"":999,""PrivilegeList"":""SeAssignPrimaryTokenPrivilege\r\n\t\t\tSeTcbPrivilege\r\n\t\t\tSeSecurityPrivilege\r\n\t\t\tSeTakeOwnershipPrivilege\r\n\t\t\tSeLoadDriverPrivilege\r\n\t\t\tSeBackupPrivilege\r\n\t\t\tSeRestorePrivilege\r\n\t\t\tSeDebugPrivilege\r\n\t\t\tSeAuditPrivilege\r\n\t\t\tSeSystemEnvironmentPrivilege\r\n\t\t\tSeImpersonatePrivilege\r\n\t\t\tSeDelegateSessionUserImpersonatePrivilege""}","Special privileges assigned to new logon.

Subject:
	Security ID:		S-1-5-18
	Account Name:		SYSTEM
	Account Domain:		NT AUTHORITY
	Logon ID:		999

Privileges:		SeAssignPrimaryTokenPrivilege
			SeTcbPrivilege
			SeSecurityPrivilege
			SeTakeOwnershipPrivilege
			SeLoadDriverPrivilege
			SeBackupPrivilege
			SeRestorePrivilege
			SeDebugPrivilege
			SeAuditPrivilege
			SeSystemEnvironmentPrivilege
			SeImpersonatePrivilege
			SeDelegateSessionUserImpersonatePrivilege
",2026-01-14T14:18:15Z,Security,365715,4672,C:\Windows\System32\winevt\Logs\Security.evtx
"{""Provider"":{""Name"":""Microsoft-Windows-Security-Auditing"",""Guid"":""54849625-5478-4994-A5BA-3E3B0328C30D""},""EventID"":{""Value"":4672},""Version"":0,""Level"":0,""Task"":12548,""Opcode"":0,""Keywords"":9232379236109516800,""TimeCreated"":{""SystemTime"":1768400360.2255807},""EventRecordID"":365725,""Correlation"":{""ActivityID"":""A5D391A9-855E-0006-9098-D3A55E85DC01""},""Execution"":{""ProcessID"":1316,""ThreadID"":3096},""Channel"":""Security"",""Computer"":""HP"",""Security"":{}}","{""SubjectUserSid"":""S-1-5-18"",""SubjectUserName"":""SYSTEM"",""SubjectDomainName"":""NT AUTHORITY"",""SubjectLogonId"":999,""PrivilegeList"":""SeAssignPrimaryTokenPrivilege\r\n\t\t\tSeTcbPrivilege\r\n\t\t\tSeSecurityPrivilege\r\n\t\t\tSeTakeOwnershipPrivilege\r\n\t\t\tSeLoadDriverPrivilege\r\n\t\t\tSeBackupPrivilege\r\n\t\t\tSeRestorePrivilege\r\n\t\t\tSeDebugPrivilege\r\n\t\t\tSeAuditPrivilege\r\n\t\t\tSeSystemEnvironmentPrivilege\r\n\t\t\tSeImpersonatePrivilege\r\n\t\t\tSeDelegateSessionUserImpersonatePrivilege""}","Special privileges assigned to new logon.

Subject:
	Security ID:		S-1-5-18
	Account Name:		SYSTEM
	Account Domain:		NT AUTHORITY
	Logon ID:		999

Privileges:		SeAssignPrimaryTokenPrivilege
			SeTcbPrivilege
			SeSecurityPrivilege
			SeTakeOwnershipPrivilege
			SeLoadDriverPrivilege
			SeBackupPrivilege
			SeRestorePrivilege
			SeDebugPrivilege
			SeAuditPrivilege
			SeSystemEnvironmentPrivilege
			SeImpersonatePrivilege
			SeDelegateSessionUserImpersonatePrivilege
",2026-01-14T14:19:20Z,Security,365725,4672,C:\Windows\System32\winevt\Logs\Security.evtx
"{""Provider"":{""Name"":""Microsoft-Windows-Security-Auditing"",""Guid"":""54849625-5478-4994-A5BA-3E3B0328C30D""},""EventID"":{""Value"":4672},""Version"":0,""Level"":0,""Task"":12548,""Opcode"":0,""Keywords"":9232379236109516800,""TimeCreated"":{""SystemTime"":1768400360.8320928},""EventRecordID"":365729,""Correlation"":{""ActivityID"":""A5D391A9-855E-0006-9098-D3A55E85DC01""},""Execution"":{""ProcessID"":1316,""ThreadID"":5580},""Channel"":""Security"",""Computer"":""HP"",""Security"":{}}","{""SubjectUserSid"":""S-1-5-18"",""SubjectUserName"":""SYSTEM"",""SubjectDomainName"":""NT AUTHORITY"",""SubjectLogonId"":999,""PrivilegeList"":""SeAssignPrimaryTokenPrivilege\r\n\t\t\tSeTcbPrivilege\r\n\t\t\tSeSecurityPrivilege\r\n\t\t\tSeTakeOwnershipPrivilege\r\n\t\t\tSeLoadDriverPrivilege\r\n\t\t\tSeBackupPrivilege\r\n\t\t\tSeRestorePrivilege\r\n\t\t\tSeDebugPrivilege\r\n\t\t\tSeAuditPrivilege\r\n\t\t\tSeSystemEnvironmentPrivilege\r\n\t\t\tSeImpersonatePrivilege\r\n\t\t\tSeDelegateSessionUserImpersonatePrivilege""}","Special privileges assigned to new logon.

Subject:
	Security ID:		S-1-5-18
	Account Name:		SYSTEM
	Account Domain:		NT AUTHORITY
	Logon ID:		999

Privileges:		SeAssignPrimaryTokenPrivilege
			SeTcbPrivilege
			SeSecurityPrivilege
			SeTakeOwnershipPrivilege
			SeLoadDriverPrivilege
			SeBackupPrivilege
			SeRestorePrivilege
			SeDebugPrivilege
			SeAuditPrivilege
			SeSystemEnvironmentPrivilege
			SeImpersonatePrivilege
			SeDelegateSessionUserImpersonatePrivilege
",2026-01-14T14:19:20Z,Security,365729,4672,C:\Windows\System32\winevt\Logs\Security.evtx
"{""Provider"":{""Name"":""Microsoft-Windows-Security-Auditing"",""Guid"":""54849625-5478-4994-A5BA-3E3B0328C30D""},""EventID"":{""Value"":4672},""Version"":0,""Level"":0,""Task"":12548,""Opcode"":0,""Keywords"":9232379236109516800,""TimeCreated"":{""SystemTime"":1768400555.8063295},""EventRecordID"":365855,""Correlation"":{""ActivityID"":""A5D391A9-855E-0006-9098-D3A55E85DC01""},""Execution"":{""ProcessID"":1316,""ThreadID"":12472},""Channel"":""Security"",""Computer"":""HP"",""Security"":{}}","{""SubjectUserSid"":""S-1-5-18"",""SubjectUserName"":""SYSTEM"",""SubjectDomainName"":""NT AUTHORITY"",""SubjectLogonId"":999,""PrivilegeList"":""SeAssignPrimaryTokenPrivilege\r\n\t\t\tSeTcbPrivilege\r\n\t\t\tSeSecurityPrivilege\r\n\t\t\tSeTakeOwnershipPrivilege\r\n\t\t\tSeLoadDriverPrivilege\r\n\t\t\tSeBackupPrivilege\r\n\t\t\tSeRestorePrivilege\r\n\t\t\tSeDebugPrivilege\r\n\t\t\tSeAuditPrivilege\r\n\t\t\tSeSystemEnvironmentPrivilege\r\n\t\t\tSeImpersonatePrivilege\r\n\t\t\tSeDelegateSessionUserImpersonatePrivilege""}","Special privileges assigned to new logon.

Subject:
	Security ID:		S-1-5-18
	Account Name:		SYSTEM
	Account Domain:		NT AUTHORITY
	Logon ID:		999

Privileges:		SeAssignPrimaryTokenPrivilege
			SeTcbPrivilege
			SeSecurityPrivilege
			SeTakeOwnershipPrivilege
			SeLoadDriverPrivilege
			SeBackupPrivilege
			SeRestorePrivilege
			SeDebugPrivilege
			SeAuditPrivilege
			SeSystemEnvironmentPrivilege
			SeImpersonatePrivilege
			SeDelegateSessionUserImpersonatePrivilege
",2026-01-14T14:22:35Z,Security,365855,4672,C:\Windows\System32\winevt\Logs\Security.evtx
"{""Provider"":{""Name"":""Microsoft-Windows-Security-Auditing"",""Guid"":""54849625-5478-4994-A5BA-3E3B0328C30D""},""EventID"":{""Value"":4672},""Version"":0,""Level"":0,""Task"":12548,""Opcode"":0,""Keywords"":9232379236109516800,""TimeCreated"":{""SystemTime"":1768400586.8985217},""EventRecordID"":365865,""Correlation"":{""ActivityID"":""A5D391A9-855E-0006-9098-D3A55E85DC01""},""Execution"":{""ProcessID"":1316,""ThreadID"":12472},""Channel"":""Security"",""Computer"":""HP"",""Security"":{}}","{""SubjectUserSid"":""S-1-5-18"",""SubjectUserName"":""SYSTEM"",""SubjectDomainName"":""NT AUTHORITY"",""SubjectLogonId"":999,""PrivilegeList"":""SeAssignPrimaryTokenPrivilege\r\n\t\t\tSeTcbPrivilege\r\n\t\t\tSeSecurityPrivilege\r\n\t\t\tSeTakeOwnershipPrivilege\r\n\t\t\tSeLoadDriverPrivilege\r\n\t\t\tSeBackupPrivilege\r\n\t\t\tSeRestorePrivilege\r\n\t\t\tSeDebugPrivilege\r\n\t\t\tSeAuditPrivilege\r\n\t\t\tSeSystemEnvironmentPrivilege\r\n\t\t\tSeImpersonatePrivilege\r\n\t\t\tSeDelegateSessionUserImpersonatePrivilege""}","Special privileges assigned to new logon.

Subject:
	Security ID:		S-1-5-18
	Account Name:		SYSTEM
	Account Domain:		NT AUTHORITY
	Logon ID:		999

Privileges:		SeAssignPrimaryTokenPrivilege
			SeTcbPrivilege
			SeSecurityPrivilege
			SeTakeOwnershipPrivilege
			SeLoadDriverPrivilege
			SeBackupPrivilege
			SeRestorePrivilege
			SeDebugPrivilege
			SeAuditPrivilege
			SeSystemEnvironmentPrivilege
			SeImpersonatePrivilege
			SeDelegateSessionUserImpersonatePrivilege
",2026-01-14T14:23:06Z,Security,365865,4672,C:\Windows\System32\winevt\Logs\Security.evtx
"{""Provider"":{""Name"":""Microsoft-Windows-Security-Auditing"",""Guid"":""54849625-5478-4994-A5BA-3E3B0328C30D""},""EventID"":{""Value"":4672},""Version"":0,""Level"":0,""Task"":12548,""Opcode"":0,""Keywords"":9232379236109516800,""TimeCreated"":{""SystemTime"":1768400592.1105871},""EventRecordID"":365867,""Correlation"":{""ActivityID"":""A5D391A9-855E-0006-9098-D3A55E85DC01""},""Execution"":{""ProcessID"":1316,""ThreadID"":12472},""Channel"":""Security"",""Computer"":""HP"",""Security"":{}}","{""SubjectUserSid"":""S-1-5-18"",""SubjectUserName"":""SYSTEM"",""SubjectDomainName"":""NT AUTHORITY"",""SubjectLogonId"":999,""PrivilegeList"":""SeAssignPrimaryTokenPrivilege\r\n\t\t\tSeTcbPrivilege\r\n\t\t\tSeSecurityPrivilege\r\n\t\t\tSeTakeOwnershipPrivilege\r\n\t\t\tSeLoadDriverPrivilege\r\n\t\t\tSeBackupPrivilege\r\n\t\t\tSeRestorePrivilege\r\n\t\t\tSeDebugPrivilege\r\n\t\t\tSeAuditPrivilege\r\n\t\t\tSeSystemEnvironmentPrivilege\r\n\t\t\tSeImpersonatePrivilege\r\n\t\t\tSeDelegateSessionUserImpersonatePrivilege""}","Special privileges assigned to new logon.

Subject:
	Security ID:		S-1-5-18
	Account Name:		SYSTEM
	Account Domain:		NT AUTHORITY
	Logon ID:		999

Privileges:		SeAssignPrimaryTokenPrivilege
			SeTcbPrivilege
			SeSecurityPrivilege
			SeTakeOwnershipPrivilege
			SeLoadDriverPrivilege
			SeBackupPrivilege
			SeRestorePrivilege
			SeDebugPrivilege
			SeAuditPrivilege
			SeSystemEnvironmentPrivilege
			SeImpersonatePrivilege
			SeDelegateSessionUserImpersonatePrivilege
",2026-01-14T14:23:12Z,Security,365867,4672,C:\Windows\System32\winevt\Logs\Security.evtx
"{""Provider"":{""Name"":""Microsoft-Windows-Security-Auditing"",""Guid"":""54849625-5478-4994-A5BA-3E3B0328C30D""},""EventID"":{""Value"":4672},""Version"":0,""Level"":0,""Task"":12548,""Opcode"":0,""Keywords"":9232379236109516800,""TimeCreated"":{""SystemTime"":1768400618.1685665},""EventRecordID"":365883,""Correlation"":{""ActivityID"":""A5D391A9-855E-0006-9098-D3A55E85DC01""},""Execution"":{""ProcessID"":1316,""ThreadID"":3096},""Channel"":""Security"",""Computer"":""HP"",""Security"":{}}","{""SubjectUserSid"":""S-1-5-18"",""SubjectUserName"":""SYSTEM"",""SubjectDomainName"":""NT AUTHORITY"",""SubjectLogonId"":999,""PrivilegeList"":""SeAssignPrimaryTokenPrivilege\r\n\t\t\tSeTcbPrivilege\r\n\t\t\tSeSecurityPrivilege\r\n\t\t\tSeTakeOwnershipPrivilege\r\n\t\t\tSeLoadDriverPrivilege\r\n\t\t\tSeBackupPrivilege\r\n\t\t\tSeRestorePrivilege\r\n\t\t\tSeDebugPrivilege\r\n\t\t\tSeAuditPrivilege\r\n\t\t\tSeSystemEnvironmentPrivilege\r\n\t\t\tSeImpersonatePrivilege\r\n\t\t\tSeDelegateSessionUserImpersonatePrivilege""}","Special privileges assigned to new logon.

Subject:
	Security ID:		S-1-5-18
	Account Name:		SYSTEM
	Account Domain:		NT AUTHORITY
	Logon ID:		999

Privileges:		SeAssignPrimaryTokenPrivilege
			SeTcbPrivilege
			SeSecurityPrivilege
			SeTakeOwnershipPrivilege
			SeLoadDriverPrivilege
			SeBackupPrivilege
			SeRestorePrivilege
			SeDebugPrivilege
			SeAuditPrivilege
			SeSystemEnvironmentPrivilege
			SeImpersonatePrivilege
			SeDelegateSessionUserImpersonatePrivilege
",2026-01-14T14:23:38Z,Security,365883,4672,C:\Windows\System32\winevt\Logs\Security.evtx
