"{""Provider"":{""Name"":""Microsoft-Windows-Security-Auditing"",""Guid"":""54849625-5478-4994-A5BA-3E3B0328C30D""},""EventID"":{""Value"":4672},""Version"":0,""Level"":0,""Task"":12548,""Opcode"":0,""Keywords"":9232379236109516800,""TimeCreated"":{""SystemTime"":1768577470.5248945},""EventRecordID"":379169,""Correlation"":{""ActivityID"":""A5D391A9-855E-0006-9098-D3A55E85DC01""},""Execution"":{""ProcessID"":1316,""ThreadID"":9528},""Channel"":""Security"",""Computer"":""HP"",""Security"":{}}","{""SubjectUserSid"":""S-1-5-18"",""SubjectUserName"":""SYSTEM"",""SubjectDomainName"":""NT AUTHORITY"",""SubjectLogonId"":999,""PrivilegeList"":""SeAssignPrimaryTokenPrivilege\r\n\t\t\tSeTcbPrivilege\r\n\t\t\tSeSecurityPrivilege\r\n\t\t\tSeTakeOwnershipPrivilege\r\n\t\t\tSeLoadDriverPrivilege\r\n\t\t\tSeBackupPrivilege\r\n\t\t\tSeRestorePrivilege\r\n\t\t\tSeDebugPrivilege\r\n\t\t\tSeAuditPrivilege\r\n\t\t\tSeSystemEnvironmentPrivilege\r\n\t\t\tSeImpersonatePrivilege\r\n\t\t\tSeDelegateSessionUserImpersonatePrivilege""}","Special privileges assigned to new logon.

Subject:
	Security ID:		S-1-5-18
	Account Name:		SYSTEM
	Account Domain:		NT AUTHORITY
	Logon ID:		999

Privileges:		SeAssignPrimaryTokenPrivilege
			SeTcbPrivilege
			SeSecurityPrivilege
			SeTakeOwnershipPrivilege
			SeLoadDriverPrivilege
			SeBackupPrivilege
			SeRestorePrivilege
			SeDebugPrivilege
			SeAuditPrivilege
			SeSystemEnvironmentPrivilege
			SeImpersonatePrivilege
			SeDelegateSessionUserImpersonatePrivilege
",2026-01-16T15:31:10Z,Security,379169,4672,C:\Windows\System32\winevt\Logs\Security.evtx
"{""Provider"":{""Name"":""Microsoft-Windows-Security-Auditing"",""Guid"":""54849625-5478-4994-A5BA-3E3B0328C30D""},""EventID"":{""Value"":4672},""Version"":0,""Level"":0,""Task"":12548,""Opcode"":0,""Keywords"":9232379236109516800,""TimeCreated"":{""SystemTime"":1768577634.6640544},""EventRecordID"":379203,""Correlation"":{""ActivityID"":""A5D391A9-855E-0006-9098-D3A55E85DC01""},""Execution"":{""ProcessID"":1316,""ThreadID"":13180},""Channel"":""Security"",""Computer"":""HP"",""Security"":{}}","{""SubjectUserSid"":""S-1-5-18"",""SubjectUserName"":""SYSTEM"",""SubjectDomainName"":""NT AUTHORITY"",""SubjectLogonId"":999,""PrivilegeList"":""SeAssignPrimaryTokenPrivilege\r\n\t\t\tSeTcbPrivilege\r\n\t\t\tSeSecurityPrivilege\r\n\t\t\tSeTakeOwnershipPrivilege\r\n\t\t\tSeLoadDriverPrivilege\r\n\t\t\tSeBackupPrivilege\r\n\t\t\tSeRestorePrivilege\r\n\t\t\tSeDebugPrivilege\r\n\t\t\tSeAuditPrivilege\r\n\t\t\tSeSystemEnvironmentPrivilege\r\n\t\t\tSeImpersonatePrivilege\r\n\t\t\tSeDelegateSessionUserImpersonatePrivilege""}","Special privileges assigned to new logon.

Subject:
	Security ID:		S-1-5-18
	Account Name:		SYSTEM
	Account Domain:		NT AUTHORITY
	Logon ID:		999

Privileges:		SeAssignPrimaryTokenPrivilege
			SeTcbPrivilege
			SeSecurityPrivilege
			SeTakeOwnershipPrivilege
			SeLoadDriverPrivilege
			SeBackupPrivilege
			SeRestorePrivilege
			SeDebugPrivilege
			SeAuditPrivilege
			SeSystemEnvironmentPrivilege
			SeImpersonatePrivilege
			SeDelegateSessionUserImpersonatePrivilege
",2026-01-16T15:33:54Z,Security,379203,4672,C:\Windows\System32\winevt\Logs\Security.evtx
"{""Provider"":{""Name"":""Microsoft-Windows-Security-Auditing"",""Guid"":""54849625-5478-4994-A5BA-3E3B0328C30D""},""EventID"":{""Value"":4672},""Version"":0,""Level"":0,""Task"":12548,""Opcode"":0,""Keywords"":9232379236109516800,""TimeCreated"":{""SystemTime"":1768578101.8430688},""EventRecordID"":379277,""Correlation"":{""ActivityID"":""A5D391A9-855E-0006-9098-D3A55E85DC01""},""Execution"":{""ProcessID"":1316,""ThreadID"":10660},""Channel"":""Security"",""Computer"":""HP"",""Security"":{}}","{""SubjectUserSid"":""S-1-5-18"",""SubjectUserName"":""SYSTEM"",""SubjectDomainName"":""NT AUTHORITY"",""SubjectLogonId"":999,""PrivilegeList"":""SeAssignPrimaryTokenPrivilege\r\n\t\t\tSeTcbPrivilege\r\n\t\t\tSeSecurityPrivilege\r\n\t\t\tSeTakeOwnershipPrivilege\r\n\t\t\tSeLoadDriverPrivilege\r\n\t\t\tSeBackupPrivilege\r\n\t\t\tSeRestorePrivilege\r\n\t\t\tSeDebugPrivilege\r\n\t\t\tSeAuditPrivilege\r\n\t\t\tSeSystemEnvironmentPrivilege\r\n\t\t\tSeImpersonatePrivilege\r\n\t\t\tSeDelegateSessionUserImpersonatePrivilege""}","Special privileges assigned to new logon.

Subject:
	Security ID:		S-1-5-18
	Account Name:		SYSTEM
	Account Domain:		NT AUTHORITY
	Logon ID:		999

Privileges:		SeAssignPrimaryTokenPrivilege
			SeTcbPrivilege
			SeSecurityPrivilege
			SeTakeOwnershipPrivilege
			SeLoadDriverPrivilege
			SeBackupPrivilege
			SeRestorePrivilege
			SeDebugPrivilege
			SeAuditPrivilege
			SeSystemEnvironmentPrivilege
			SeImpersonatePrivilege
			SeDelegateSessionUserImpersonatePrivilege
",2026-01-16T15:41:41Z,Security,379277,4672,C:\Windows\System32\winevt\Logs\Security.evtx
"{""Provider"":{""Name"":""Microsoft-Windows-Security-Auditing"",""Guid"":""54849625-5478-4994-A5BA-3E3B0328C30D""},""EventID"":{""Value"":4672},""Version"":0,""Level"":0,""Task"":12548,""Opcode"":0,""Keywords"":9232379236109516800,""TimeCreated"":{""SystemTime"":1768578104.9148097},""EventRecordID"":379279,""Correlation"":{""ActivityID"":""A5D391A9-855E-0006-9098-D3A55E85DC01""},""Execution"":{""ProcessID"":1316,""ThreadID"":24124},""Channel"":""Security"",""Computer"":""HP"",""Security"":{}}","{""SubjectUserSid"":""S-1-5-18"",""SubjectUserName"":""SYSTEM"",""SubjectDomainName"":""NT AUTHORITY"",""SubjectLogonId"":999,""PrivilegeList"":""SeAssignPrimaryTokenPrivilege\r\n\t\t\tSeTcbPrivilege\r\n\t\t\tSeSecurityPrivilege\r\n\t\t\tSeTakeOwnershipPrivilege\r\n\t\t\tSeLoadDriverPrivilege\r\n\t\t\tSeBackupPrivilege\r\n\t\t\tSeRestorePrivilege\r\n\t\t\tSeDebugPrivilege\r\n\t\t\tSeAuditPrivilege\r\n\t\t\tSeSystemEnvironmentPrivilege\r\n\t\t\tSeImpersonatePrivilege\r\n\t\t\tSeDelegateSessionUserImpersonatePrivilege""}","Special privileges assigned to new logon.

Subject:
	Security ID:		S-1-5-18
	Account Name:		SYSTEM
	Account Domain:		NT AUTHORITY
	Logon ID:		999

Privileges:		SeAssignPrimaryTokenPrivilege
			SeTcbPrivilege
			SeSecurityPrivilege
			SeTakeOwnershipPrivilege
			SeLoadDriverPrivilege
			SeBackupPrivilege
			SeRestorePrivilege
			SeDebugPrivilege
			SeAuditPrivilege
			SeSystemEnvironmentPrivilege
			SeImpersonatePrivilege
			SeDelegateSessionUserImpersonatePrivilege
",2026-01-16T15:41:44Z,Security,379279,4672,C:\Windows\System32\winevt\Logs\Security.evtx
"{""Provider"":{""Name"":""Microsoft-Windows-Security-Auditing"",""Guid"":""54849625-5478-4994-A5BA-3E3B0328C30D""},""EventID"":{""Value"":4672},""Version"":0,""Level"":0,""Task"":12548,""Opcode"":0,""Keywords"":9232379236109516800,""TimeCreated"":{""SystemTime"":1768578172.4517024},""EventRecordID"":379306,""Correlation"":{""ActivityID"":""A5D391A9-855E-0006-9098-D3A55E85DC01""},""Execution"":{""ProcessID"":1316,""ThreadID"":23196},""Channel"":""Security"",""Computer"":""HP"",""Security"":{}}","{""SubjectUserSid"":""S-1-5-18"",""SubjectUserName"":""SYSTEM"",""SubjectDomainName"":""NT AUTHORITY"",""SubjectLogonId"":999,""PrivilegeList"":""SeAssignPrimaryTokenPrivilege\r\n\t\t\tSeTcbPrivilege\r\n\t\t\tSeSecurityPrivilege\r\n\t\t\tSeTakeOwnershipPrivilege\r\n\t\t\tSeLoadDriverPrivilege\r\n\t\t\tSeBackupPrivilege\r\n\t\t\tSeRestorePrivilege\r\n\t\t\tSeDebugPrivilege\r\n\t\t\tSeAuditPrivilege\r\n\t\t\tSeSystemEnvironmentPrivilege\r\n\t\t\tSeImpersonatePrivilege\r\n\t\t\tSeDelegateSessionUserImpersonatePrivilege""}","Special privileges assigned to new logon.

Subject:
	Security ID:		S-1-5-18
	Account Name:		SYSTEM
	Account Domain:		NT AUTHORITY
	Logon ID:		999

Privileges:		SeAssignPrimaryTokenPrivilege
			SeTcbPrivilege
			SeSecurityPrivilege
			SeTakeOwnershipPrivilege
			SeLoadDriverPrivilege
			SeBackupPrivilege
			SeRestorePrivilege
			SeDebugPrivilege
			SeAuditPrivilege
			SeSystemEnvironmentPrivilege
			SeImpersonatePrivilege
			SeDelegateSessionUserImpersonatePrivilege
",2026-01-16T15:42:52Z,Security,379306,4672,C:\Windows\System32\winevt\Logs\Security.evtx
"{""Provider"":{""Name"":""Microsoft-Windows-Security-Auditing"",""Guid"":""54849625-5478-4994-A5BA-3E3B0328C30D""},""EventID"":{""Value"":4672},""Version"":0,""Level"":0,""Task"":12548,""Opcode"":0,""Keywords"":9232379236109516800,""TimeCreated"":{""SystemTime"":1768578516.8166015},""EventRecordID"":379402,""Correlation"":{""ActivityID"":""A5D391A9-855E-0006-9098-D3A55E85DC01""},""Execution"":{""ProcessID"":1316,""ThreadID"":11964},""Channel"":""Security"",""Computer"":""HP"",""Security"":{}}","{""SubjectUserSid"":""S-1-5-18"",""SubjectUserName"":""SYSTEM"",""SubjectDomainName"":""NT AUTHORITY"",""SubjectLogonId"":999,""PrivilegeList"":""SeAssignPrimaryTokenPrivilege\r\n\t\t\tSeTcbPrivilege\r\n\t\t\tSeSecurityPrivilege\r\n\t\t\tSeTakeOwnershipPrivilege\r\n\t\t\tSeLoadDriverPrivilege\r\n\t\t\tSeBackupPrivilege\r\n\t\t\tSeRestorePrivilege\r\n\t\t\tSeDebugPrivilege\r\n\t\t\tSeAuditPrivilege\r\n\t\t\tSeSystemEnvironmentPrivilege\r\n\t\t\tSeImpersonatePrivilege\r\n\t\t\tSeDelegateSessionUserImpersonatePrivilege""}","Special privileges assigned to new logon.

Subject:
	Security ID:		S-1-5-18
	Account Name:		SYSTEM
	Account Domain:		NT AUTHORITY
	Logon ID:		999

Privileges:		SeAssignPrimaryTokenPrivilege
			SeTcbPrivilege
			SeSecurityPrivilege
			SeTakeOwnershipPrivilege
			SeLoadDriverPrivilege
			SeBackupPrivilege
			SeRestorePrivilege
			SeDebugPrivilege
			SeAuditPrivilege
			SeSystemEnvironmentPrivilege
			SeImpersonatePrivilege
			SeDelegateSessionUserImpersonatePrivilege
",2026-01-16T15:48:36Z,Security,379402,4672,C:\Windows\System32\winevt\Logs\Security.evtx
"{""Provider"":{""Name"":""Microsoft-Windows-Security-Auditing"",""Guid"":""54849625-5478-4994-A5BA-3E3B0328C30D""},""EventID"":{""Value"":4672},""Version"":0,""Level"":0,""Task"":12548,""Opcode"":0,""Keywords"":9232379236109516800,""TimeCreated"":{""SystemTime"":1768578519.9116993},""EventRecordID"":379404,""Correlation"":{""ActivityID"":""A5D391A9-855E-0006-9098-D3A55E85DC01""},""Execution"":{""ProcessID"":1316,""ThreadID"":20200},""Channel"":""Security"",""Computer"":""HP"",""Security"":{}}","{""SubjectUserSid"":""S-1-5-18"",""SubjectUserName"":""SYSTEM"",""SubjectDomainName"":""NT AUTHORITY"",""SubjectLogonId"":999,""PrivilegeList"":""SeAssignPrimaryTokenPrivilege\r\n\t\t\tSeTcbPrivilege\r\n\t\t\tSeSecurityPrivilege\r\n\t\t\tSeTakeOwnershipPrivilege\r\n\t\t\tSeLoadDriverPrivilege\r\n\t\t\tSeBackupPrivilege\r\n\t\t\tSeRestorePrivilege\r\n\t\t\tSeDebugPrivilege\r\n\t\t\tSeAuditPrivilege\r\n\t\t\tSeSystemEnvironmentPrivilege\r\n\t\t\tSeImpersonatePrivilege\r\n\t\t\tSeDelegateSessionUserImpersonatePrivilege""}","Special privileges assigned to new logon.

Subject:
	Security ID:		S-1-5-18
	Account Name:		SYSTEM
	Account Domain:		NT AUTHORITY
	Logon ID:		999

Privileges:		SeAssignPrimaryTokenPrivilege
			SeTcbPrivilege
			SeSecurityPrivilege
			SeTakeOwnershipPrivilege
			SeLoadDriverPrivilege
			SeBackupPrivilege
			SeRestorePrivilege
			SeDebugPrivilege
			SeAuditPrivilege
			SeSystemEnvironmentPrivilege
			SeImpersonatePrivilege
			SeDelegateSessionUserImpersonatePrivilege
",2026-01-16T15:48:39Z,Security,379404,4672,C:\Windows\System32\winevt\Logs\Security.evtx
"{""Provider"":{""Name"":""Microsoft-Windows-Security-Auditing"",""Guid"":""54849625-5478-4994-A5BA-3E3B0328C30D""},""EventID"":{""Value"":4672},""Version"":0,""Level"":0,""Task"":12548,""Opcode"":0,""Keywords"":9232379236109516800,""TimeCreated"":{""SystemTime"":1768578528.8146832},""EventRecordID"":379434,""Correlation"":{""ActivityID"":""A5D391A9-855E-0006-9098-D3A55E85DC01""},""Execution"":{""ProcessID"":1316,""ThreadID"":11964},""Channel"":""Security"",""Computer"":""HP"",""Security"":{}}","{""SubjectUserSid"":""S-1-5-18"",""SubjectUserName"":""SYSTEM"",""SubjectDomainName"":""NT AUTHORITY"",""SubjectLogonId"":999,""PrivilegeList"":""SeAssignPrimaryTokenPrivilege\r\n\t\t\tSeTcbPrivilege\r\n\t\t\tSeSecurityPrivilege\r\n\t\t\tSeTakeOwnershipPrivilege\r\n\t\t\tSeLoadDriverPrivilege\r\n\t\t\tSeBackupPrivilege\r\n\t\t\tSeRestorePrivilege\r\n\t\t\tSeDebugPrivilege\r\n\t\t\tSeAuditPrivilege\r\n\t\t\tSeSystemEnvironmentPrivilege\r\n\t\t\tSeImpersonatePrivilege\r\n\t\t\tSeDelegateSessionUserImpersonatePrivilege""}","Special privileges assigned to new logon.

Subject:
	Security ID:		S-1-5-18
	Account Name:		SYSTEM
	Account Domain:		NT AUTHORITY
	Logon ID:		999

Privileges:		SeAssignPrimaryTokenPrivilege
			SeTcbPrivilege
			SeSecurityPrivilege
			SeTakeOwnershipPrivilege
			SeLoadDriverPrivilege
			SeBackupPrivilege
			SeRestorePrivilege
			SeDebugPrivilege
			SeAuditPrivilege
			SeSystemEnvironmentPrivilege
			SeImpersonatePrivilege
			SeDelegateSessionUserImpersonatePrivilege
",2026-01-16T15:48:48Z,Security,379434,4672,C:\Windows\System32\winevt\Logs\Security.evtx
"{""Provider"":{""Name"":""Microsoft-Windows-Security-Auditing"",""Guid"":""54849625-5478-4994-A5BA-3E3B0328C30D""},""EventID"":{""Value"":4672},""Version"":0,""Level"":0,""Task"":12548,""Opcode"":0,""Keywords"":9232379236109516800,""TimeCreated"":{""SystemTime"":1768578595.4959424},""EventRecordID"":379481,""Correlation"":{""ActivityID"":""A5D391A9-855E-0006-9098-D3A55E85DC01""},""Execution"":{""ProcessID"":1316,""ThreadID"":12068},""Channel"":""Security"",""Computer"":""HP"",""Security"":{}}","{""SubjectUserSid"":""S-1-5-18"",""SubjectUserName"":""SYSTEM"",""SubjectDomainName"":""NT AUTHORITY"",""SubjectLogonId"":999,""PrivilegeList"":""SeAssignPrimaryTokenPrivilege\r\n\t\t\tSeTcbPrivilege\r\n\t\t\tSeSecurityPrivilege\r\n\t\t\tSeTakeOwnershipPrivilege\r\n\t\t\tSeLoadDriverPrivilege\r\n\t\t\tSeBackupPrivilege\r\n\t\t\tSeRestorePrivilege\r\n\t\t\tSeDebugPrivilege\r\n\t\t\tSeAuditPrivilege\r\n\t\t\tSeSystemEnvironmentPrivilege\r\n\t\t\tSeImpersonatePrivilege\r\n\t\t\tSeDelegateSessionUserImpersonatePrivilege""}","Special privileges assigned to new logon.

Subject:
	Security ID:		S-1-5-18
	Account Name:		SYSTEM
	Account Domain:		NT AUTHORITY
	Logon ID:		999

Privileges:		SeAssignPrimaryTokenPrivilege
			SeTcbPrivilege
			SeSecurityPrivilege
			SeTakeOwnershipPrivilege
			SeLoadDriverPrivilege
			SeBackupPrivilege
			SeRestorePrivilege
			SeDebugPrivilege
			SeAuditPrivilege
			SeSystemEnvironmentPrivilege
			SeImpersonatePrivilege
			SeDelegateSessionUserImpersonatePrivilege
",2026-01-16T15:49:55Z,Security,379481,4672,C:\Windows\System32\winevt\Logs\Security.evtx
"{""Provider"":{""Name"":""Microsoft-Windows-Security-Auditing"",""Guid"":""54849625-5478-4994-A5BA-3E3B0328C30D""},""EventID"":{""Value"":4672},""Version"":0,""Level"":0,""Task"":12548,""Opcode"":0,""Keywords"":9232379236109516800,""TimeCreated"":{""SystemTime"":1768578889.3721793},""EventRecordID"":379515,""Correlation"":{""ActivityID"":""A5D391A9-855E-0006-9098-D3A55E85DC01""},""Execution"":{""ProcessID"":1316,""ThreadID"":12068},""Channel"":""Security"",""Computer"":""HP"",""Security"":{}}","{""SubjectUserSid"":""S-1-5-18"",""SubjectUserName"":""SYSTEM"",""SubjectDomainName"":""NT AUTHORITY"",""SubjectLogonId"":999,""PrivilegeList"":""SeAssignPrimaryTokenPrivilege\r\n\t\t\tSeTcbPrivilege\r\n\t\t\tSeSecurityPrivilege\r\n\t\t\tSeTakeOwnershipPrivilege\r\n\t\t\tSeLoadDriverPrivilege\r\n\t\t\tSeBackupPrivilege\r\n\t\t\tSeRestorePrivilege\r\n\t\t\tSeDebugPrivilege\r\n\t\t\tSeAuditPrivilege\r\n\t\t\tSeSystemEnvironmentPrivilege\r\n\t\t\tSeImpersonatePrivilege\r\n\t\t\tSeDelegateSessionUserImpersonatePrivilege""}","Special privileges assigned to new logon.

Subject:
	Security ID:		S-1-5-18
	Account Name:		SYSTEM
	Account Domain:		NT AUTHORITY
	Logon ID:		999

Privileges:		SeAssignPrimaryTokenPrivilege
			SeTcbPrivilege
			SeSecurityPrivilege
			SeTakeOwnershipPrivilege
			SeLoadDriverPrivilege
			SeBackupPrivilege
			SeRestorePrivilege
			SeDebugPrivilege
			SeAuditPrivilege
			SeSystemEnvironmentPrivilege
			SeImpersonatePrivilege
			SeDelegateSessionUserImpersonatePrivilege
",2026-01-16T15:54:49Z,Security,379515,4672,C:\Windows\System32\winevt\Logs\Security.evtx
"{""Provider"":{""Name"":""Microsoft-Windows-Security-Auditing"",""Guid"":""54849625-5478-4994-A5BA-3E3B0328C30D""},""EventID"":{""Value"":4672},""Version"":0,""Level"":0,""Task"":12548,""Opcode"":0,""Keywords"":9232379236109516800,""TimeCreated"":{""SystemTime"":1768578989.1496527},""EventRecordID"":379533,""Correlation"":{""ActivityID"":""A5D391A9-855E-0006-9098-D3A55E85DC01""},""Execution"":{""ProcessID"":1316,""ThreadID"":12068},""Channel"":""Security"",""Computer"":""HP"",""Security"":{}}","{""SubjectUserSid"":""S-1-5-18"",""SubjectUserName"":""SYSTEM"",""SubjectDomainName"":""NT AUTHORITY"",""SubjectLogonId"":999,""PrivilegeList"":""SeAssignPrimaryTokenPrivilege\r\n\t\t\tSeTcbPrivilege\r\n\t\t\tSeSecurityPrivilege\r\n\t\t\tSeTakeOwnershipPrivilege\r\n\t\t\tSeLoadDriverPrivilege\r\n\t\t\tSeBackupPrivilege\r\n\t\t\tSeRestorePrivilege\r\n\t\t\tSeDebugPrivilege\r\n\t\t\tSeAuditPrivilege\r\n\t\t\tSeSystemEnvironmentPrivilege\r\n\t\t\tSeImpersonatePrivilege\r\n\t\t\tSeDelegateSessionUserImpersonatePrivilege""}","Special privileges assigned to new logon.

Subject:
	Security ID:		S-1-5-18
	Account Name:		SYSTEM
	Account Domain:		NT AUTHORITY
	Logon ID:		999

Privileges:		SeAssignPrimaryTokenPrivilege
			SeTcbPrivilege
			SeSecurityPrivilege
			SeTakeOwnershipPrivilege
			SeLoadDriverPrivilege
			SeBackupPrivilege
			SeRestorePrivilege
			SeDebugPrivilege
			SeAuditPrivilege
			SeSystemEnvironmentPrivilege
			SeImpersonatePrivilege
			SeDelegateSessionUserImpersonatePrivilege
",2026-01-16T15:56:29Z,Security,379533,4672,C:\Windows\System32\winevt\Logs\Security.evtx
"{""Provider"":{""Name"":""Microsoft-Windows-Security-Auditing"",""Guid"":""54849625-5478-4994-A5BA-3E3B0328C30D""},""EventID"":{""Value"":4672},""Version"":0,""Level"":0,""Task"":12548,""Opcode"":0,""Keywords"":9232379236109516800,""TimeCreated"":{""SystemTime"":1768579270.9689808},""EventRecordID"":379574,""Correlation"":{""ActivityID"":""A5D391A9-855E-0006-9098-D3A55E85DC01""},""Execution"":{""ProcessID"":1316,""ThreadID"":10660},""Channel"":""Security"",""Computer"":""HP"",""Security"":{}}","{""SubjectUserSid"":""S-1-5-18"",""SubjectUserName"":""SYSTEM"",""SubjectDomainName"":""NT AUTHORITY"",""SubjectLogonId"":999,""PrivilegeList"":""SeAssignPrimaryTokenPrivilege\r\n\t\t\tSeTcbPrivilege\r\n\t\t\tSeSecurityPrivilege\r\n\t\t\tSeTakeOwnershipPrivilege\r\n\t\t\tSeLoadDriverPrivilege\r\n\t\t\tSeBackupPrivilege\r\n\t\t\tSeRestorePrivilege\r\n\t\t\tSeDebugPrivilege\r\n\t\t\tSeAuditPrivilege\r\n\t\t\tSeSystemEnvironmentPrivilege\r\n\t\t\tSeImpersonatePrivilege\r\n\t\t\tSeDelegateSessionUserImpersonatePrivilege""}","Special privileges assigned to new logon.

Subject:
	Security ID:		S-1-5-18
	Account Name:		SYSTEM
	Account Domain:		NT AUTHORITY
	Logon ID:		999

Privileges:		SeAssignPrimaryTokenPrivilege
			SeTcbPrivilege
			SeSecurityPrivilege
			SeTakeOwnershipPrivilege
			SeLoadDriverPrivilege
			SeBackupPrivilege
			SeRestorePrivilege
			SeDebugPrivilege
			SeAuditPrivilege
			SeSystemEnvironmentPrivilege
			SeImpersonatePrivilege
			SeDelegateSessionUserImpersonatePrivilege
",2026-01-16T16:01:10Z,Security,379574,4672,C:\Windows\System32\winevt\Logs\Security.evtx
"{""Provider"":{""Name"":""Microsoft-Windows-Security-Auditing"",""Guid"":""54849625-5478-4994-A5BA-3E3B0328C30D""},""EventID"":{""Value"":4672},""Version"":0,""Level"":0,""Task"":12548,""Opcode"":0,""Keywords"":9232379236109516800,""TimeCreated"":{""SystemTime"":1768579971.3639328},""EventRecordID"":379664,""Correlation"":{""ActivityID"":""A5D391A9-855E-0006-9098-D3A55E85DC01""},""Execution"":{""ProcessID"":1316,""ThreadID"":23848},""Channel"":""Security"",""Computer"":""HP"",""Security"":{}}","{""SubjectUserSid"":""S-1-5-18"",""SubjectUserName"":""SYSTEM"",""SubjectDomainName"":""NT AUTHORITY"",""SubjectLogonId"":999,""PrivilegeList"":""SeAssignPrimaryTokenPrivilege\r\n\t\t\tSeTcbPrivilege\r\n\t\t\tSeSecurityPrivilege\r\n\t\t\tSeTakeOwnershipPrivilege\r\n\t\t\tSeLoadDriverPrivilege\r\n\t\t\tSeBackupPrivilege\r\n\t\t\tSeRestorePrivilege\r\n\t\t\tSeDebugPrivilege\r\n\t\t\tSeAuditPrivilege\r\n\t\t\tSeSystemEnvironmentPrivilege\r\n\t\t\tSeImpersonatePrivilege\r\n\t\t\tSeDelegateSessionUserImpersonatePrivilege""}","Special privileges assigned to new logon.

Subject:
	Security ID:		S-1-5-18
	Account Name:		SYSTEM
	Account Domain:		NT AUTHORITY
	Logon ID:		999

Privileges:		SeAssignPrimaryTokenPrivilege
			SeTcbPrivilege
			SeSecurityPrivilege
			SeTakeOwnershipPrivilege
			SeLoadDriverPrivilege
			SeBackupPrivilege
			SeRestorePrivilege
			SeDebugPrivilege
			SeAuditPrivilege
			SeSystemEnvironmentPrivilege
			SeImpersonatePrivilege
			SeDelegateSessionUserImpersonatePrivilege
",2026-01-16T16:12:51Z,Security,379664,4672,C:\Windows\System32\winevt\Logs\Security.evtx
"{""Provider"":{""Name"":""Microsoft-Windows-Security-Auditing"",""Guid"":""54849625-5478-4994-A5BA-3E3B0328C30D""},""EventID"":{""Value"":4672},""Version"":0,""Level"":0,""Task"":12548,""Opcode"":0,""Keywords"":9232379236109516800,""TimeCreated"":{""SystemTime"":1768579972.6645696},""EventRecordID"":379666,""Correlation"":{""ActivityID"":""A5D391A9-855E-0006-9098-D3A55E85DC01""},""Execution"":{""ProcessID"":1316,""ThreadID"":10660},""Channel"":""Security"",""Computer"":""HP"",""Security"":{}}","{""SubjectUserSid"":""S-1-5-18"",""SubjectUserName"":""SYSTEM"",""SubjectDomainName"":""NT AUTHORITY"",""SubjectLogonId"":999,""PrivilegeList"":""SeAssignPrimaryTokenPrivilege\r\n\t\t\tSeTcbPrivilege\r\n\t\t\tSeSecurityPrivilege\r\n\t\t\tSeTakeOwnershipPrivilege\r\n\t\t\tSeLoadDriverPrivilege\r\n\t\t\tSeBackupPrivilege\r\n\t\t\tSeRestorePrivilege\r\n\t\t\tSeDebugPrivilege\r\n\t\t\tSeAuditPrivilege\r\n\t\t\tSeSystemEnvironmentPrivilege\r\n\t\t\tSeImpersonatePrivilege\r\n\t\t\tSeDelegateSessionUserImpersonatePrivilege""}","Special privileges assigned to new logon.

Subject:
	Security ID:		S-1-5-18
	Account Name:		SYSTEM
	Account Domain:		NT AUTHORITY
	Logon ID:		999

Privileges:		SeAssignPrimaryTokenPrivilege
			SeTcbPrivilege
			SeSecurityPrivilege
			SeTakeOwnershipPrivilege
			SeLoadDriverPrivilege
			SeBackupPrivilege
			SeRestorePrivilege
			SeDebugPrivilege
			SeAuditPrivilege
			SeSystemEnvironmentPrivilege
			SeImpersonatePrivilege
			SeDelegateSessionUserImpersonatePrivilege
",2026-01-16T16:12:52Z,Security,379666,4672,C:\Windows\System32\winevt\Logs\Security.evtx
"{""Provider"":{""Name"":""Microsoft-Windows-Security-Auditing"",""Guid"":""54849625-5478-4994-A5BA-3E3B0328C30D""},""EventID"":{""Value"":4672},""Version"":0,""Level"":0,""Task"":12548,""Opcode"":0,""Keywords"":9232379236109516800,""TimeCreated"":{""SystemTime"":1768580003.1418688},""EventRecordID"":379708,""Correlation"":{""ActivityID"":""A5D391A9-855E-0006-9098-D3A55E85DC01""},""Execution"":{""ProcessID"":1316,""ThreadID"":23848},""Channel"":""Security"",""Computer"":""HP"",""Security"":{}}","{""SubjectUserSid"":""S-1-5-90-0-7"",""SubjectUserName"":""DWM-7"",""SubjectDomainName"":""Window Manager"",""SubjectLogonId"":148774647,""PrivilegeList"":""SeAssignPrimaryTokenPrivilege\r\n\t\t\tSeAuditPrivilege\r\n\t\t\tSeImpersonatePrivilege""}","Special privileges assigned to new logon.

Subject:
	Security ID:		S-1-5-90-0-7
	Account Name:		DWM-7
	Account Domain:		Window Manager
	Logon ID:		148774647

Privileges:		SeAssignPrimaryTokenPrivilege
			SeAuditPrivilege
			SeImpersonatePrivilege
",2026-01-16T16:13:23Z,Security,379708,4672,C:\Windows\System32\winevt\Logs\Security.evtx
"{""Provider"":{""Name"":""Microsoft-Windows-Security-Auditing"",""Guid"":""54849625-5478-4994-A5BA-3E3B0328C30D""},""EventID"":{""Value"":4672},""Version"":0,""Level"":0,""Task"":12548,""Opcode"":0,""Keywords"":9232379236109516800,""TimeCreated"":{""SystemTime"":1768580003.1418705},""EventRecordID"":379709,""Correlation"":{""ActivityID"":""A5D391A9-855E-0006-9098-D3A55E85DC01""},""Execution"":{""ProcessID"":1316,""ThreadID"":23848},""Channel"":""Security"",""Computer"":""HP"",""Security"":{}}","{""SubjectUserSid"":""S-1-5-90-0-7"",""SubjectUserName"":""DWM-7"",""SubjectDomainName"":""Window Manager"",""SubjectLogonId"":148774779,""PrivilegeList"":""SeAssignPrimaryTokenPrivilege\r\n\t\t\tSeAuditPrivilege""}","Special privileges assigned to new logon.

Subject:
	Security ID:		S-1-5-90-0-7
	Account Name:		DWM-7
	Account Domain:		Window Manager
	Logon ID:		148774779

Privileges:		SeAssignPrimaryTokenPrivilege
			SeAuditPrivilege
",2026-01-16T16:13:23Z,Security,379709,4672,C:\Windows\System32\winevt\Logs\Security.evtx
"{""Provider"":{""Name"":""Microsoft-Windows-Security-Auditing"",""Guid"":""54849625-5478-4994-A5BA-3E3B0328C30D""},""EventID"":{""Value"":4672},""Version"":0,""Level"":0,""Task"":12548,""Opcode"":0,""Keywords"":9232379236109516800,""TimeCreated"":{""SystemTime"":1768580003.462896},""EventRecordID"":379711,""Correlation"":{""ActivityID"":""A5D391A9-855E-0006-9098-D3A55E85DC01""},""Execution"":{""ProcessID"":1316,""ThreadID"":23848},""Channel"":""Security"",""Computer"":""HP"",""Security"":{}}","{""SubjectUserSid"":""S-1-5-18"",""SubjectUserName"":""SYSTEM"",""SubjectDomainName"":""NT AUTHORITY"",""SubjectLogonId"":999,""PrivilegeList"":""SeAssignPrimaryTokenPrivilege\r\n\t\t\tSeTcbPrivilege\r\n\t\t\tSeSecurityPrivilege\r\n\t\t\tSeTakeOwnershipPrivilege\r\n\t\t\tSeLoadDriverPrivilege\r\n\t\t\tSeBackupPrivilege\r\n\t\t\tSeRestorePrivilege\r\n\t\t\tSeDebugPrivilege\r\n\t\t\tSeAuditPrivilege\r\n\t\t\tSeSystemEnvironmentPrivilege\r\n\t\t\tSeImpersonatePrivilege\r\n\t\t\tSeDelegateSessionUserImpersonatePrivilege""}","Special privileges assigned to new logon.

Subject:
	Security ID:		S-1-5-18
	Account Name:		SYSTEM
	Account Domain:		NT AUTHORITY
	Logon ID:		999

Privileges:		SeAssignPrimaryTokenPrivilege
			SeTcbPrivilege
			SeSecurityPrivilege
			SeTakeOwnershipPrivilege
			SeLoadDriverPrivilege
			SeBackupPrivilege
			SeRestorePrivilege
			SeDebugPrivilege
			SeAuditPrivilege
			SeSystemEnvironmentPrivilege
			SeImpersonatePrivilege
			SeDelegateSessionUserImpersonatePrivilege
",2026-01-16T16:13:23Z,Security,379711,4672,C:\Windows\System32\winevt\Logs\Security.evtx
"{""Provider"":{""Name"":""Microsoft-Windows-Security-Auditing"",""Guid"":""54849625-5478-4994-A5BA-3E3B0328C30D""},""EventID"":{""Value"":4672},""Version"":0,""Level"":0,""Task"":12548,""Opcode"":0,""Keywords"":9232379236109516800,""TimeCreated"":{""SystemTime"":1768580003.5668511},""EventRecordID"":379713,""Correlation"":{""ActivityID"":""A5D391A9-855E-0006-9098-D3A55E85DC01""},""Execution"":{""ProcessID"":1316,""ThreadID"":23848},""Channel"":""Security"",""Computer"":""HP"",""Security"":{}}","{""SubjectUserSid"":""S-1-5-18"",""SubjectUserName"":""SYSTEM"",""SubjectDomainName"":""NT AUTHORITY"",""SubjectLogonId"":999,""PrivilegeList"":""SeAssignPrimaryTokenPrivilege\r\n\t\t\tSeTcbPrivilege\r\n\t\t\tSeSecurityPrivilege\r\n\t\t\tSeTakeOwnershipPrivilege\r\n\t\t\tSeLoadDriverPrivilege\r\n\t\t\tSeBackupPrivilege\r\n\t\t\tSeRestorePrivilege\r\n\t\t\tSeDebugPrivilege\r\n\t\t\tSeAuditPrivilege\r\n\t\t\tSeSystemEnvironmentPrivilege\r\n\t\t\tSeImpersonatePrivilege\r\n\t\t\tSeDelegateSessionUserImpersonatePrivilege""}","Special privileges assigned to new logon.

Subject:
	Security ID:		S-1-5-18
	Account Name:		SYSTEM
	Account Domain:		NT AUTHORITY
	Logon ID:		999

Privileges:		SeAssignPrimaryTokenPrivilege
			SeTcbPrivilege
			SeSecurityPrivilege
			SeTakeOwnershipPrivilege
			SeLoadDriverPrivilege
			SeBackupPrivilege
			SeRestorePrivilege
			SeDebugPrivilege
			SeAuditPrivilege
			SeSystemEnvironmentPrivilege
			SeImpersonatePrivilege
			SeDelegateSessionUserImpersonatePrivilege
",2026-01-16T16:13:23Z,Security,379713,4672,C:\Windows\System32\winevt\Logs\Security.evtx
"{""Provider"":{""Name"":""Microsoft-Windows-Security-Auditing"",""Guid"":""54849625-5478-4994-A5BA-3E3B0328C30D""},""EventID"":{""Value"":4672},""Version"":0,""Level"":0,""Task"":12548,""Opcode"":0,""Keywords"":9232379236109516800,""TimeCreated"":{""SystemTime"":1768580009.4813073},""EventRecordID"":379733,""Correlation"":{""ActivityID"":""A5D391A9-855E-0006-9098-D3A55E85DC01""},""Execution"":{""ProcessID"":1316,""ThreadID"":10660},""Channel"":""Security"",""Computer"":""HP"",""Security"":{}}","{""SubjectUserSid"":""S-1-5-18"",""SubjectUserName"":""SYSTEM"",""SubjectDomainName"":""NT AUTHORITY"",""SubjectLogonId"":999,""PrivilegeList"":""SeAssignPrimaryTokenPrivilege\r\n\t\t\tSeTcbPrivilege\r\n\t\t\tSeSecurityPrivilege\r\n\t\t\tSeTakeOwnershipPrivilege\r\n\t\t\tSeLoadDriverPrivilege\r\n\t\t\tSeBackupPrivilege\r\n\t\t\tSeRestorePrivilege\r\n\t\t\tSeDebugPrivilege\r\n\t\t\tSeAuditPrivilege\r\n\t\t\tSeSystemEnvironmentPrivilege\r\n\t\t\tSeImpersonatePrivilege\r\n\t\t\tSeDelegateSessionUserImpersonatePrivilege""}","Special privileges assigned to new logon.

Subject:
	Security ID:		S-1-5-18
	Account Name:		SYSTEM
	Account Domain:		NT AUTHORITY
	Logon ID:		999

Privileges:		SeAssignPrimaryTokenPrivilege
			SeTcbPrivilege
			SeSecurityPrivilege
			SeTakeOwnershipPrivilege
			SeLoadDriverPrivilege
			SeBackupPrivilege
			SeRestorePrivilege
			SeDebugPrivilege
			SeAuditPrivilege
			SeSystemEnvironmentPrivilege
			SeImpersonatePrivilege
			SeDelegateSessionUserImpersonatePrivilege
",2026-01-16T16:13:29Z,Security,379733,4672,C:\Windows\System32\winevt\Logs\Security.evtx
"{""Provider"":{""Name"":""Microsoft-Windows-Security-Auditing"",""Guid"":""54849625-5478-4994-A5BA-3E3B0328C30D""},""EventID"":{""Value"":4672},""Version"":0,""Level"":0,""Task"":12548,""Opcode"":0,""Keywords"":9232379236109516800,""TimeCreated"":{""SystemTime"":1768580012.1355743},""EventRecordID"":379735,""Correlation"":{""ActivityID"":""A5D391A9-855E-0006-9098-D3A55E85DC01""},""Execution"":{""ProcessID"":1316,""ThreadID"":23848},""Channel"":""Security"",""Computer"":""HP"",""Security"":{}}","{""SubjectUserSid"":""S-1-5-18"",""SubjectUserName"":""SYSTEM"",""SubjectDomainName"":""NT AUTHORITY"",""SubjectLogonId"":999,""PrivilegeList"":""SeAssignPrimaryTokenPrivilege\r\n\t\t\tSeTcbPrivilege\r\n\t\t\tSeSecurityPrivilege\r\n\t\t\tSeTakeOwnershipPrivilege\r\n\t\t\tSeLoadDriverPrivilege\r\n\t\t\tSeBackupPrivilege\r\n\t\t\tSeRestorePrivilege\r\n\t\t\tSeDebugPrivilege\r\n\t\t\tSeAuditPrivilege\r\n\t\t\tSeSystemEnvironmentPrivilege\r\n\t\t\tSeImpersonatePrivilege\r\n\t\t\tSeDelegateSessionUserImpersonatePrivilege""}","Special privileges assigned to new logon.

Subject:
	Security ID:		S-1-5-18
	Account Name:		SYSTEM
	Account Domain:		NT AUTHORITY
	Logon ID:		999

Privileges:		SeAssignPrimaryTokenPrivilege
			SeTcbPrivilege
			SeSecurityPrivilege
			SeTakeOwnershipPrivilege
			SeLoadDriverPrivilege
			SeBackupPrivilege
			SeRestorePrivilege
			SeDebugPrivilege
			SeAuditPrivilege
			SeSystemEnvironmentPrivilege
			SeImpersonatePrivilege
			SeDelegateSessionUserImpersonatePrivilege
",2026-01-16T16:13:32Z,Security,379735,4672,C:\Windows\System32\winevt\Logs\Security.evtx
"{""Provider"":{""Name"":""Microsoft-Windows-Security-Auditing"",""Guid"":""54849625-5478-4994-A5BA-3E3B0328C30D""},""EventID"":{""Value"":4672},""Version"":0,""Level"":0,""Task"":12548,""Opcode"":0,""Keywords"":9232379236109516800,""TimeCreated"":{""SystemTime"":1768621689.5503008},""EventRecordID"":379740,""Correlation"":{""ActivityID"":""A5D391A9-855E-0006-9098-D3A55E85DC01""},""Execution"":{""ProcessID"":1316,""ThreadID"":10660},""Channel"":""Security"",""Computer"":""HP"",""Security"":{}}","{""SubjectUserSid"":""S-1-5-21-1295389332-1531396733-442933048-1001"",""SubjectUserName"":""lishacarlo16@outlook.com"",""SubjectDomainName"":""MicrosoftAccount"",""SubjectLogonId"":149074474,""PrivilegeList"":""SeSecurityPrivilege\r\n\t\t\tSeTakeOwnershipPrivilege\r\n\t\t\tSeLoadDriverPrivilege\r\n\t\t\tSeBackupPrivilege\r\n\t\t\tSeRestorePrivilege\r\n\t\t\tSeDebugPrivilege\r\n\t\t\tSeSystemEnvironmentPrivilege\r\n\t\t\tSeImpersonatePrivilege\r\n\t\t\tSeDelegateSessionUserImpersonatePrivilege""}","Special privileges assigned to new logon.

Subject:
	Security ID:		S-1-5-21-1295389332-1531396733-442933048-1001
	Account Name:		lishacarlo16@outlook.com
	Account Domain:		MicrosoftAccount
	Logon ID:		149074474

Privileges:		SeSecurityPrivilege
			SeTakeOwnershipPrivilege
			SeLoadDriverPrivilege
			SeBackupPrivilege
			SeRestorePrivilege
			SeDebugPrivilege
			SeSystemEnvironmentPrivilege
			SeImpersonatePrivilege
			SeDelegateSessionUserImpersonatePrivilege
",2026-01-17T03:48:09Z,Security,379740,4672,C:\Windows\System32\winevt\Logs\Security.evtx
"{""Provider"":{""Name"":""Microsoft-Windows-Security-Auditing"",""Guid"":""54849625-5478-4994-A5BA-3E3B0328C30D""},""EventID"":{""Value"":4672},""Version"":0,""Level"":0,""Task"":12548,""Opcode"":0,""Keywords"":9232379236109516800,""TimeCreated"":{""SystemTime"":1768621691.4508672},""EventRecordID"":379765,""Correlation"":{""ActivityID"":""A5D391A9-855E-0006-9098-D3A55E85DC01""},""Execution"":{""ProcessID"":1316,""ThreadID"":13180},""Channel"":""Security"",""Computer"":""HP"",""Security"":{}}","{""SubjectUserSid"":""S-1-5-18"",""SubjectUserName"":""SYSTEM"",""SubjectDomainName"":""NT AUTHORITY"",""SubjectLogonId"":999,""PrivilegeList"":""SeAssignPrimaryTokenPrivilege\r\n\t\t\tSeTcbPrivilege\r\n\t\t\tSeSecurityPrivilege\r\n\t\t\tSeTakeOwnershipPrivilege\r\n\t\t\tSeLoadDriverPrivilege\r\n\t\t\tSeBackupPrivilege\r\n\t\t\tSeRestorePrivilege\r\n\t\t\tSeDebugPrivilege\r\n\t\t\tSeAuditPrivilege\r\n\t\t\tSeSystemEnvironmentPrivilege\r\n\t\t\tSeImpersonatePrivilege\r\n\t\t\tSeDelegateSessionUserImpersonatePrivilege""}","Special privileges assigned to new logon.

Subject:
	Security ID:		S-1-5-18
	Account Name:		SYSTEM
	Account Domain:		NT AUTHORITY
	Logon ID:		999

Privileges:		SeAssignPrimaryTokenPrivilege
			SeTcbPrivilege
			SeSecurityPrivilege
			SeTakeOwnershipPrivilege
			SeLoadDriverPrivilege
			SeBackupPrivilege
			SeRestorePrivilege
			SeDebugPrivilege
			SeAuditPrivilege
			SeSystemEnvironmentPrivilege
			SeImpersonatePrivilege
			SeDelegateSessionUserImpersonatePrivilege
",2026-01-17T03:48:11Z,Security,379765,4672,C:\Windows\System32\winevt\Logs\Security.evtx
"{""Provider"":{""Name"":""Microsoft-Windows-Security-Auditing"",""Guid"":""54849625-5478-4994-A5BA-3E3B0328C30D""},""EventID"":{""Value"":4672},""Version"":0,""Level"":0,""Task"":12548,""Opcode"":0,""Keywords"":9232379236109516800,""TimeCreated"":{""SystemTime"":1768621692.1800144},""EventRecordID"":379767,""Correlation"":{""ActivityID"":""A5D391A9-855E-0006-9098-D3A55E85DC01""},""Execution"":{""ProcessID"":1316,""ThreadID"":5952},""Channel"":""Security"",""Computer"":""HP"",""Security"":{}}","{""SubjectUserSid"":""S-1-5-18"",""SubjectUserName"":""SYSTEM"",""SubjectDomainName"":""NT AUTHORITY"",""SubjectLogonId"":999,""PrivilegeList"":""SeAssignPrimaryTokenPrivilege\r\n\t\t\tSeTcbPrivilege\r\n\t\t\tSeSecurityPrivilege\r\n\t\t\tSeTakeOwnershipPrivilege\r\n\t\t\tSeLoadDriverPrivilege\r\n\t\t\tSeBackupPrivilege\r\n\t\t\tSeRestorePrivilege\r\n\t\t\tSeDebugPrivilege\r\n\t\t\tSeAuditPrivilege\r\n\t\t\tSeSystemEnvironmentPrivilege\r\n\t\t\tSeImpersonatePrivilege\r\n\t\t\tSeDelegateSessionUserImpersonatePrivilege""}","Special privileges assigned to new logon.

Subject:
	Security ID:		S-1-5-18
	Account Name:		SYSTEM
	Account Domain:		NT AUTHORITY
	Logon ID:		999

Privileges:		SeAssignPrimaryTokenPrivilege
			SeTcbPrivilege
			SeSecurityPrivilege
			SeTakeOwnershipPrivilege
			SeLoadDriverPrivilege
			SeBackupPrivilege
			SeRestorePrivilege
			SeDebugPrivilege
			SeAuditPrivilege
			SeSystemEnvironmentPrivilege
			SeImpersonatePrivilege
			SeDelegateSessionUserImpersonatePrivilege
",2026-01-17T03:48:12Z,Security,379767,4672,C:\Windows\System32\winevt\Logs\Security.evtx
"{""Provider"":{""Name"":""Microsoft-Windows-Security-Auditing"",""Guid"":""54849625-5478-4994-A5BA-3E3B0328C30D""},""EventID"":{""Value"":4672},""Version"":0,""Level"":0,""Task"":12548,""Opcode"":0,""Keywords"":9232379236109516800,""TimeCreated"":{""SystemTime"":1768621692.4109375},""EventRecordID"":379770,""Correlation"":{""ActivityID"":""A5D391A9-855E-0006-9098-D3A55E85DC01""},""Execution"":{""ProcessID"":1316,""ThreadID"":10660},""Channel"":""Security"",""Computer"":""HP"",""Security"":{}}","{""SubjectUserSid"":""S-1-5-18"",""SubjectUserName"":""SYSTEM"",""SubjectDomainName"":""NT AUTHORITY"",""SubjectLogonId"":999,""PrivilegeList"":""SeAssignPrimaryTokenPrivilege\r\n\t\t\tSeTcbPrivilege\r\n\t\t\tSeSecurityPrivilege\r\n\t\t\tSeTakeOwnershipPrivilege\r\n\t\t\tSeLoadDriverPrivilege\r\n\t\t\tSeBackupPrivilege\r\n\t\t\tSeRestorePrivilege\r\n\t\t\tSeDebugPrivilege\r\n\t\t\tSeAuditPrivilege\r\n\t\t\tSeSystemEnvironmentPrivilege\r\n\t\t\tSeImpersonatePrivilege\r\n\t\t\tSeDelegateSessionUserImpersonatePrivilege""}","Special privileges assigned to new logon.

Subject:
	Security ID:		S-1-5-18
	Account Name:		SYSTEM
	Account Domain:		NT AUTHORITY
	Logon ID:		999

Privileges:		SeAssignPrimaryTokenPrivilege
			SeTcbPrivilege
			SeSecurityPrivilege
			SeTakeOwnershipPrivilege
			SeLoadDriverPrivilege
			SeBackupPrivilege
			SeRestorePrivilege
			SeDebugPrivilege
			SeAuditPrivilege
			SeSystemEnvironmentPrivilege
			SeImpersonatePrivilege
			SeDelegateSessionUserImpersonatePrivilege
",2026-01-17T03:48:12Z,Security,379770,4672,C:\Windows\System32\winevt\Logs\Security.evtx
"{""Provider"":{""Name"":""Microsoft-Windows-Security-Auditing"",""Guid"":""54849625-5478-4994-A5BA-3E3B0328C30D""},""EventID"":{""Value"":4672},""Version"":0,""Level"":0,""Task"":12548,""Opcode"":0,""Keywords"":9232379236109516800,""TimeCreated"":{""SystemTime"":1768621694.9635537},""EventRecordID"":379772,""Correlation"":{""ActivityID"":""A5D391A9-855E-0006-9098-D3A55E85DC01""},""Execution"":{""ProcessID"":1316,""ThreadID"":13180},""Channel"":""Security"",""Computer"":""HP"",""Security"":{}}","{""SubjectUserSid"":""S-1-5-18"",""SubjectUserName"":""SYSTEM"",""SubjectDomainName"":""NT AUTHORITY"",""SubjectLogonId"":999,""PrivilegeList"":""SeAssignPrimaryTokenPrivilege\r\n\t\t\tSeTcbPrivilege\r\n\t\t\tSeSecurityPrivilege\r\n\t\t\tSeTakeOwnershipPrivilege\r\n\t\t\tSeLoadDriverPrivilege\r\n\t\t\tSeBackupPrivilege\r\n\t\t\tSeRestorePrivilege\r\n\t\t\tSeDebugPrivilege\r\n\t\t\tSeAuditPrivilege\r\n\t\t\tSeSystemEnvironmentPrivilege\r\n\t\t\tSeImpersonatePrivilege\r\n\t\t\tSeDelegateSessionUserImpersonatePrivilege""}","Special privileges assigned to new logon.

Subject:
	Security ID:		S-1-5-18
	Account Name:		SYSTEM
	Account Domain:		NT AUTHORITY
	Logon ID:		999

Privileges:		SeAssignPrimaryTokenPrivilege
			SeTcbPrivilege
			SeSecurityPrivilege
			SeTakeOwnershipPrivilege
			SeLoadDriverPrivilege
			SeBackupPrivilege
			SeRestorePrivilege
			SeDebugPrivilege
			SeAuditPrivilege
			SeSystemEnvironmentPrivilege
			SeImpersonatePrivilege
			SeDelegateSessionUserImpersonatePrivilege
",2026-01-17T03:48:14Z,Security,379772,4672,C:\Windows\System32\winevt\Logs\Security.evtx
"{""Provider"":{""Name"":""Microsoft-Windows-Security-Auditing"",""Guid"":""54849625-5478-4994-A5BA-3E3B0328C30D""},""EventID"":{""Value"":4672},""Version"":0,""Level"":0,""Task"":12548,""Opcode"":0,""Keywords"":9232379236109516800,""TimeCreated"":{""SystemTime"":1768621700.3864288},""EventRecordID"":379818,""Correlation"":{""ActivityID"":""A5D391A9-855E-0006-9098-D3A55E85DC01""},""Execution"":{""ProcessID"":1316,""ThreadID"":5952},""Channel"":""Security"",""Computer"":""HP"",""Security"":{}}","{""SubjectUserSid"":""S-1-5-21-1295389332-1531396733-442933048-1001"",""SubjectUserName"":""lishacarlo16@outlook.com"",""SubjectDomainName"":""MicrosoftAccount"",""SubjectLogonId"":149798267,""PrivilegeList"":""SeSecurityPrivilege\r\n\t\t\tSeTakeOwnershipPrivilege\r\n\t\t\tSeLoadDriverPrivilege\r\n\t\t\tSeBackupPrivilege\r\n\t\t\tSeRestorePrivilege\r\n\t\t\tSeDebugPrivilege\r\n\t\t\tSeSystemEnvironmentPrivilege\r\n\t\t\tSeImpersonatePrivilege\r\n\t\t\tSeDelegateSessionUserImpersonatePrivilege""}","Special privileges assigned to new logon.

Subject:
	Security ID:		S-1-5-21-1295389332-1531396733-442933048-1001
	Account Name:		lishacarlo16@outlook.com
	Account Domain:		MicrosoftAccount
	Logon ID:		149798267

Privileges:		SeSecurityPrivilege
			SeTakeOwnershipPrivilege
			SeLoadDriverPrivilege
			SeBackupPrivilege
			SeRestorePrivilege
			SeDebugPrivilege
			SeSystemEnvironmentPrivilege
			SeImpersonatePrivilege
			SeDelegateSessionUserImpersonatePrivilege
",2026-01-17T03:48:20Z,Security,379818,4672,C:\Windows\System32\winevt\Logs\Security.evtx
"{""Provider"":{""Name"":""Microsoft-Windows-Security-Auditing"",""Guid"":""54849625-5478-4994-A5BA-3E3B0328C30D""},""EventID"":{""Value"":4672},""Version"":0,""Level"":0,""Task"":12548,""Opcode"":0,""Keywords"":9232379236109516800,""TimeCreated"":{""SystemTime"":1768621700.5089536},""EventRecordID"":379825,""Correlation"":{},""Execution"":{""ProcessID"":1316,""ThreadID"":18324},""Channel"":""Security"",""Computer"":""HP"",""Security"":{}}","{""SubjectUserSid"":""S-1-5-21-1295389332-1531396733-442933048-1001"",""SubjectUserName"":""lishacarlo16@outlook.com"",""SubjectDomainName"":""MicrosoftAccount"",""SubjectLogonId"":149803991,""PrivilegeList"":""SeSecurityPrivilege\r\n\t\t\tSeTakeOwnershipPrivilege\r\n\t\t\tSeLoadDriverPrivilege\r\n\t\t\tSeBackupPrivilege\r\n\t\t\tSeRestorePrivilege\r\n\t\t\tSeDebugPrivilege\r\n\t\t\tSeSystemEnvironmentPrivilege\r\n\t\t\tSeImpersonatePrivilege\r\n\t\t\tSeDelegateSessionUserImpersonatePrivilege""}","Special privileges assigned to new logon.

Subject:
	Security ID:		S-1-5-21-1295389332-1531396733-442933048-1001
	Account Name:		lishacarlo16@outlook.com
	Account Domain:		MicrosoftAccount
	Logon ID:		149803991

Privileges:		SeSecurityPrivilege
			SeTakeOwnershipPrivilege
			SeLoadDriverPrivilege
			SeBackupPrivilege
			SeRestorePrivilege
			SeDebugPrivilege
			SeSystemEnvironmentPrivilege
			SeImpersonatePrivilege
			SeDelegateSessionUserImpersonatePrivilege
",2026-01-17T03:48:20Z,Security,379825,4672,C:\Windows\System32\winevt\Logs\Security.evtx
"{""Provider"":{""Name"":""Microsoft-Windows-Security-Auditing"",""Guid"":""54849625-5478-4994-A5BA-3E3B0328C30D""},""EventID"":{""Value"":4672},""Version"":0,""Level"":0,""Task"":12548,""Opcode"":0,""Keywords"":9232379236109516800,""TimeCreated"":{""SystemTime"":1768621701.1321504},""EventRecordID"":379833,""Correlation"":{""ActivityID"":""A5D391A9-855E-0006-9098-D3A55E85DC01""},""Execution"":{""ProcessID"":1316,""ThreadID"":13180},""Channel"":""Security"",""Computer"":""HP"",""Security"":{}}","{""SubjectUserSid"":""S-1-5-18"",""SubjectUserName"":""SYSTEM"",""SubjectDomainName"":""NT AUTHORITY"",""SubjectLogonId"":999,""PrivilegeList"":""SeAssignPrimaryTokenPrivilege\r\n\t\t\tSeTcbPrivilege\r\n\t\t\tSeSecurityPrivilege\r\n\t\t\tSeTakeOwnershipPrivilege\r\n\t\t\tSeLoadDriverPrivilege\r\n\t\t\tSeBackupPrivilege\r\n\t\t\tSeRestorePrivilege\r\n\t\t\tSeDebugPrivilege\r\n\t\t\tSeAuditPrivilege\r\n\t\t\tSeSystemEnvironmentPrivilege\r\n\t\t\tSeImpersonatePrivilege\r\n\t\t\tSeDelegateSessionUserImpersonatePrivilege""}","Special privileges assigned to new logon.

Subject:
	Security ID:		S-1-5-18
	Account Name:		SYSTEM
	Account Domain:		NT AUTHORITY
	Logon ID:		999

Privileges:		SeAssignPrimaryTokenPrivilege
			SeTcbPrivilege
			SeSecurityPrivilege
			SeTakeOwnershipPrivilege
			SeLoadDriverPrivilege
			SeBackupPrivilege
			SeRestorePrivilege
			SeDebugPrivilege
			SeAuditPrivilege
			SeSystemEnvironmentPrivilege
			SeImpersonatePrivilege
			SeDelegateSessionUserImpersonatePrivilege
",2026-01-17T03:48:21Z,Security,379833,4672,C:\Windows\System32\winevt\Logs\Security.evtx
"{""Provider"":{""Name"":""Microsoft-Windows-Security-Auditing"",""Guid"":""54849625-5478-4994-A5BA-3E3B0328C30D""},""EventID"":{""Value"":4672},""Version"":0,""Level"":0,""Task"":12548,""Opcode"":0,""Keywords"":9232379236109516800,""TimeCreated"":{""SystemTime"":1768621701.138152},""EventRecordID"":379835,""Correlation"":{""ActivityID"":""A5D391A9-855E-0006-9098-D3A55E85DC01""},""Execution"":{""ProcessID"":1316,""ThreadID"":13180},""Channel"":""Security"",""Computer"":""HP"",""Security"":{}}","{""SubjectUserSid"":""S-1-5-18"",""SubjectUserName"":""SYSTEM"",""SubjectDomainName"":""NT AUTHORITY"",""SubjectLogonId"":999,""PrivilegeList"":""SeAssignPrimaryTokenPrivilege\r\n\t\t\tSeTcbPrivilege\r\n\t\t\tSeSecurityPrivilege\r\n\t\t\tSeTakeOwnershipPrivilege\r\n\t\t\tSeLoadDriverPrivilege\r\n\t\t\tSeBackupPrivilege\r\n\t\t\tSeRestorePrivilege\r\n\t\t\tSeDebugPrivilege\r\n\t\t\tSeAuditPrivilege\r\n\t\t\tSeSystemEnvironmentPrivilege\r\n\t\t\tSeImpersonatePrivilege\r\n\t\t\tSeDelegateSessionUserImpersonatePrivilege""}","Special privileges assigned to new logon.

Subject:
	Security ID:		S-1-5-18
	Account Name:		SYSTEM
	Account Domain:		NT AUTHORITY
	Logon ID:		999

Privileges:		SeAssignPrimaryTokenPrivilege
			SeTcbPrivilege
			SeSecurityPrivilege
			SeTakeOwnershipPrivilege
			SeLoadDriverPrivilege
			SeBackupPrivilege
			SeRestorePrivilege
			SeDebugPrivilege
			SeAuditPrivilege
			SeSystemEnvironmentPrivilege
			SeImpersonatePrivilege
			SeDelegateSessionUserImpersonatePrivilege
",2026-01-17T03:48:21Z,Security,379835,4672,C:\Windows\System32\winevt\Logs\Security.evtx
"{""Provider"":{""Name"":""Microsoft-Windows-Security-Auditing"",""Guid"":""54849625-5478-4994-A5BA-3E3B0328C30D""},""EventID"":{""Value"":4672},""Version"":0,""Level"":0,""Task"":12548,""Opcode"":0,""Keywords"":9232379236109516800,""TimeCreated"":{""SystemTime"":1768621701.1412687},""EventRecordID"":379837,""Correlation"":{""ActivityID"":""A5D391A9-855E-0006-9098-D3A55E85DC01""},""Execution"":{""ProcessID"":1316,""ThreadID"":21464},""Channel"":""Security"",""Computer"":""HP"",""Security"":{}}","{""SubjectUserSid"":""S-1-5-18"",""SubjectUserName"":""SYSTEM"",""SubjectDomainName"":""NT AUTHORITY"",""SubjectLogonId"":999,""PrivilegeList"":""SeAssignPrimaryTokenPrivilege\r\n\t\t\tSeTcbPrivilege\r\n\t\t\tSeSecurityPrivilege\r\n\t\t\tSeTakeOwnershipPrivilege\r\n\t\t\tSeLoadDriverPrivilege\r\n\t\t\tSeBackupPrivilege\r\n\t\t\tSeRestorePrivilege\r\n\t\t\tSeDebugPrivilege\r\n\t\t\tSeAuditPrivilege\r\n\t\t\tSeSystemEnvironmentPrivilege\r\n\t\t\tSeImpersonatePrivilege\r\n\t\t\tSeDelegateSessionUserImpersonatePrivilege""}","Special privileges assigned to new logon.

Subject:
	Security ID:		S-1-5-18
	Account Name:		SYSTEM
	Account Domain:		NT AUTHORITY
	Logon ID:		999

Privileges:		SeAssignPrimaryTokenPrivilege
			SeTcbPrivilege
			SeSecurityPrivilege
			SeTakeOwnershipPrivilege
			SeLoadDriverPrivilege
			SeBackupPrivilege
			SeRestorePrivilege
			SeDebugPrivilege
			SeAuditPrivilege
			SeSystemEnvironmentPrivilege
			SeImpersonatePrivilege
			SeDelegateSessionUserImpersonatePrivilege
",2026-01-17T03:48:21Z,Security,379837,4672,C:\Windows\System32\winevt\Logs\Security.evtx
"{""Provider"":{""Name"":""Microsoft-Windows-Security-Auditing"",""Guid"":""54849625-5478-4994-A5BA-3E3B0328C30D""},""EventID"":{""Value"":4672},""Version"":0,""Level"":0,""Task"":12548,""Opcode"":0,""Keywords"":9232379236109516800,""TimeCreated"":{""SystemTime"":1768621701.1650736},""EventRecordID"":379839,""Correlation"":{""ActivityID"":""A5D391A9-855E-0006-9098-D3A55E85DC01""},""Execution"":{""ProcessID"":1316,""ThreadID"":21464},""Channel"":""Security"",""Computer"":""HP"",""Security"":{}}","{""SubjectUserSid"":""S-1-5-18"",""SubjectUserName"":""SYSTEM"",""SubjectDomainName"":""NT AUTHORITY"",""SubjectLogonId"":999,""PrivilegeList"":""SeAssignPrimaryTokenPrivilege\r\n\t\t\tSeTcbPrivilege\r\n\t\t\tSeSecurityPrivilege\r\n\t\t\tSeTakeOwnershipPrivilege\r\n\t\t\tSeLoadDriverPrivilege\r\n\t\t\tSeBackupPrivilege\r\n\t\t\tSeRestorePrivilege\r\n\t\t\tSeDebugPrivilege\r\n\t\t\tSeAuditPrivilege\r\n\t\t\tSeSystemEnvironmentPrivilege\r\n\t\t\tSeImpersonatePrivilege\r\n\t\t\tSeDelegateSessionUserImpersonatePrivilege""}","Special privileges assigned to new logon.

Subject:
	Security ID:		S-1-5-18
	Account Name:		SYSTEM
	Account Domain:		NT AUTHORITY
	Logon ID:		999

Privileges:		SeAssignPrimaryTokenPrivilege
			SeTcbPrivilege
			SeSecurityPrivilege
			SeTakeOwnershipPrivilege
			SeLoadDriverPrivilege
			SeBackupPrivilege
			SeRestorePrivilege
			SeDebugPrivilege
			SeAuditPrivilege
			SeSystemEnvironmentPrivilege
			SeImpersonatePrivilege
			SeDelegateSessionUserImpersonatePrivilege
",2026-01-17T03:48:21Z,Security,379839,4672,C:\Windows\System32\winevt\Logs\Security.evtx
"{""Provider"":{""Name"":""Microsoft-Windows-Security-Auditing"",""Guid"":""54849625-5478-4994-A5BA-3E3B0328C30D""},""EventID"":{""Value"":4672},""Version"":0,""Level"":0,""Task"":12548,""Opcode"":0,""Keywords"":9232379236109516800,""TimeCreated"":{""SystemTime"":1768621701.1677504},""EventRecordID"":379841,""Correlation"":{""ActivityID"":""A5D391A9-855E-0006-9098-D3A55E85DC01""},""Execution"":{""ProcessID"":1316,""ThreadID"":21464},""Channel"":""Security"",""Computer"":""HP"",""Security"":{}}","{""SubjectUserSid"":""S-1-5-18"",""SubjectUserName"":""SYSTEM"",""SubjectDomainName"":""NT AUTHORITY"",""SubjectLogonId"":999,""PrivilegeList"":""SeAssignPrimaryTokenPrivilege\r\n\t\t\tSeTcbPrivilege\r\n\t\t\tSeSecurityPrivilege\r\n\t\t\tSeTakeOwnershipPrivilege\r\n\t\t\tSeLoadDriverPrivilege\r\n\t\t\tSeBackupPrivilege\r\n\t\t\tSeRestorePrivilege\r\n\t\t\tSeDebugPrivilege\r\n\t\t\tSeAuditPrivilege\r\n\t\t\tSeSystemEnvironmentPrivilege\r\n\t\t\tSeImpersonatePrivilege\r\n\t\t\tSeDelegateSessionUserImpersonatePrivilege""}","Special privileges assigned to new logon.

Subject:
	Security ID:		S-1-5-18
	Account Name:		SYSTEM
	Account Domain:		NT AUTHORITY
	Logon ID:		999

Privileges:		SeAssignPrimaryTokenPrivilege
			SeTcbPrivilege
			SeSecurityPrivilege
			SeTakeOwnershipPrivilege
			SeLoadDriverPrivilege
			SeBackupPrivilege
			SeRestorePrivilege
			SeDebugPrivilege
			SeAuditPrivilege
			SeSystemEnvironmentPrivilege
			SeImpersonatePrivilege
			SeDelegateSessionUserImpersonatePrivilege
",2026-01-17T03:48:21Z,Security,379841,4672,C:\Windows\System32\winevt\Logs\Security.evtx
