"{""Provider"":{""Name"":""Microsoft-Windows-Security-Auditing"",""Guid"":""54849625-5478-4994-A5BA-3E3B0328C30D""},""EventID"":{""Value"":4672},""Version"":0,""Level"":0,""Task"":12548,""Opcode"":0,""Keywords"":9232379236109516800,""TimeCreated"":{""SystemTime"":1768716024.6267807},""EventRecordID"":389222,""Correlation"":{""ActivityID"":""A5D391A9-855E-0006-9098-D3A55E85DC01""},""Execution"":{""ProcessID"":1316,""ThreadID"":24004},""Channel"":""Security"",""Computer"":""HP"",""Security"":{}}","{""SubjectUserSid"":""S-1-5-18"",""SubjectUserName"":""SYSTEM"",""SubjectDomainName"":""NT AUTHORITY"",""SubjectLogonId"":999,""PrivilegeList"":""SeAssignPrimaryTokenPrivilege\r\n\t\t\tSeTcbPrivilege\r\n\t\t\tSeSecurityPrivilege\r\n\t\t\tSeTakeOwnershipPrivilege\r\n\t\t\tSeLoadDriverPrivilege\r\n\t\t\tSeBackupPrivilege\r\n\t\t\tSeRestorePrivilege\r\n\t\t\tSeDebugPrivilege\r\n\t\t\tSeAuditPrivilege\r\n\t\t\tSeSystemEnvironmentPrivilege\r\n\t\t\tSeImpersonatePrivilege\r\n\t\t\tSeDelegateSessionUserImpersonatePrivilege""}","Special privileges assigned to new logon.

Subject:
	Security ID:		S-1-5-18
	Account Name:		SYSTEM
	Account Domain:		NT AUTHORITY
	Logon ID:		999

Privileges:		SeAssignPrimaryTokenPrivilege
			SeTcbPrivilege
			SeSecurityPrivilege
			SeTakeOwnershipPrivilege
			SeLoadDriverPrivilege
			SeBackupPrivilege
			SeRestorePrivilege
			SeDebugPrivilege
			SeAuditPrivilege
			SeSystemEnvironmentPrivilege
			SeImpersonatePrivilege
			SeDelegateSessionUserImpersonatePrivilege
",2026-01-18T06:00:24Z,Security,389222,4672,C:\Windows\System32\winevt\Logs\Security.evtx
"{""Provider"":{""Name"":""Microsoft-Windows-Security-Auditing"",""Guid"":""54849625-5478-4994-A5BA-3E3B0328C30D""},""EventID"":{""Value"":4672},""Version"":0,""Level"":0,""Task"":12548,""Opcode"":0,""Keywords"":9232379236109516800,""TimeCreated"":{""SystemTime"":1768716182.6815023},""EventRecordID"":389547,""Correlation"":{""ActivityID"":""A5D391A9-855E-0006-9098-D3A55E85DC01""},""Execution"":{""ProcessID"":1316,""ThreadID"":16484},""Channel"":""Security"",""Computer"":""HP"",""Security"":{}}","{""SubjectUserSid"":""S-1-5-18"",""SubjectUserName"":""SYSTEM"",""SubjectDomainName"":""NT AUTHORITY"",""SubjectLogonId"":999,""PrivilegeList"":""SeAssignPrimaryTokenPrivilege\r\n\t\t\tSeTcbPrivilege\r\n\t\t\tSeSecurityPrivilege\r\n\t\t\tSeTakeOwnershipPrivilege\r\n\t\t\tSeLoadDriverPrivilege\r\n\t\t\tSeBackupPrivilege\r\n\t\t\tSeRestorePrivilege\r\n\t\t\tSeDebugPrivilege\r\n\t\t\tSeAuditPrivilege\r\n\t\t\tSeSystemEnvironmentPrivilege\r\n\t\t\tSeImpersonatePrivilege\r\n\t\t\tSeDelegateSessionUserImpersonatePrivilege""}","Special privileges assigned to new logon.

Subject:
	Security ID:		S-1-5-18
	Account Name:		SYSTEM
	Account Domain:		NT AUTHORITY
	Logon ID:		999

Privileges:		SeAssignPrimaryTokenPrivilege
			SeTcbPrivilege
			SeSecurityPrivilege
			SeTakeOwnershipPrivilege
			SeLoadDriverPrivilege
			SeBackupPrivilege
			SeRestorePrivilege
			SeDebugPrivilege
			SeAuditPrivilege
			SeSystemEnvironmentPrivilege
			SeImpersonatePrivilege
			SeDelegateSessionUserImpersonatePrivilege
",2026-01-18T06:03:02Z,Security,389547,4672,C:\Windows\System32\winevt\Logs\Security.evtx
"{""Provider"":{""Name"":""Microsoft-Windows-Security-Auditing"",""Guid"":""54849625-5478-4994-A5BA-3E3B0328C30D""},""EventID"":{""Value"":4672},""Version"":0,""Level"":0,""Task"":12548,""Opcode"":0,""Keywords"":9232379236109516800,""TimeCreated"":{""SystemTime"":1768716282.70616},""EventRecordID"":389565,""Correlation"":{""ActivityID"":""A5D391A9-855E-0006-9098-D3A55E85DC01""},""Execution"":{""ProcessID"":1316,""ThreadID"":1984},""Channel"":""Security"",""Computer"":""HP"",""Security"":{}}","{""SubjectUserSid"":""S-1-5-18"",""SubjectUserName"":""SYSTEM"",""SubjectDomainName"":""NT AUTHORITY"",""SubjectLogonId"":999,""PrivilegeList"":""SeAssignPrimaryTokenPrivilege\r\n\t\t\tSeTcbPrivilege\r\n\t\t\tSeSecurityPrivilege\r\n\t\t\tSeTakeOwnershipPrivilege\r\n\t\t\tSeLoadDriverPrivilege\r\n\t\t\tSeBackupPrivilege\r\n\t\t\tSeRestorePrivilege\r\n\t\t\tSeDebugPrivilege\r\n\t\t\tSeAuditPrivilege\r\n\t\t\tSeSystemEnvironmentPrivilege\r\n\t\t\tSeImpersonatePrivilege\r\n\t\t\tSeDelegateSessionUserImpersonatePrivilege""}","Special privileges assigned to new logon.

Subject:
	Security ID:		S-1-5-18
	Account Name:		SYSTEM
	Account Domain:		NT AUTHORITY
	Logon ID:		999

Privileges:		SeAssignPrimaryTokenPrivilege
			SeTcbPrivilege
			SeSecurityPrivilege
			SeTakeOwnershipPrivilege
			SeLoadDriverPrivilege
			SeBackupPrivilege
			SeRestorePrivilege
			SeDebugPrivilege
			SeAuditPrivilege
			SeSystemEnvironmentPrivilege
			SeImpersonatePrivilege
			SeDelegateSessionUserImpersonatePrivilege
",2026-01-18T06:04:42Z,Security,389565,4672,C:\Windows\System32\winevt\Logs\Security.evtx
"{""Provider"":{""Name"":""Microsoft-Windows-Security-Auditing"",""Guid"":""54849625-5478-4994-A5BA-3E3B0328C30D""},""EventID"":{""Value"":4672},""Version"":0,""Level"":0,""Task"":12548,""Opcode"":0,""Keywords"":9232379236109516800,""TimeCreated"":{""SystemTime"":1768716506.5782928},""EventRecordID"":389669,""Correlation"":{""ActivityID"":""A5D391A9-855E-0006-9098-D3A55E85DC01""},""Execution"":{""ProcessID"":1316,""ThreadID"":1984},""Channel"":""Security"",""Computer"":""HP"",""Security"":{}}","{""SubjectUserSid"":""S-1-5-18"",""SubjectUserName"":""SYSTEM"",""SubjectDomainName"":""NT AUTHORITY"",""SubjectLogonId"":999,""PrivilegeList"":""SeAssignPrimaryTokenPrivilege\r\n\t\t\tSeTcbPrivilege\r\n\t\t\tSeSecurityPrivilege\r\n\t\t\tSeTakeOwnershipPrivilege\r\n\t\t\tSeLoadDriverPrivilege\r\n\t\t\tSeBackupPrivilege\r\n\t\t\tSeRestorePrivilege\r\n\t\t\tSeDebugPrivilege\r\n\t\t\tSeAuditPrivilege\r\n\t\t\tSeSystemEnvironmentPrivilege\r\n\t\t\tSeImpersonatePrivilege\r\n\t\t\tSeDelegateSessionUserImpersonatePrivilege""}","Special privileges assigned to new logon.

Subject:
	Security ID:		S-1-5-18
	Account Name:		SYSTEM
	Account Domain:		NT AUTHORITY
	Logon ID:		999

Privileges:		SeAssignPrimaryTokenPrivilege
			SeTcbPrivilege
			SeSecurityPrivilege
			SeTakeOwnershipPrivilege
			SeLoadDriverPrivilege
			SeBackupPrivilege
			SeRestorePrivilege
			SeDebugPrivilege
			SeAuditPrivilege
			SeSystemEnvironmentPrivilege
			SeImpersonatePrivilege
			SeDelegateSessionUserImpersonatePrivilege
",2026-01-18T06:08:26Z,Security,389669,4672,C:\Windows\System32\winevt\Logs\Security.evtx
"{""Provider"":{""Name"":""Microsoft-Windows-Security-Auditing"",""Guid"":""54849625-5478-4994-A5BA-3E3B0328C30D""},""EventID"":{""Value"":4672},""Version"":0,""Level"":0,""Task"":12548,""Opcode"":0,""Keywords"":9232379236109516800,""TimeCreated"":{""SystemTime"":1768717146.8400865},""EventRecordID"":389785,""Correlation"":{""ActivityID"":""A5D391A9-855E-0006-9098-D3A55E85DC01""},""Execution"":{""ProcessID"":1316,""ThreadID"":1984},""Channel"":""Security"",""Computer"":""HP"",""Security"":{}}","{""SubjectUserSid"":""S-1-5-18"",""SubjectUserName"":""SYSTEM"",""SubjectDomainName"":""NT AUTHORITY"",""SubjectLogonId"":999,""PrivilegeList"":""SeAssignPrimaryTokenPrivilege\r\n\t\t\tSeTcbPrivilege\r\n\t\t\tSeSecurityPrivilege\r\n\t\t\tSeTakeOwnershipPrivilege\r\n\t\t\tSeLoadDriverPrivilege\r\n\t\t\tSeBackupPrivilege\r\n\t\t\tSeRestorePrivilege\r\n\t\t\tSeDebugPrivilege\r\n\t\t\tSeAuditPrivilege\r\n\t\t\tSeSystemEnvironmentPrivilege\r\n\t\t\tSeImpersonatePrivilege\r\n\t\t\tSeDelegateSessionUserImpersonatePrivilege""}","Special privileges assigned to new logon.

Subject:
	Security ID:		S-1-5-18
	Account Name:		SYSTEM
	Account Domain:		NT AUTHORITY
	Logon ID:		999

Privileges:		SeAssignPrimaryTokenPrivilege
			SeTcbPrivilege
			SeSecurityPrivilege
			SeTakeOwnershipPrivilege
			SeLoadDriverPrivilege
			SeBackupPrivilege
			SeRestorePrivilege
			SeDebugPrivilege
			SeAuditPrivilege
			SeSystemEnvironmentPrivilege
			SeImpersonatePrivilege
			SeDelegateSessionUserImpersonatePrivilege
",2026-01-18T06:19:06Z,Security,389785,4672,C:\Windows\System32\winevt\Logs\Security.evtx
"{""Provider"":{""Name"":""Microsoft-Windows-Security-Auditing"",""Guid"":""54849625-5478-4994-A5BA-3E3B0328C30D""},""EventID"":{""Value"":4672},""Version"":0,""Level"":0,""Task"":12548,""Opcode"":0,""Keywords"":9232379236109516800,""TimeCreated"":{""SystemTime"":1768717253.3279777},""EventRecordID"":389795,""Correlation"":{""ActivityID"":""A5D391A9-855E-0006-9098-D3A55E85DC01""},""Execution"":{""ProcessID"":1316,""ThreadID"":1984},""Channel"":""Security"",""Computer"":""HP"",""Security"":{}}","{""SubjectUserSid"":""S-1-5-18"",""SubjectUserName"":""SYSTEM"",""SubjectDomainName"":""NT AUTHORITY"",""SubjectLogonId"":999,""PrivilegeList"":""SeAssignPrimaryTokenPrivilege\r\n\t\t\tSeTcbPrivilege\r\n\t\t\tSeSecurityPrivilege\r\n\t\t\tSeTakeOwnershipPrivilege\r\n\t\t\tSeLoadDriverPrivilege\r\n\t\t\tSeBackupPrivilege\r\n\t\t\tSeRestorePrivilege\r\n\t\t\tSeDebugPrivilege\r\n\t\t\tSeAuditPrivilege\r\n\t\t\tSeSystemEnvironmentPrivilege\r\n\t\t\tSeImpersonatePrivilege\r\n\t\t\tSeDelegateSessionUserImpersonatePrivilege""}","Special privileges assigned to new logon.

Subject:
	Security ID:		S-1-5-18
	Account Name:		SYSTEM
	Account Domain:		NT AUTHORITY
	Logon ID:		999

Privileges:		SeAssignPrimaryTokenPrivilege
			SeTcbPrivilege
			SeSecurityPrivilege
			SeTakeOwnershipPrivilege
			SeLoadDriverPrivilege
			SeBackupPrivilege
			SeRestorePrivilege
			SeDebugPrivilege
			SeAuditPrivilege
			SeSystemEnvironmentPrivilege
			SeImpersonatePrivilege
			SeDelegateSessionUserImpersonatePrivilege
",2026-01-18T06:20:53Z,Security,389795,4672,C:\Windows\System32\winevt\Logs\Security.evtx
"{""Provider"":{""Name"":""Microsoft-Windows-Security-Auditing"",""Guid"":""54849625-5478-4994-A5BA-3E3B0328C30D""},""EventID"":{""Value"":4672},""Version"":0,""Level"":0,""Task"":12548,""Opcode"":0,""Keywords"":9232379236109516800,""TimeCreated"":{""SystemTime"":1768717387.6684575},""EventRecordID"":389813,""Correlation"":{""ActivityID"":""A5D391A9-855E-0006-9098-D3A55E85DC01""},""Execution"":{""ProcessID"":1316,""ThreadID"":19792},""Channel"":""Security"",""Computer"":""HP"",""Security"":{}}","{""SubjectUserSid"":""S-1-5-18"",""SubjectUserName"":""SYSTEM"",""SubjectDomainName"":""NT AUTHORITY"",""SubjectLogonId"":999,""PrivilegeList"":""SeAssignPrimaryTokenPrivilege\r\n\t\t\tSeTcbPrivilege\r\n\t\t\tSeSecurityPrivilege\r\n\t\t\tSeTakeOwnershipPrivilege\r\n\t\t\tSeLoadDriverPrivilege\r\n\t\t\tSeBackupPrivilege\r\n\t\t\tSeRestorePrivilege\r\n\t\t\tSeDebugPrivilege\r\n\t\t\tSeAuditPrivilege\r\n\t\t\tSeSystemEnvironmentPrivilege\r\n\t\t\tSeImpersonatePrivilege\r\n\t\t\tSeDelegateSessionUserImpersonatePrivilege""}","Special privileges assigned to new logon.

Subject:
	Security ID:		S-1-5-18
	Account Name:		SYSTEM
	Account Domain:		NT AUTHORITY
	Logon ID:		999

Privileges:		SeAssignPrimaryTokenPrivilege
			SeTcbPrivilege
			SeSecurityPrivilege
			SeTakeOwnershipPrivilege
			SeLoadDriverPrivilege
			SeBackupPrivilege
			SeRestorePrivilege
			SeDebugPrivilege
			SeAuditPrivilege
			SeSystemEnvironmentPrivilege
			SeImpersonatePrivilege
			SeDelegateSessionUserImpersonatePrivilege
",2026-01-18T06:23:07Z,Security,389813,4672,C:\Windows\System32\winevt\Logs\Security.evtx
"{""Provider"":{""Name"":""Microsoft-Windows-Security-Auditing"",""Guid"":""54849625-5478-4994-A5BA-3E3B0328C30D""},""EventID"":{""Value"":4672},""Version"":0,""Level"":0,""Task"":12548,""Opcode"":0,""Keywords"":9232379236109516800,""TimeCreated"":{""SystemTime"":1768717406.8234177},""EventRecordID"":389815,""Correlation"":{""ActivityID"":""A5D391A9-855E-0006-9098-D3A55E85DC01""},""Execution"":{""ProcessID"":1316,""ThreadID"":19792},""Channel"":""Security"",""Computer"":""HP"",""Security"":{}}","{""SubjectUserSid"":""S-1-5-18"",""SubjectUserName"":""SYSTEM"",""SubjectDomainName"":""NT AUTHORITY"",""SubjectLogonId"":999,""PrivilegeList"":""SeAssignPrimaryTokenPrivilege\r\n\t\t\tSeTcbPrivilege\r\n\t\t\tSeSecurityPrivilege\r\n\t\t\tSeTakeOwnershipPrivilege\r\n\t\t\tSeLoadDriverPrivilege\r\n\t\t\tSeBackupPrivilege\r\n\t\t\tSeRestorePrivilege\r\n\t\t\tSeDebugPrivilege\r\n\t\t\tSeAuditPrivilege\r\n\t\t\tSeSystemEnvironmentPrivilege\r\n\t\t\tSeImpersonatePrivilege\r\n\t\t\tSeDelegateSessionUserImpersonatePrivilege""}","Special privileges assigned to new logon.

Subject:
	Security ID:		S-1-5-18
	Account Name:		SYSTEM
	Account Domain:		NT AUTHORITY
	Logon ID:		999

Privileges:		SeAssignPrimaryTokenPrivilege
			SeTcbPrivilege
			SeSecurityPrivilege
			SeTakeOwnershipPrivilege
			SeLoadDriverPrivilege
			SeBackupPrivilege
			SeRestorePrivilege
			SeDebugPrivilege
			SeAuditPrivilege
			SeSystemEnvironmentPrivilege
			SeImpersonatePrivilege
			SeDelegateSessionUserImpersonatePrivilege
",2026-01-18T06:23:26Z,Security,389815,4672,C:\Windows\System32\winevt\Logs\Security.evtx
"{""Provider"":{""Name"":""Microsoft-Windows-Security-Auditing"",""Guid"":""54849625-5478-4994-A5BA-3E3B0328C30D""},""EventID"":{""Value"":4672},""Version"":0,""Level"":0,""Task"":12548,""Opcode"":0,""Keywords"":9232379236109516800,""TimeCreated"":{""SystemTime"":1768717533.5852704},""EventRecordID"":389833,""Correlation"":{""ActivityID"":""A5D391A9-855E-0006-9098-D3A55E85DC01""},""Execution"":{""ProcessID"":1316,""ThreadID"":19792},""Channel"":""Security"",""Computer"":""HP"",""Security"":{}}","{""SubjectUserSid"":""S-1-5-18"",""SubjectUserName"":""SYSTEM"",""SubjectDomainName"":""NT AUTHORITY"",""SubjectLogonId"":999,""PrivilegeList"":""SeAssignPrimaryTokenPrivilege\r\n\t\t\tSeTcbPrivilege\r\n\t\t\tSeSecurityPrivilege\r\n\t\t\tSeTakeOwnershipPrivilege\r\n\t\t\tSeLoadDriverPrivilege\r\n\t\t\tSeBackupPrivilege\r\n\t\t\tSeRestorePrivilege\r\n\t\t\tSeDebugPrivilege\r\n\t\t\tSeAuditPrivilege\r\n\t\t\tSeSystemEnvironmentPrivilege\r\n\t\t\tSeImpersonatePrivilege\r\n\t\t\tSeDelegateSessionUserImpersonatePrivilege""}","Special privileges assigned to new logon.

Subject:
	Security ID:		S-1-5-18
	Account Name:		SYSTEM
	Account Domain:		NT AUTHORITY
	Logon ID:		999

Privileges:		SeAssignPrimaryTokenPrivilege
			SeTcbPrivilege
			SeSecurityPrivilege
			SeTakeOwnershipPrivilege
			SeLoadDriverPrivilege
			SeBackupPrivilege
			SeRestorePrivilege
			SeDebugPrivilege
			SeAuditPrivilege
			SeSystemEnvironmentPrivilege
			SeImpersonatePrivilege
			SeDelegateSessionUserImpersonatePrivilege
",2026-01-18T06:25:33Z,Security,389833,4672,C:\Windows\System32\winevt\Logs\Security.evtx
"{""Provider"":{""Name"":""Microsoft-Windows-Security-Auditing"",""Guid"":""54849625-5478-4994-A5BA-3E3B0328C30D""},""EventID"":{""Value"":4672},""Version"":0,""Level"":0,""Task"":12548,""Opcode"":0,""Keywords"":9232379236109516800,""TimeCreated"":{""SystemTime"":1768717660.1204753},""EventRecordID"":389851,""Correlation"":{""ActivityID"":""A5D391A9-855E-0006-9098-D3A55E85DC01""},""Execution"":{""ProcessID"":1316,""ThreadID"":1984},""Channel"":""Security"",""Computer"":""HP"",""Security"":{}}","{""SubjectUserSid"":""S-1-5-18"",""SubjectUserName"":""SYSTEM"",""SubjectDomainName"":""NT AUTHORITY"",""SubjectLogonId"":999,""PrivilegeList"":""SeAssignPrimaryTokenPrivilege\r\n\t\t\tSeTcbPrivilege\r\n\t\t\tSeSecurityPrivilege\r\n\t\t\tSeTakeOwnershipPrivilege\r\n\t\t\tSeLoadDriverPrivilege\r\n\t\t\tSeBackupPrivilege\r\n\t\t\tSeRestorePrivilege\r\n\t\t\tSeDebugPrivilege\r\n\t\t\tSeAuditPrivilege\r\n\t\t\tSeSystemEnvironmentPrivilege\r\n\t\t\tSeImpersonatePrivilege\r\n\t\t\tSeDelegateSessionUserImpersonatePrivilege""}","Special privileges assigned to new logon.

Subject:
	Security ID:		S-1-5-18
	Account Name:		SYSTEM
	Account Domain:		NT AUTHORITY
	Logon ID:		999

Privileges:		SeAssignPrimaryTokenPrivilege
			SeTcbPrivilege
			SeSecurityPrivilege
			SeTakeOwnershipPrivilege
			SeLoadDriverPrivilege
			SeBackupPrivilege
			SeRestorePrivilege
			SeDebugPrivilege
			SeAuditPrivilege
			SeSystemEnvironmentPrivilege
			SeImpersonatePrivilege
			SeDelegateSessionUserImpersonatePrivilege
",2026-01-18T06:27:40Z,Security,389851,4672,C:\Windows\System32\winevt\Logs\Security.evtx
"{""Provider"":{""Name"":""Microsoft-Windows-Security-Auditing"",""Guid"":""54849625-5478-4994-A5BA-3E3B0328C30D""},""EventID"":{""Value"":4672},""Version"":0,""Level"":0,""Task"":12548,""Opcode"":0,""Keywords"":9232379236109516800,""TimeCreated"":{""SystemTime"":1768718306.9356847},""EventRecordID"":389909,""Correlation"":{""ActivityID"":""A5D391A9-855E-0006-9098-D3A55E85DC01""},""Execution"":{""ProcessID"":1316,""ThreadID"":12416},""Channel"":""Security"",""Computer"":""HP"",""Security"":{}}","{""SubjectUserSid"":""S-1-5-18"",""SubjectUserName"":""SYSTEM"",""SubjectDomainName"":""NT AUTHORITY"",""SubjectLogonId"":999,""PrivilegeList"":""SeAssignPrimaryTokenPrivilege\r\n\t\t\tSeTcbPrivilege\r\n\t\t\tSeSecurityPrivilege\r\n\t\t\tSeTakeOwnershipPrivilege\r\n\t\t\tSeLoadDriverPrivilege\r\n\t\t\tSeBackupPrivilege\r\n\t\t\tSeRestorePrivilege\r\n\t\t\tSeDebugPrivilege\r\n\t\t\tSeAuditPrivilege\r\n\t\t\tSeSystemEnvironmentPrivilege\r\n\t\t\tSeImpersonatePrivilege\r\n\t\t\tSeDelegateSessionUserImpersonatePrivilege""}","Special privileges assigned to new logon.

Subject:
	Security ID:		S-1-5-18
	Account Name:		SYSTEM
	Account Domain:		NT AUTHORITY
	Logon ID:		999

Privileges:		SeAssignPrimaryTokenPrivilege
			SeTcbPrivilege
			SeSecurityPrivilege
			SeTakeOwnershipPrivilege
			SeLoadDriverPrivilege
			SeBackupPrivilege
			SeRestorePrivilege
			SeDebugPrivilege
			SeAuditPrivilege
			SeSystemEnvironmentPrivilege
			SeImpersonatePrivilege
			SeDelegateSessionUserImpersonatePrivilege
",2026-01-18T06:38:26Z,Security,389909,4672,C:\Windows\System32\winevt\Logs\Security.evtx
"{""Provider"":{""Name"":""Microsoft-Windows-Security-Auditing"",""Guid"":""54849625-5478-4994-A5BA-3E3B0328C30D""},""EventID"":{""Value"":4672},""Version"":0,""Level"":0,""Task"":12548,""Opcode"":0,""Keywords"":9232379236109516800,""TimeCreated"":{""SystemTime"":1768718370.885224},""EventRecordID"":389919,""Correlation"":{""ActivityID"":""A5D391A9-855E-0006-9098-D3A55E85DC01""},""Execution"":{""ProcessID"":1316,""ThreadID"":9036},""Channel"":""Security"",""Computer"":""HP"",""Security"":{}}","{""SubjectUserSid"":""S-1-5-18"",""SubjectUserName"":""SYSTEM"",""SubjectDomainName"":""NT AUTHORITY"",""SubjectLogonId"":999,""PrivilegeList"":""SeAssignPrimaryTokenPrivilege\r\n\t\t\tSeTcbPrivilege\r\n\t\t\tSeSecurityPrivilege\r\n\t\t\tSeTakeOwnershipPrivilege\r\n\t\t\tSeLoadDriverPrivilege\r\n\t\t\tSeBackupPrivilege\r\n\t\t\tSeRestorePrivilege\r\n\t\t\tSeDebugPrivilege\r\n\t\t\tSeAuditPrivilege\r\n\t\t\tSeSystemEnvironmentPrivilege\r\n\t\t\tSeImpersonatePrivilege\r\n\t\t\tSeDelegateSessionUserImpersonatePrivilege""}","Special privileges assigned to new logon.

Subject:
	Security ID:		S-1-5-18
	Account Name:		SYSTEM
	Account Domain:		NT AUTHORITY
	Logon ID:		999

Privileges:		SeAssignPrimaryTokenPrivilege
			SeTcbPrivilege
			SeSecurityPrivilege
			SeTakeOwnershipPrivilege
			SeLoadDriverPrivilege
			SeBackupPrivilege
			SeRestorePrivilege
			SeDebugPrivilege
			SeAuditPrivilege
			SeSystemEnvironmentPrivilege
			SeImpersonatePrivilege
			SeDelegateSessionUserImpersonatePrivilege
",2026-01-18T06:39:30Z,Security,389919,4672,C:\Windows\System32\winevt\Logs\Security.evtx
"{""Provider"":{""Name"":""Microsoft-Windows-Security-Auditing"",""Guid"":""54849625-5478-4994-A5BA-3E3B0328C30D""},""EventID"":{""Value"":4672},""Version"":0,""Level"":0,""Task"":12548,""Opcode"":0,""Keywords"":9232379236109516800,""TimeCreated"":{""SystemTime"":1768718559.8069344},""EventRecordID"":389953,""Correlation"":{""ActivityID"":""A5D391A9-855E-0006-9098-D3A55E85DC01""},""Execution"":{""ProcessID"":1316,""ThreadID"":2636},""Channel"":""Security"",""Computer"":""HP"",""Security"":{}}","{""SubjectUserSid"":""S-1-5-18"",""SubjectUserName"":""SYSTEM"",""SubjectDomainName"":""NT AUTHORITY"",""SubjectLogonId"":999,""PrivilegeList"":""SeAssignPrimaryTokenPrivilege\r\n\t\t\tSeTcbPrivilege\r\n\t\t\tSeSecurityPrivilege\r\n\t\t\tSeTakeOwnershipPrivilege\r\n\t\t\tSeLoadDriverPrivilege\r\n\t\t\tSeBackupPrivilege\r\n\t\t\tSeRestorePrivilege\r\n\t\t\tSeDebugPrivilege\r\n\t\t\tSeAuditPrivilege\r\n\t\t\tSeSystemEnvironmentPrivilege\r\n\t\t\tSeImpersonatePrivilege\r\n\t\t\tSeDelegateSessionUserImpersonatePrivilege""}","Special privileges assigned to new logon.

Subject:
	Security ID:		S-1-5-18
	Account Name:		SYSTEM
	Account Domain:		NT AUTHORITY
	Logon ID:		999

Privileges:		SeAssignPrimaryTokenPrivilege
			SeTcbPrivilege
			SeSecurityPrivilege
			SeTakeOwnershipPrivilege
			SeLoadDriverPrivilege
			SeBackupPrivilege
			SeRestorePrivilege
			SeDebugPrivilege
			SeAuditPrivilege
			SeSystemEnvironmentPrivilege
			SeImpersonatePrivilege
			SeDelegateSessionUserImpersonatePrivilege
",2026-01-18T06:42:39Z,Security,389953,4672,C:\Windows\System32\winevt\Logs\Security.evtx
"{""Provider"":{""Name"":""Microsoft-Windows-Security-Auditing"",""Guid"":""54849625-5478-4994-A5BA-3E3B0328C30D""},""EventID"":{""Value"":4672},""Version"":0,""Level"":0,""Task"":12548,""Opcode"":0,""Keywords"":9232379236109516800,""TimeCreated"":{""SystemTime"":1768718566.0896049},""EventRecordID"":389964,""Correlation"":{""ActivityID"":""A5D391A9-855E-0006-9098-D3A55E85DC01""},""Execution"":{""ProcessID"":1316,""ThreadID"":19728},""Channel"":""Security"",""Computer"":""HP"",""Security"":{}}","{""SubjectUserSid"":""S-1-5-18"",""SubjectUserName"":""SYSTEM"",""SubjectDomainName"":""NT AUTHORITY"",""SubjectLogonId"":999,""PrivilegeList"":""SeAssignPrimaryTokenPrivilege\r\n\t\t\tSeTcbPrivilege\r\n\t\t\tSeSecurityPrivilege\r\n\t\t\tSeTakeOwnershipPrivilege\r\n\t\t\tSeLoadDriverPrivilege\r\n\t\t\tSeBackupPrivilege\r\n\t\t\tSeRestorePrivilege\r\n\t\t\tSeDebugPrivilege\r\n\t\t\tSeAuditPrivilege\r\n\t\t\tSeSystemEnvironmentPrivilege\r\n\t\t\tSeImpersonatePrivilege\r\n\t\t\tSeDelegateSessionUserImpersonatePrivilege""}","Special privileges assigned to new logon.

Subject:
	Security ID:		S-1-5-18
	Account Name:		SYSTEM
	Account Domain:		NT AUTHORITY
	Logon ID:		999

Privileges:		SeAssignPrimaryTokenPrivilege
			SeTcbPrivilege
			SeSecurityPrivilege
			SeTakeOwnershipPrivilege
			SeLoadDriverPrivilege
			SeBackupPrivilege
			SeRestorePrivilege
			SeDebugPrivilege
			SeAuditPrivilege
			SeSystemEnvironmentPrivilege
			SeImpersonatePrivilege
			SeDelegateSessionUserImpersonatePrivilege
",2026-01-18T06:42:46Z,Security,389964,4672,C:\Windows\System32\winevt\Logs\Security.evtx
"{""Provider"":{""Name"":""Microsoft-Windows-Security-Auditing"",""Guid"":""54849625-5478-4994-A5BA-3E3B0328C30D""},""EventID"":{""Value"":4672},""Version"":0,""Level"":0,""Task"":12548,""Opcode"":0,""Keywords"":9232379236109516800,""TimeCreated"":{""SystemTime"":1768718566.9608464},""EventRecordID"":389966,""Correlation"":{""ActivityID"":""A5D391A9-855E-0006-9098-D3A55E85DC01""},""Execution"":{""ProcessID"":1316,""ThreadID"":19728},""Channel"":""Security"",""Computer"":""HP"",""Security"":{}}","{""SubjectUserSid"":""S-1-5-18"",""SubjectUserName"":""SYSTEM"",""SubjectDomainName"":""NT AUTHORITY"",""SubjectLogonId"":999,""PrivilegeList"":""SeAssignPrimaryTokenPrivilege\r\n\t\t\tSeTcbPrivilege\r\n\t\t\tSeSecurityPrivilege\r\n\t\t\tSeTakeOwnershipPrivilege\r\n\t\t\tSeLoadDriverPrivilege\r\n\t\t\tSeBackupPrivilege\r\n\t\t\tSeRestorePrivilege\r\n\t\t\tSeDebugPrivilege\r\n\t\t\tSeAuditPrivilege\r\n\t\t\tSeSystemEnvironmentPrivilege\r\n\t\t\tSeImpersonatePrivilege\r\n\t\t\tSeDelegateSessionUserImpersonatePrivilege""}","Special privileges assigned to new logon.

Subject:
	Security ID:		S-1-5-18
	Account Name:		SYSTEM
	Account Domain:		NT AUTHORITY
	Logon ID:		999

Privileges:		SeAssignPrimaryTokenPrivilege
			SeTcbPrivilege
			SeSecurityPrivilege
			SeTakeOwnershipPrivilege
			SeLoadDriverPrivilege
			SeBackupPrivilege
			SeRestorePrivilege
			SeDebugPrivilege
			SeAuditPrivilege
			SeSystemEnvironmentPrivilege
			SeImpersonatePrivilege
			SeDelegateSessionUserImpersonatePrivilege
",2026-01-18T06:42:46Z,Security,389966,4672,C:\Windows\System32\winevt\Logs\Security.evtx
"{""Provider"":{""Name"":""Microsoft-Windows-Security-Auditing"",""Guid"":""54849625-5478-4994-A5BA-3E3B0328C30D""},""EventID"":{""Value"":4672},""Version"":0,""Level"":0,""Task"":12548,""Opcode"":0,""Keywords"":9232379236109516800,""TimeCreated"":{""SystemTime"":1768718629.315128},""EventRecordID"":389984,""Correlation"":{""ActivityID"":""A5D391A9-855E-0006-9098-D3A55E85DC01""},""Execution"":{""ProcessID"":1316,""ThreadID"":19728},""Channel"":""Security"",""Computer"":""HP"",""Security"":{}}","{""SubjectUserSid"":""S-1-5-18"",""SubjectUserName"":""SYSTEM"",""SubjectDomainName"":""NT AUTHORITY"",""SubjectLogonId"":999,""PrivilegeList"":""SeAssignPrimaryTokenPrivilege\r\n\t\t\tSeTcbPrivilege\r\n\t\t\tSeSecurityPrivilege\r\n\t\t\tSeTakeOwnershipPrivilege\r\n\t\t\tSeLoadDriverPrivilege\r\n\t\t\tSeBackupPrivilege\r\n\t\t\tSeRestorePrivilege\r\n\t\t\tSeDebugPrivilege\r\n\t\t\tSeAuditPrivilege\r\n\t\t\tSeSystemEnvironmentPrivilege\r\n\t\t\tSeImpersonatePrivilege\r\n\t\t\tSeDelegateSessionUserImpersonatePrivilege""}","Special privileges assigned to new logon.

Subject:
	Security ID:		S-1-5-18
	Account Name:		SYSTEM
	Account Domain:		NT AUTHORITY
	Logon ID:		999

Privileges:		SeAssignPrimaryTokenPrivilege
			SeTcbPrivilege
			SeSecurityPrivilege
			SeTakeOwnershipPrivilege
			SeLoadDriverPrivilege
			SeBackupPrivilege
			SeRestorePrivilege
			SeDebugPrivilege
			SeAuditPrivilege
			SeSystemEnvironmentPrivilege
			SeImpersonatePrivilege
			SeDelegateSessionUserImpersonatePrivilege
",2026-01-18T06:43:49Z,Security,389984,4672,C:\Windows\System32\winevt\Logs\Security.evtx
"{""Provider"":{""Name"":""Microsoft-Windows-Security-Auditing"",""Guid"":""54849625-5478-4994-A5BA-3E3B0328C30D""},""EventID"":{""Value"":4672},""Version"":0,""Level"":0,""Task"":12548,""Opcode"":0,""Keywords"":9232379236109516800,""TimeCreated"":{""SystemTime"":1768718695.510456},""EventRecordID"":389994,""Correlation"":{""ActivityID"":""A5D391A9-855E-0006-9098-D3A55E85DC01""},""Execution"":{""ProcessID"":1316,""ThreadID"":19728},""Channel"":""Security"",""Computer"":""HP"",""Security"":{}}","{""SubjectUserSid"":""S-1-5-18"",""SubjectUserName"":""SYSTEM"",""SubjectDomainName"":""NT AUTHORITY"",""SubjectLogonId"":999,""PrivilegeList"":""SeAssignPrimaryTokenPrivilege\r\n\t\t\tSeTcbPrivilege\r\n\t\t\tSeSecurityPrivilege\r\n\t\t\tSeTakeOwnershipPrivilege\r\n\t\t\tSeLoadDriverPrivilege\r\n\t\t\tSeBackupPrivilege\r\n\t\t\tSeRestorePrivilege\r\n\t\t\tSeDebugPrivilege\r\n\t\t\tSeAuditPrivilege\r\n\t\t\tSeSystemEnvironmentPrivilege\r\n\t\t\tSeImpersonatePrivilege\r\n\t\t\tSeDelegateSessionUserImpersonatePrivilege""}","Special privileges assigned to new logon.

Subject:
	Security ID:		S-1-5-18
	Account Name:		SYSTEM
	Account Domain:		NT AUTHORITY
	Logon ID:		999

Privileges:		SeAssignPrimaryTokenPrivilege
			SeTcbPrivilege
			SeSecurityPrivilege
			SeTakeOwnershipPrivilege
			SeLoadDriverPrivilege
			SeBackupPrivilege
			SeRestorePrivilege
			SeDebugPrivilege
			SeAuditPrivilege
			SeSystemEnvironmentPrivilege
			SeImpersonatePrivilege
			SeDelegateSessionUserImpersonatePrivilege
",2026-01-18T06:44:55Z,Security,389994,4672,C:\Windows\System32\winevt\Logs\Security.evtx
"{""Provider"":{""Name"":""Microsoft-Windows-Security-Auditing"",""Guid"":""54849625-5478-4994-A5BA-3E3B0328C30D""},""EventID"":{""Value"":4672},""Version"":0,""Level"":0,""Task"":12548,""Opcode"":0,""Keywords"":9232379236109516800,""TimeCreated"":{""SystemTime"":1768718762.1723504},""EventRecordID"":389996,""Correlation"":{""ActivityID"":""A5D391A9-855E-0006-9098-D3A55E85DC01""},""Execution"":{""ProcessID"":1316,""ThreadID"":19728},""Channel"":""Security"",""Computer"":""HP"",""Security"":{}}","{""SubjectUserSid"":""S-1-5-18"",""SubjectUserName"":""SYSTEM"",""SubjectDomainName"":""NT AUTHORITY"",""SubjectLogonId"":999,""PrivilegeList"":""SeAssignPrimaryTokenPrivilege\r\n\t\t\tSeTcbPrivilege\r\n\t\t\tSeSecurityPrivilege\r\n\t\t\tSeTakeOwnershipPrivilege\r\n\t\t\tSeLoadDriverPrivilege\r\n\t\t\tSeBackupPrivilege\r\n\t\t\tSeRestorePrivilege\r\n\t\t\tSeDebugPrivilege\r\n\t\t\tSeAuditPrivilege\r\n\t\t\tSeSystemEnvironmentPrivilege\r\n\t\t\tSeImpersonatePrivilege\r\n\t\t\tSeDelegateSessionUserImpersonatePrivilege""}","Special privileges assigned to new logon.

Subject:
	Security ID:		S-1-5-18
	Account Name:		SYSTEM
	Account Domain:		NT AUTHORITY
	Logon ID:		999

Privileges:		SeAssignPrimaryTokenPrivilege
			SeTcbPrivilege
			SeSecurityPrivilege
			SeTakeOwnershipPrivilege
			SeLoadDriverPrivilege
			SeBackupPrivilege
			SeRestorePrivilege
			SeDebugPrivilege
			SeAuditPrivilege
			SeSystemEnvironmentPrivilege
			SeImpersonatePrivilege
			SeDelegateSessionUserImpersonatePrivilege
",2026-01-18T06:46:02Z,Security,389996,4672,C:\Windows\System32\winevt\Logs\Security.evtx
"{""Provider"":{""Name"":""Microsoft-Windows-Security-Auditing"",""Guid"":""54849625-5478-4994-A5BA-3E3B0328C30D""},""EventID"":{""Value"":4672},""Version"":0,""Level"":0,""Task"":12548,""Opcode"":0,""Keywords"":9232379236109516800,""TimeCreated"":{""SystemTime"":1768719175.7325711},""EventRecordID"":390122,""Correlation"":{""ActivityID"":""A5D391A9-855E-0006-9098-D3A55E85DC01""},""Execution"":{""ProcessID"":1316,""ThreadID"":19728},""Channel"":""Security"",""Computer"":""HP"",""Security"":{}}","{""SubjectUserSid"":""S-1-5-18"",""SubjectUserName"":""SYSTEM"",""SubjectDomainName"":""NT AUTHORITY"",""SubjectLogonId"":999,""PrivilegeList"":""SeAssignPrimaryTokenPrivilege\r\n\t\t\tSeTcbPrivilege\r\n\t\t\tSeSecurityPrivilege\r\n\t\t\tSeTakeOwnershipPrivilege\r\n\t\t\tSeLoadDriverPrivilege\r\n\t\t\tSeBackupPrivilege\r\n\t\t\tSeRestorePrivilege\r\n\t\t\tSeDebugPrivilege\r\n\t\t\tSeAuditPrivilege\r\n\t\t\tSeSystemEnvironmentPrivilege\r\n\t\t\tSeImpersonatePrivilege\r\n\t\t\tSeDelegateSessionUserImpersonatePrivilege""}","Special privileges assigned to new logon.

Subject:
	Security ID:		S-1-5-18
	Account Name:		SYSTEM
	Account Domain:		NT AUTHORITY
	Logon ID:		999

Privileges:		SeAssignPrimaryTokenPrivilege
			SeTcbPrivilege
			SeSecurityPrivilege
			SeTakeOwnershipPrivilege
			SeLoadDriverPrivilege
			SeBackupPrivilege
			SeRestorePrivilege
			SeDebugPrivilege
			SeAuditPrivilege
			SeSystemEnvironmentPrivilege
			SeImpersonatePrivilege
			SeDelegateSessionUserImpersonatePrivilege
",2026-01-18T06:52:55Z,Security,390122,4672,C:\Windows\System32\winevt\Logs\Security.evtx
"{""Provider"":{""Name"":""Microsoft-Windows-Security-Auditing"",""Guid"":""54849625-5478-4994-A5BA-3E3B0328C30D""},""EventID"":{""Value"":4672},""Version"":0,""Level"":0,""Task"":12548,""Opcode"":0,""Keywords"":9232379236109516800,""TimeCreated"":{""SystemTime"":1768719183.689224},""EventRecordID"":390124,""Correlation"":{""ActivityID"":""A5D391A9-855E-0006-9098-D3A55E85DC01""},""Execution"":{""ProcessID"":1316,""ThreadID"":19728},""Channel"":""Security"",""Computer"":""HP"",""Security"":{}}","{""SubjectUserSid"":""S-1-5-18"",""SubjectUserName"":""SYSTEM"",""SubjectDomainName"":""NT AUTHORITY"",""SubjectLogonId"":999,""PrivilegeList"":""SeAssignPrimaryTokenPrivilege\r\n\t\t\tSeTcbPrivilege\r\n\t\t\tSeSecurityPrivilege\r\n\t\t\tSeTakeOwnershipPrivilege\r\n\t\t\tSeLoadDriverPrivilege\r\n\t\t\tSeBackupPrivilege\r\n\t\t\tSeRestorePrivilege\r\n\t\t\tSeDebugPrivilege\r\n\t\t\tSeAuditPrivilege\r\n\t\t\tSeSystemEnvironmentPrivilege\r\n\t\t\tSeImpersonatePrivilege\r\n\t\t\tSeDelegateSessionUserImpersonatePrivilege""}","Special privileges assigned to new logon.

Subject:
	Security ID:		S-1-5-18
	Account Name:		SYSTEM
	Account Domain:		NT AUTHORITY
	Logon ID:		999

Privileges:		SeAssignPrimaryTokenPrivilege
			SeTcbPrivilege
			SeSecurityPrivilege
			SeTakeOwnershipPrivilege
			SeLoadDriverPrivilege
			SeBackupPrivilege
			SeRestorePrivilege
			SeDebugPrivilege
			SeAuditPrivilege
			SeSystemEnvironmentPrivilege
			SeImpersonatePrivilege
			SeDelegateSessionUserImpersonatePrivilege
",2026-01-18T06:53:03Z,Security,390124,4672,C:\Windows\System32\winevt\Logs\Security.evtx
"{""Provider"":{""Name"":""Microsoft-Windows-Security-Auditing"",""Guid"":""54849625-5478-4994-A5BA-3E3B0328C30D""},""EventID"":{""Value"":4672},""Version"":0,""Level"":0,""Task"":12548,""Opcode"":0,""Keywords"":9232379236109516800,""TimeCreated"":{""SystemTime"":1768719208.8746543},""EventRecordID"":390135,""Correlation"":{""ActivityID"":""A5D391A9-855E-0006-9098-D3A55E85DC01""},""Execution"":{""ProcessID"":1316,""ThreadID"":1984},""Channel"":""Security"",""Computer"":""HP"",""Security"":{}}","{""SubjectUserSid"":""S-1-5-18"",""SubjectUserName"":""SYSTEM"",""SubjectDomainName"":""NT AUTHORITY"",""SubjectLogonId"":999,""PrivilegeList"":""SeAssignPrimaryTokenPrivilege\r\n\t\t\tSeTcbPrivilege\r\n\t\t\tSeSecurityPrivilege\r\n\t\t\tSeTakeOwnershipPrivilege\r\n\t\t\tSeLoadDriverPrivilege\r\n\t\t\tSeBackupPrivilege\r\n\t\t\tSeRestorePrivilege\r\n\t\t\tSeDebugPrivilege\r\n\t\t\tSeAuditPrivilege\r\n\t\t\tSeSystemEnvironmentPrivilege\r\n\t\t\tSeImpersonatePrivilege\r\n\t\t\tSeDelegateSessionUserImpersonatePrivilege""}","Special privileges assigned to new logon.

Subject:
	Security ID:		S-1-5-18
	Account Name:		SYSTEM
	Account Domain:		NT AUTHORITY
	Logon ID:		999

Privileges:		SeAssignPrimaryTokenPrivilege
			SeTcbPrivilege
			SeSecurityPrivilege
			SeTakeOwnershipPrivilege
			SeLoadDriverPrivilege
			SeBackupPrivilege
			SeRestorePrivilege
			SeDebugPrivilege
			SeAuditPrivilege
			SeSystemEnvironmentPrivilege
			SeImpersonatePrivilege
			SeDelegateSessionUserImpersonatePrivilege
",2026-01-18T06:53:28Z,Security,390135,4672,C:\Windows\System32\winevt\Logs\Security.evtx
"{""Provider"":{""Name"":""Microsoft-Windows-Security-Auditing"",""Guid"":""54849625-5478-4994-A5BA-3E3B0328C30D""},""EventID"":{""Value"":4672},""Version"":0,""Level"":0,""Task"":12548,""Opcode"":0,""Keywords"":9232379236109516800,""TimeCreated"":{""SystemTime"":1768719357.3016207},""EventRecordID"":390143,""Correlation"":{""ActivityID"":""A5D391A9-855E-0006-9098-D3A55E85DC01""},""Execution"":{""ProcessID"":1316,""ThreadID"":19728},""Channel"":""Security"",""Computer"":""HP"",""Security"":{}}","{""SubjectUserSid"":""S-1-5-18"",""SubjectUserName"":""SYSTEM"",""SubjectDomainName"":""NT AUTHORITY"",""SubjectLogonId"":999,""PrivilegeList"":""SeAssignPrimaryTokenPrivilege\r\n\t\t\tSeTcbPrivilege\r\n\t\t\tSeSecurityPrivilege\r\n\t\t\tSeTakeOwnershipPrivilege\r\n\t\t\tSeLoadDriverPrivilege\r\n\t\t\tSeBackupPrivilege\r\n\t\t\tSeRestorePrivilege\r\n\t\t\tSeDebugPrivilege\r\n\t\t\tSeAuditPrivilege\r\n\t\t\tSeSystemEnvironmentPrivilege\r\n\t\t\tSeImpersonatePrivilege\r\n\t\t\tSeDelegateSessionUserImpersonatePrivilege""}","Special privileges assigned to new logon.

Subject:
	Security ID:		S-1-5-18
	Account Name:		SYSTEM
	Account Domain:		NT AUTHORITY
	Logon ID:		999

Privileges:		SeAssignPrimaryTokenPrivilege
			SeTcbPrivilege
			SeSecurityPrivilege
			SeTakeOwnershipPrivilege
			SeLoadDriverPrivilege
			SeBackupPrivilege
			SeRestorePrivilege
			SeDebugPrivilege
			SeAuditPrivilege
			SeSystemEnvironmentPrivilege
			SeImpersonatePrivilege
			SeDelegateSessionUserImpersonatePrivilege
",2026-01-18T06:55:57Z,Security,390143,4672,C:\Windows\System32\winevt\Logs\Security.evtx
"{""Provider"":{""Name"":""Microsoft-Windows-Security-Auditing"",""Guid"":""54849625-5478-4994-A5BA-3E3B0328C30D""},""EventID"":{""Value"":4672},""Version"":0,""Level"":0,""Task"":12548,""Opcode"":0,""Keywords"":9232379236109516800,""TimeCreated"":{""SystemTime"":1768719463.7968175},""EventRecordID"":390145,""Correlation"":{""ActivityID"":""A5D391A9-855E-0006-9098-D3A55E85DC01""},""Execution"":{""ProcessID"":1316,""ThreadID"":19728},""Channel"":""Security"",""Computer"":""HP"",""Security"":{}}","{""SubjectUserSid"":""S-1-5-18"",""SubjectUserName"":""SYSTEM"",""SubjectDomainName"":""NT AUTHORITY"",""SubjectLogonId"":999,""PrivilegeList"":""SeAssignPrimaryTokenPrivilege\r\n\t\t\tSeTcbPrivilege\r\n\t\t\tSeSecurityPrivilege\r\n\t\t\tSeTakeOwnershipPrivilege\r\n\t\t\tSeLoadDriverPrivilege\r\n\t\t\tSeBackupPrivilege\r\n\t\t\tSeRestorePrivilege\r\n\t\t\tSeDebugPrivilege\r\n\t\t\tSeAuditPrivilege\r\n\t\t\tSeSystemEnvironmentPrivilege\r\n\t\t\tSeImpersonatePrivilege\r\n\t\t\tSeDelegateSessionUserImpersonatePrivilege""}","Special privileges assigned to new logon.

Subject:
	Security ID:		S-1-5-18
	Account Name:		SYSTEM
	Account Domain:		NT AUTHORITY
	Logon ID:		999

Privileges:		SeAssignPrimaryTokenPrivilege
			SeTcbPrivilege
			SeSecurityPrivilege
			SeTakeOwnershipPrivilege
			SeLoadDriverPrivilege
			SeBackupPrivilege
			SeRestorePrivilege
			SeDebugPrivilege
			SeAuditPrivilege
			SeSystemEnvironmentPrivilege
			SeImpersonatePrivilege
			SeDelegateSessionUserImpersonatePrivilege
",2026-01-18T06:57:43Z,Security,390145,4672,C:\Windows\System32\winevt\Logs\Security.evtx
"{""Provider"":{""Name"":""Microsoft-Windows-Security-Auditing"",""Guid"":""54849625-5478-4994-A5BA-3E3B0328C30D""},""EventID"":{""Value"":4672},""Version"":0,""Level"":0,""Task"":12548,""Opcode"":0,""Keywords"":9232379236109516800,""TimeCreated"":{""SystemTime"":1768719478.3161952},""EventRecordID"":390148,""Correlation"":{""ActivityID"":""A5D391A9-855E-0006-9098-D3A55E85DC01""},""Execution"":{""ProcessID"":1316,""ThreadID"":17460},""Channel"":""Security"",""Computer"":""HP"",""Security"":{}}","{""SubjectUserSid"":""S-1-5-18"",""SubjectUserName"":""SYSTEM"",""SubjectDomainName"":""NT AUTHORITY"",""SubjectLogonId"":999,""PrivilegeList"":""SeAssignPrimaryTokenPrivilege\r\n\t\t\tSeTcbPrivilege\r\n\t\t\tSeSecurityPrivilege\r\n\t\t\tSeTakeOwnershipPrivilege\r\n\t\t\tSeLoadDriverPrivilege\r\n\t\t\tSeBackupPrivilege\r\n\t\t\tSeRestorePrivilege\r\n\t\t\tSeDebugPrivilege\r\n\t\t\tSeAuditPrivilege\r\n\t\t\tSeSystemEnvironmentPrivilege\r\n\t\t\tSeImpersonatePrivilege\r\n\t\t\tSeDelegateSessionUserImpersonatePrivilege""}","Special privileges assigned to new logon.

Subject:
	Security ID:		S-1-5-18
	Account Name:		SYSTEM
	Account Domain:		NT AUTHORITY
	Logon ID:		999

Privileges:		SeAssignPrimaryTokenPrivilege
			SeTcbPrivilege
			SeSecurityPrivilege
			SeTakeOwnershipPrivilege
			SeLoadDriverPrivilege
			SeBackupPrivilege
			SeRestorePrivilege
			SeDebugPrivilege
			SeAuditPrivilege
			SeSystemEnvironmentPrivilege
			SeImpersonatePrivilege
			SeDelegateSessionUserImpersonatePrivilege
",2026-01-18T06:57:58Z,Security,390148,4672,C:\Windows\System32\winevt\Logs\Security.evtx
"{""Provider"":{""Name"":""Microsoft-Windows-Security-Auditing"",""Guid"":""54849625-5478-4994-A5BA-3E3B0328C30D""},""EventID"":{""Value"":4672},""Version"":0,""Level"":0,""Task"":12548,""Opcode"":0,""Keywords"":9232379236109516800,""TimeCreated"":{""SystemTime"":1768719770.0694864},""EventRecordID"":390150,""Correlation"":{""ActivityID"":""A5D391A9-855E-0006-9098-D3A55E85DC01""},""Execution"":{""ProcessID"":1316,""ThreadID"":9000},""Channel"":""Security"",""Computer"":""HP"",""Security"":{}}","{""SubjectUserSid"":""S-1-5-18"",""SubjectUserName"":""SYSTEM"",""SubjectDomainName"":""NT AUTHORITY"",""SubjectLogonId"":999,""PrivilegeList"":""SeAssignPrimaryTokenPrivilege\r\n\t\t\tSeTcbPrivilege\r\n\t\t\tSeSecurityPrivilege\r\n\t\t\tSeTakeOwnershipPrivilege\r\n\t\t\tSeLoadDriverPrivilege\r\n\t\t\tSeBackupPrivilege\r\n\t\t\tSeRestorePrivilege\r\n\t\t\tSeDebugPrivilege\r\n\t\t\tSeAuditPrivilege\r\n\t\t\tSeSystemEnvironmentPrivilege\r\n\t\t\tSeImpersonatePrivilege\r\n\t\t\tSeDelegateSessionUserImpersonatePrivilege""}","Special privileges assigned to new logon.

Subject:
	Security ID:		S-1-5-18
	Account Name:		SYSTEM
	Account Domain:		NT AUTHORITY
	Logon ID:		999

Privileges:		SeAssignPrimaryTokenPrivilege
			SeTcbPrivilege
			SeSecurityPrivilege
			SeTakeOwnershipPrivilege
			SeLoadDriverPrivilege
			SeBackupPrivilege
			SeRestorePrivilege
			SeDebugPrivilege
			SeAuditPrivilege
			SeSystemEnvironmentPrivilege
			SeImpersonatePrivilege
			SeDelegateSessionUserImpersonatePrivilege
",2026-01-18T07:02:50Z,Security,390150,4672,C:\Windows\System32\winevt\Logs\Security.evtx
"{""Provider"":{""Name"":""Microsoft-Windows-Security-Auditing"",""Guid"":""54849625-5478-4994-A5BA-3E3B0328C30D""},""EventID"":{""Value"":4672},""Version"":0,""Level"":0,""Task"":12548,""Opcode"":0,""Keywords"":9232379236109516800,""TimeCreated"":{""SystemTime"":1768719906.5173824},""EventRecordID"":390170,""Correlation"":{""ActivityID"":""A5D391A9-855E-0006-9098-D3A55E85DC01""},""Execution"":{""ProcessID"":1316,""ThreadID"":22544},""Channel"":""Security"",""Computer"":""HP"",""Security"":{}}","{""SubjectUserSid"":""S-1-5-18"",""SubjectUserName"":""SYSTEM"",""SubjectDomainName"":""NT AUTHORITY"",""SubjectLogonId"":999,""PrivilegeList"":""SeAssignPrimaryTokenPrivilege\r\n\t\t\tSeTcbPrivilege\r\n\t\t\tSeSecurityPrivilege\r\n\t\t\tSeTakeOwnershipPrivilege\r\n\t\t\tSeLoadDriverPrivilege\r\n\t\t\tSeBackupPrivilege\r\n\t\t\tSeRestorePrivilege\r\n\t\t\tSeDebugPrivilege\r\n\t\t\tSeAuditPrivilege\r\n\t\t\tSeSystemEnvironmentPrivilege\r\n\t\t\tSeImpersonatePrivilege\r\n\t\t\tSeDelegateSessionUserImpersonatePrivilege""}","Special privileges assigned to new logon.

Subject:
	Security ID:		S-1-5-18
	Account Name:		SYSTEM
	Account Domain:		NT AUTHORITY
	Logon ID:		999

Privileges:		SeAssignPrimaryTokenPrivilege
			SeTcbPrivilege
			SeSecurityPrivilege
			SeTakeOwnershipPrivilege
			SeLoadDriverPrivilege
			SeBackupPrivilege
			SeRestorePrivilege
			SeDebugPrivilege
			SeAuditPrivilege
			SeSystemEnvironmentPrivilege
			SeImpersonatePrivilege
			SeDelegateSessionUserImpersonatePrivilege
",2026-01-18T07:05:06Z,Security,390170,4672,C:\Windows\System32\winevt\Logs\Security.evtx
"{""Provider"":{""Name"":""Microsoft-Windows-Security-Auditing"",""Guid"":""54849625-5478-4994-A5BA-3E3B0328C30D""},""EventID"":{""Value"":4672},""Version"":0,""Level"":0,""Task"":12548,""Opcode"":0,""Keywords"":9232379236109516800,""TimeCreated"":{""SystemTime"":1768720107.0423567},""EventRecordID"":390177,""Correlation"":{""ActivityID"":""A5D391A9-855E-0006-9098-D3A55E85DC01""},""Execution"":{""ProcessID"":1316,""ThreadID"":22544},""Channel"":""Security"",""Computer"":""HP"",""Security"":{}}","{""SubjectUserSid"":""S-1-5-18"",""SubjectUserName"":""SYSTEM"",""SubjectDomainName"":""NT AUTHORITY"",""SubjectLogonId"":999,""PrivilegeList"":""SeAssignPrimaryTokenPrivilege\r\n\t\t\tSeTcbPrivilege\r\n\t\t\tSeSecurityPrivilege\r\n\t\t\tSeTakeOwnershipPrivilege\r\n\t\t\tSeLoadDriverPrivilege\r\n\t\t\tSeBackupPrivilege\r\n\t\t\tSeRestorePrivilege\r\n\t\t\tSeDebugPrivilege\r\n\t\t\tSeAuditPrivilege\r\n\t\t\tSeSystemEnvironmentPrivilege\r\n\t\t\tSeImpersonatePrivilege\r\n\t\t\tSeDelegateSessionUserImpersonatePrivilege""}","Special privileges assigned to new logon.

Subject:
	Security ID:		S-1-5-18
	Account Name:		SYSTEM
	Account Domain:		NT AUTHORITY
	Logon ID:		999

Privileges:		SeAssignPrimaryTokenPrivilege
			SeTcbPrivilege
			SeSecurityPrivilege
			SeTakeOwnershipPrivilege
			SeLoadDriverPrivilege
			SeBackupPrivilege
			SeRestorePrivilege
			SeDebugPrivilege
			SeAuditPrivilege
			SeSystemEnvironmentPrivilege
			SeImpersonatePrivilege
			SeDelegateSessionUserImpersonatePrivilege
",2026-01-18T07:08:27Z,Security,390177,4672,C:\Windows\System32\winevt\Logs\Security.evtx
"{""Provider"":{""Name"":""Microsoft-Windows-Security-Auditing"",""Guid"":""54849625-5478-4994-A5BA-3E3B0328C30D""},""EventID"":{""Value"":4672},""Version"":0,""Level"":0,""Task"":12548,""Opcode"":0,""Keywords"":9232379236109516800,""TimeCreated"":{""SystemTime"":1768720391.2239969},""EventRecordID"":390179,""Correlation"":{""ActivityID"":""A5D391A9-855E-0006-9098-D3A55E85DC01""},""Execution"":{""ProcessID"":1316,""ThreadID"":22860},""Channel"":""Security"",""Computer"":""HP"",""Security"":{}}","{""SubjectUserSid"":""S-1-5-18"",""SubjectUserName"":""SYSTEM"",""SubjectDomainName"":""NT AUTHORITY"",""SubjectLogonId"":999,""PrivilegeList"":""SeAssignPrimaryTokenPrivilege\r\n\t\t\tSeTcbPrivilege\r\n\t\t\tSeSecurityPrivilege\r\n\t\t\tSeTakeOwnershipPrivilege\r\n\t\t\tSeLoadDriverPrivilege\r\n\t\t\tSeBackupPrivilege\r\n\t\t\tSeRestorePrivilege\r\n\t\t\tSeDebugPrivilege\r\n\t\t\tSeAuditPrivilege\r\n\t\t\tSeSystemEnvironmentPrivilege\r\n\t\t\tSeImpersonatePrivilege\r\n\t\t\tSeDelegateSessionUserImpersonatePrivilege""}","Special privileges assigned to new logon.

Subject:
	Security ID:		S-1-5-18
	Account Name:		SYSTEM
	Account Domain:		NT AUTHORITY
	Logon ID:		999

Privileges:		SeAssignPrimaryTokenPrivilege
			SeTcbPrivilege
			SeSecurityPrivilege
			SeTakeOwnershipPrivilege
			SeLoadDriverPrivilege
			SeBackupPrivilege
			SeRestorePrivilege
			SeDebugPrivilege
			SeAuditPrivilege
			SeSystemEnvironmentPrivilege
			SeImpersonatePrivilege
			SeDelegateSessionUserImpersonatePrivilege
",2026-01-18T07:13:11Z,Security,390179,4672,C:\Windows\System32\winevt\Logs\Security.evtx
"{""Provider"":{""Name"":""Microsoft-Windows-Security-Auditing"",""Guid"":""54849625-5478-4994-A5BA-3E3B0328C30D""},""EventID"":{""Value"":4672},""Version"":0,""Level"":0,""Task"":12548,""Opcode"":0,""Keywords"":9232379236109516800,""TimeCreated"":{""SystemTime"":1768720395.4890895},""EventRecordID"":390182,""Correlation"":{""ActivityID"":""A5D391A9-855E-0006-9098-D3A55E85DC01""},""Execution"":{""ProcessID"":1316,""ThreadID"":17868},""Channel"":""Security"",""Computer"":""HP"",""Security"":{}}","{""SubjectUserSid"":""S-1-5-18"",""SubjectUserName"":""SYSTEM"",""SubjectDomainName"":""NT AUTHORITY"",""SubjectLogonId"":999,""PrivilegeList"":""SeAssignPrimaryTokenPrivilege\r\n\t\t\tSeTcbPrivilege\r\n\t\t\tSeSecurityPrivilege\r\n\t\t\tSeTakeOwnershipPrivilege\r\n\t\t\tSeLoadDriverPrivilege\r\n\t\t\tSeBackupPrivilege\r\n\t\t\tSeRestorePrivilege\r\n\t\t\tSeDebugPrivilege\r\n\t\t\tSeAuditPrivilege\r\n\t\t\tSeSystemEnvironmentPrivilege\r\n\t\t\tSeImpersonatePrivilege\r\n\t\t\tSeDelegateSessionUserImpersonatePrivilege""}","Special privileges assigned to new logon.

Subject:
	Security ID:		S-1-5-18
	Account Name:		SYSTEM
	Account Domain:		NT AUTHORITY
	Logon ID:		999

Privileges:		SeAssignPrimaryTokenPrivilege
			SeTcbPrivilege
			SeSecurityPrivilege
			SeTakeOwnershipPrivilege
			SeLoadDriverPrivilege
			SeBackupPrivilege
			SeRestorePrivilege
			SeDebugPrivilege
			SeAuditPrivilege
			SeSystemEnvironmentPrivilege
			SeImpersonatePrivilege
			SeDelegateSessionUserImpersonatePrivilege
",2026-01-18T07:13:15Z,Security,390182,4672,C:\Windows\System32\winevt\Logs\Security.evtx
"{""Provider"":{""Name"":""Microsoft-Windows-Security-Auditing"",""Guid"":""54849625-5478-4994-A5BA-3E3B0328C30D""},""EventID"":{""Value"":4672},""Version"":0,""Level"":0,""Task"":12548,""Opcode"":0,""Keywords"":9232379236109516800,""TimeCreated"":{""SystemTime"":1768720395.497197},""EventRecordID"":390184,""Correlation"":{""ActivityID"":""A5D391A9-855E-0006-9098-D3A55E85DC01""},""Execution"":{""ProcessID"":1316,""ThreadID"":17868},""Channel"":""Security"",""Computer"":""HP"",""Security"":{}}","{""SubjectUserSid"":""S-1-5-18"",""SubjectUserName"":""SYSTEM"",""SubjectDomainName"":""NT AUTHORITY"",""SubjectLogonId"":999,""PrivilegeList"":""SeAssignPrimaryTokenPrivilege\r\n\t\t\tSeTcbPrivilege\r\n\t\t\tSeSecurityPrivilege\r\n\t\t\tSeTakeOwnershipPrivilege\r\n\t\t\tSeLoadDriverPrivilege\r\n\t\t\tSeBackupPrivilege\r\n\t\t\tSeRestorePrivilege\r\n\t\t\tSeDebugPrivilege\r\n\t\t\tSeAuditPrivilege\r\n\t\t\tSeSystemEnvironmentPrivilege\r\n\t\t\tSeImpersonatePrivilege\r\n\t\t\tSeDelegateSessionUserImpersonatePrivilege""}","Special privileges assigned to new logon.

Subject:
	Security ID:		S-1-5-18
	Account Name:		SYSTEM
	Account Domain:		NT AUTHORITY
	Logon ID:		999

Privileges:		SeAssignPrimaryTokenPrivilege
			SeTcbPrivilege
			SeSecurityPrivilege
			SeTakeOwnershipPrivilege
			SeLoadDriverPrivilege
			SeBackupPrivilege
			SeRestorePrivilege
			SeDebugPrivilege
			SeAuditPrivilege
			SeSystemEnvironmentPrivilege
			SeImpersonatePrivilege
			SeDelegateSessionUserImpersonatePrivilege
",2026-01-18T07:13:15Z,Security,390184,4672,C:\Windows\System32\winevt\Logs\Security.evtx
"{""Provider"":{""Name"":""Microsoft-Windows-Security-Auditing"",""Guid"":""54849625-5478-4994-A5BA-3E3B0328C30D""},""EventID"":{""Value"":4672},""Version"":0,""Level"":0,""Task"":12548,""Opcode"":0,""Keywords"":9232379236109516800,""TimeCreated"":{""SystemTime"":1768720395.4993727},""EventRecordID"":390186,""Correlation"":{""ActivityID"":""A5D391A9-855E-0006-9098-D3A55E85DC01""},""Execution"":{""ProcessID"":1316,""ThreadID"":17868},""Channel"":""Security"",""Computer"":""HP"",""Security"":{}}","{""SubjectUserSid"":""S-1-5-18"",""SubjectUserName"":""SYSTEM"",""SubjectDomainName"":""NT AUTHORITY"",""SubjectLogonId"":999,""PrivilegeList"":""SeAssignPrimaryTokenPrivilege\r\n\t\t\tSeTcbPrivilege\r\n\t\t\tSeSecurityPrivilege\r\n\t\t\tSeTakeOwnershipPrivilege\r\n\t\t\tSeLoadDriverPrivilege\r\n\t\t\tSeBackupPrivilege\r\n\t\t\tSeRestorePrivilege\r\n\t\t\tSeDebugPrivilege\r\n\t\t\tSeAuditPrivilege\r\n\t\t\tSeSystemEnvironmentPrivilege\r\n\t\t\tSeImpersonatePrivilege\r\n\t\t\tSeDelegateSessionUserImpersonatePrivilege""}","Special privileges assigned to new logon.

Subject:
	Security ID:		S-1-5-18
	Account Name:		SYSTEM
	Account Domain:		NT AUTHORITY
	Logon ID:		999

Privileges:		SeAssignPrimaryTokenPrivilege
			SeTcbPrivilege
			SeSecurityPrivilege
			SeTakeOwnershipPrivilege
			SeLoadDriverPrivilege
			SeBackupPrivilege
			SeRestorePrivilege
			SeDebugPrivilege
			SeAuditPrivilege
			SeSystemEnvironmentPrivilege
			SeImpersonatePrivilege
			SeDelegateSessionUserImpersonatePrivilege
",2026-01-18T07:13:15Z,Security,390186,4672,C:\Windows\System32\winevt\Logs\Security.evtx
