"{""Provider"":{""Name"":""Microsoft-Windows-Security-Auditing"",""Guid"":""54849625-5478-4994-A5BA-3E3B0328C30D""},""EventID"":{""Value"":4672},""Version"":0,""Level"":0,""Task"":12548,""Opcode"":0,""Keywords"":9232379236109516800,""TimeCreated"":{""SystemTime"":1768528625.0166032},""EventRecordID"":373520,""Correlation"":{""ActivityID"":""A5D391A9-855E-0006-9098-D3A55E85DC01""},""Execution"":{""ProcessID"":1316,""ThreadID"":14888},""Channel"":""Security"",""Computer"":""HP"",""Security"":{}}","{""SubjectUserSid"":""S-1-5-18"",""SubjectUserName"":""SYSTEM"",""SubjectDomainName"":""NT AUTHORITY"",""SubjectLogonId"":999,""PrivilegeList"":""SeAssignPrimaryTokenPrivilege\r\n\t\t\tSeTcbPrivilege\r\n\t\t\tSeSecurityPrivilege\r\n\t\t\tSeTakeOwnershipPrivilege\r\n\t\t\tSeLoadDriverPrivilege\r\n\t\t\tSeBackupPrivilege\r\n\t\t\tSeRestorePrivilege\r\n\t\t\tSeDebugPrivilege\r\n\t\t\tSeAuditPrivilege\r\n\t\t\tSeSystemEnvironmentPrivilege\r\n\t\t\tSeImpersonatePrivilege\r\n\t\t\tSeDelegateSessionUserImpersonatePrivilege""}","Special privileges assigned to new logon.

Subject:
	Security ID:		S-1-5-18
	Account Name:		SYSTEM
	Account Domain:		NT AUTHORITY
	Logon ID:		999

Privileges:		SeAssignPrimaryTokenPrivilege
			SeTcbPrivilege
			SeSecurityPrivilege
			SeTakeOwnershipPrivilege
			SeLoadDriverPrivilege
			SeBackupPrivilege
			SeRestorePrivilege
			SeDebugPrivilege
			SeAuditPrivilege
			SeSystemEnvironmentPrivilege
			SeImpersonatePrivilege
			SeDelegateSessionUserImpersonatePrivilege
",2026-01-16T01:57:05Z,Security,373520,4672,C:\Windows\System32\winevt\Logs\Security.evtx
"{""Provider"":{""Name"":""Microsoft-Windows-Security-Auditing"",""Guid"":""54849625-5478-4994-A5BA-3E3B0328C30D""},""EventID"":{""Value"":4672},""Version"":0,""Level"":0,""Task"":12548,""Opcode"":0,""Keywords"":9232379236109516800,""TimeCreated"":{""SystemTime"":1768528625.018296},""EventRecordID"":373522,""Correlation"":{""ActivityID"":""A5D391A9-855E-0006-9098-D3A55E85DC01""},""Execution"":{""ProcessID"":1316,""ThreadID"":14888},""Channel"":""Security"",""Computer"":""HP"",""Security"":{}}","{""SubjectUserSid"":""S-1-5-18"",""SubjectUserName"":""SYSTEM"",""SubjectDomainName"":""NT AUTHORITY"",""SubjectLogonId"":999,""PrivilegeList"":""SeAssignPrimaryTokenPrivilege\r\n\t\t\tSeTcbPrivilege\r\n\t\t\tSeSecurityPrivilege\r\n\t\t\tSeTakeOwnershipPrivilege\r\n\t\t\tSeLoadDriverPrivilege\r\n\t\t\tSeBackupPrivilege\r\n\t\t\tSeRestorePrivilege\r\n\t\t\tSeDebugPrivilege\r\n\t\t\tSeAuditPrivilege\r\n\t\t\tSeSystemEnvironmentPrivilege\r\n\t\t\tSeImpersonatePrivilege\r\n\t\t\tSeDelegateSessionUserImpersonatePrivilege""}","Special privileges assigned to new logon.

Subject:
	Security ID:		S-1-5-18
	Account Name:		SYSTEM
	Account Domain:		NT AUTHORITY
	Logon ID:		999

Privileges:		SeAssignPrimaryTokenPrivilege
			SeTcbPrivilege
			SeSecurityPrivilege
			SeTakeOwnershipPrivilege
			SeLoadDriverPrivilege
			SeBackupPrivilege
			SeRestorePrivilege
			SeDebugPrivilege
			SeAuditPrivilege
			SeSystemEnvironmentPrivilege
			SeImpersonatePrivilege
			SeDelegateSessionUserImpersonatePrivilege
",2026-01-16T01:57:05Z,Security,373522,4672,C:\Windows\System32\winevt\Logs\Security.evtx
"{""Provider"":{""Name"":""Microsoft-Windows-Security-Auditing"",""Guid"":""54849625-5478-4994-A5BA-3E3B0328C30D""},""EventID"":{""Value"":4672},""Version"":0,""Level"":0,""Task"":12548,""Opcode"":0,""Keywords"":9232379236109516800,""TimeCreated"":{""SystemTime"":1768528625.7586896},""EventRecordID"":373529,""Correlation"":{""ActivityID"":""A5D391A9-855E-0006-9098-D3A55E85DC01""},""Execution"":{""ProcessID"":1316,""ThreadID"":22256},""Channel"":""Security"",""Computer"":""HP"",""Security"":{}}","{""SubjectUserSid"":""S-1-5-21-1295389332-1531396733-442933048-1001"",""SubjectUserName"":""lishacarlo16@outlook.com"",""SubjectDomainName"":""MicrosoftAccount"",""SubjectLogonId"":80196130,""PrivilegeList"":""SeSecurityPrivilege\r\n\t\t\tSeTakeOwnershipPrivilege\r\n\t\t\tSeLoadDriverPrivilege\r\n\t\t\tSeBackupPrivilege\r\n\t\t\tSeRestorePrivilege\r\n\t\t\tSeDebugPrivilege\r\n\t\t\tSeSystemEnvironmentPrivilege\r\n\t\t\tSeImpersonatePrivilege\r\n\t\t\tSeDelegateSessionUserImpersonatePrivilege""}","Special privileges assigned to new logon.

Subject:
	Security ID:		S-1-5-21-1295389332-1531396733-442933048-1001
	Account Name:		lishacarlo16@outlook.com
	Account Domain:		MicrosoftAccount
	Logon ID:		80196130

Privileges:		SeSecurityPrivilege
			SeTakeOwnershipPrivilege
			SeLoadDriverPrivilege
			SeBackupPrivilege
			SeRestorePrivilege
			SeDebugPrivilege
			SeSystemEnvironmentPrivilege
			SeImpersonatePrivilege
			SeDelegateSessionUserImpersonatePrivilege
",2026-01-16T01:57:05Z,Security,373529,4672,C:\Windows\System32\winevt\Logs\Security.evtx
"{""Provider"":{""Name"":""Microsoft-Windows-Security-Auditing"",""Guid"":""54849625-5478-4994-A5BA-3E3B0328C30D""},""EventID"":{""Value"":4672},""Version"":0,""Level"":0,""Task"":12548,""Opcode"":0,""Keywords"":9232379236109516800,""TimeCreated"":{""SystemTime"":1768528625.8184817},""EventRecordID"":373536,""Correlation"":{},""Execution"":{""ProcessID"":1316,""ThreadID"":14920},""Channel"":""Security"",""Computer"":""HP"",""Security"":{}}","{""SubjectUserSid"":""S-1-5-21-1295389332-1531396733-442933048-1001"",""SubjectUserName"":""lishacarlo16@outlook.com"",""SubjectDomainName"":""MicrosoftAccount"",""SubjectLogonId"":80202422,""PrivilegeList"":""SeSecurityPrivilege\r\n\t\t\tSeTakeOwnershipPrivilege\r\n\t\t\tSeLoadDriverPrivilege\r\n\t\t\tSeBackupPrivilege\r\n\t\t\tSeRestorePrivilege\r\n\t\t\tSeDebugPrivilege\r\n\t\t\tSeSystemEnvironmentPrivilege\r\n\t\t\tSeImpersonatePrivilege\r\n\t\t\tSeDelegateSessionUserImpersonatePrivilege""}","Special privileges assigned to new logon.

Subject:
	Security ID:		S-1-5-21-1295389332-1531396733-442933048-1001
	Account Name:		lishacarlo16@outlook.com
	Account Domain:		MicrosoftAccount
	Logon ID:		80202422

Privileges:		SeSecurityPrivilege
			SeTakeOwnershipPrivilege
			SeLoadDriverPrivilege
			SeBackupPrivilege
			SeRestorePrivilege
			SeDebugPrivilege
			SeSystemEnvironmentPrivilege
			SeImpersonatePrivilege
			SeDelegateSessionUserImpersonatePrivilege
",2026-01-16T01:57:05Z,Security,373536,4672,C:\Windows\System32\winevt\Logs\Security.evtx
"{""Provider"":{""Name"":""Microsoft-Windows-Security-Auditing"",""Guid"":""54849625-5478-4994-A5BA-3E3B0328C30D""},""EventID"":{""Value"":4672},""Version"":0,""Level"":0,""Task"":12548,""Opcode"":0,""Keywords"":9232379236109516800,""TimeCreated"":{""SystemTime"":1768528718.5788848},""EventRecordID"":373577,""Correlation"":{""ActivityID"":""A5D391A9-855E-0006-9098-D3A55E85DC01""},""Execution"":{""ProcessID"":1316,""ThreadID"":21900},""Channel"":""Security"",""Computer"":""HP"",""Security"":{}}","{""SubjectUserSid"":""S-1-5-18"",""SubjectUserName"":""SYSTEM"",""SubjectDomainName"":""NT AUTHORITY"",""SubjectLogonId"":999,""PrivilegeList"":""SeAssignPrimaryTokenPrivilege\r\n\t\t\tSeTcbPrivilege\r\n\t\t\tSeSecurityPrivilege\r\n\t\t\tSeTakeOwnershipPrivilege\r\n\t\t\tSeLoadDriverPrivilege\r\n\t\t\tSeBackupPrivilege\r\n\t\t\tSeRestorePrivilege\r\n\t\t\tSeDebugPrivilege\r\n\t\t\tSeAuditPrivilege\r\n\t\t\tSeSystemEnvironmentPrivilege\r\n\t\t\tSeImpersonatePrivilege\r\n\t\t\tSeDelegateSessionUserImpersonatePrivilege""}","Special privileges assigned to new logon.

Subject:
	Security ID:		S-1-5-18
	Account Name:		SYSTEM
	Account Domain:		NT AUTHORITY
	Logon ID:		999

Privileges:		SeAssignPrimaryTokenPrivilege
			SeTcbPrivilege
			SeSecurityPrivilege
			SeTakeOwnershipPrivilege
			SeLoadDriverPrivilege
			SeBackupPrivilege
			SeRestorePrivilege
			SeDebugPrivilege
			SeAuditPrivilege
			SeSystemEnvironmentPrivilege
			SeImpersonatePrivilege
			SeDelegateSessionUserImpersonatePrivilege
",2026-01-16T01:58:38Z,Security,373577,4672,C:\Windows\System32\winevt\Logs\Security.evtx
"{""Provider"":{""Name"":""Microsoft-Windows-Security-Auditing"",""Guid"":""54849625-5478-4994-A5BA-3E3B0328C30D""},""EventID"":{""Value"":4672},""Version"":0,""Level"":0,""Task"":12548,""Opcode"":0,""Keywords"":9232379236109516800,""TimeCreated"":{""SystemTime"":1768528723.2637663},""EventRecordID"":373579,""Correlation"":{""ActivityID"":""A5D391A9-855E-0006-9098-D3A55E85DC01""},""Execution"":{""ProcessID"":1316,""ThreadID"":6452},""Channel"":""Security"",""Computer"":""HP"",""Security"":{}}","{""SubjectUserSid"":""S-1-5-18"",""SubjectUserName"":""SYSTEM"",""SubjectDomainName"":""NT AUTHORITY"",""SubjectLogonId"":999,""PrivilegeList"":""SeAssignPrimaryTokenPrivilege\r\n\t\t\tSeTcbPrivilege\r\n\t\t\tSeSecurityPrivilege\r\n\t\t\tSeTakeOwnershipPrivilege\r\n\t\t\tSeLoadDriverPrivilege\r\n\t\t\tSeBackupPrivilege\r\n\t\t\tSeRestorePrivilege\r\n\t\t\tSeDebugPrivilege\r\n\t\t\tSeAuditPrivilege\r\n\t\t\tSeSystemEnvironmentPrivilege\r\n\t\t\tSeImpersonatePrivilege\r\n\t\t\tSeDelegateSessionUserImpersonatePrivilege""}","Special privileges assigned to new logon.

Subject:
	Security ID:		S-1-5-18
	Account Name:		SYSTEM
	Account Domain:		NT AUTHORITY
	Logon ID:		999

Privileges:		SeAssignPrimaryTokenPrivilege
			SeTcbPrivilege
			SeSecurityPrivilege
			SeTakeOwnershipPrivilege
			SeLoadDriverPrivilege
			SeBackupPrivilege
			SeRestorePrivilege
			SeDebugPrivilege
			SeAuditPrivilege
			SeSystemEnvironmentPrivilege
			SeImpersonatePrivilege
			SeDelegateSessionUserImpersonatePrivilege
",2026-01-16T01:58:43Z,Security,373579,4672,C:\Windows\System32\winevt\Logs\Security.evtx
"{""Provider"":{""Name"":""Microsoft-Windows-Security-Auditing"",""Guid"":""54849625-5478-4994-A5BA-3E3B0328C30D""},""EventID"":{""Value"":4672},""Version"":0,""Level"":0,""Task"":12548,""Opcode"":0,""Keywords"":9232379236109516800,""TimeCreated"":{""SystemTime"":1768528912.7216976},""EventRecordID"":373650,""Correlation"":{""ActivityID"":""A5D391A9-855E-0006-9098-D3A55E85DC01""},""Execution"":{""ProcessID"":1316,""ThreadID"":14888},""Channel"":""Security"",""Computer"":""HP"",""Security"":{}}","{""SubjectUserSid"":""S-1-5-18"",""SubjectUserName"":""SYSTEM"",""SubjectDomainName"":""NT AUTHORITY"",""SubjectLogonId"":999,""PrivilegeList"":""SeAssignPrimaryTokenPrivilege\r\n\t\t\tSeTcbPrivilege\r\n\t\t\tSeSecurityPrivilege\r\n\t\t\tSeTakeOwnershipPrivilege\r\n\t\t\tSeLoadDriverPrivilege\r\n\t\t\tSeBackupPrivilege\r\n\t\t\tSeRestorePrivilege\r\n\t\t\tSeDebugPrivilege\r\n\t\t\tSeAuditPrivilege\r\n\t\t\tSeSystemEnvironmentPrivilege\r\n\t\t\tSeImpersonatePrivilege\r\n\t\t\tSeDelegateSessionUserImpersonatePrivilege""}","Special privileges assigned to new logon.

Subject:
	Security ID:		S-1-5-18
	Account Name:		SYSTEM
	Account Domain:		NT AUTHORITY
	Logon ID:		999

Privileges:		SeAssignPrimaryTokenPrivilege
			SeTcbPrivilege
			SeSecurityPrivilege
			SeTakeOwnershipPrivilege
			SeLoadDriverPrivilege
			SeBackupPrivilege
			SeRestorePrivilege
			SeDebugPrivilege
			SeAuditPrivilege
			SeSystemEnvironmentPrivilege
			SeImpersonatePrivilege
			SeDelegateSessionUserImpersonatePrivilege
",2026-01-16T02:01:52Z,Security,373650,4672,C:\Windows\System32\winevt\Logs\Security.evtx
"{""Provider"":{""Name"":""Microsoft-Windows-Security-Auditing"",""Guid"":""54849625-5478-4994-A5BA-3E3B0328C30D""},""EventID"":{""Value"":4672},""Version"":0,""Level"":0,""Task"":12548,""Opcode"":0,""Keywords"":9232379236109516800,""TimeCreated"":{""SystemTime"":1768528972.8842015},""EventRecordID"":373652,""Correlation"":{""ActivityID"":""A5D391A9-855E-0006-9098-D3A55E85DC01""},""Execution"":{""ProcessID"":1316,""ThreadID"":14888},""Channel"":""Security"",""Computer"":""HP"",""Security"":{}}","{""SubjectUserSid"":""S-1-5-18"",""SubjectUserName"":""SYSTEM"",""SubjectDomainName"":""NT AUTHORITY"",""SubjectLogonId"":999,""PrivilegeList"":""SeAssignPrimaryTokenPrivilege\r\n\t\t\tSeTcbPrivilege\r\n\t\t\tSeSecurityPrivilege\r\n\t\t\tSeTakeOwnershipPrivilege\r\n\t\t\tSeLoadDriverPrivilege\r\n\t\t\tSeBackupPrivilege\r\n\t\t\tSeRestorePrivilege\r\n\t\t\tSeDebugPrivilege\r\n\t\t\tSeAuditPrivilege\r\n\t\t\tSeSystemEnvironmentPrivilege\r\n\t\t\tSeImpersonatePrivilege\r\n\t\t\tSeDelegateSessionUserImpersonatePrivilege""}","Special privileges assigned to new logon.

Subject:
	Security ID:		S-1-5-18
	Account Name:		SYSTEM
	Account Domain:		NT AUTHORITY
	Logon ID:		999

Privileges:		SeAssignPrimaryTokenPrivilege
			SeTcbPrivilege
			SeSecurityPrivilege
			SeTakeOwnershipPrivilege
			SeLoadDriverPrivilege
			SeBackupPrivilege
			SeRestorePrivilege
			SeDebugPrivilege
			SeAuditPrivilege
			SeSystemEnvironmentPrivilege
			SeImpersonatePrivilege
			SeDelegateSessionUserImpersonatePrivilege
",2026-01-16T02:02:52Z,Security,373652,4672,C:\Windows\System32\winevt\Logs\Security.evtx
"{""Provider"":{""Name"":""Microsoft-Windows-Security-Auditing"",""Guid"":""54849625-5478-4994-A5BA-3E3B0328C30D""},""EventID"":{""Value"":4672},""Version"":0,""Level"":0,""Task"":12548,""Opcode"":0,""Keywords"":9232379236109516800,""TimeCreated"":{""SystemTime"":1768529214.5142272},""EventRecordID"":373682,""Correlation"":{""ActivityID"":""A5D391A9-855E-0006-9098-D3A55E85DC01""},""Execution"":{""ProcessID"":1316,""ThreadID"":6452},""Channel"":""Security"",""Computer"":""HP"",""Security"":{}}","{""SubjectUserSid"":""S-1-5-18"",""SubjectUserName"":""SYSTEM"",""SubjectDomainName"":""NT AUTHORITY"",""SubjectLogonId"":999,""PrivilegeList"":""SeAssignPrimaryTokenPrivilege\r\n\t\t\tSeTcbPrivilege\r\n\t\t\tSeSecurityPrivilege\r\n\t\t\tSeTakeOwnershipPrivilege\r\n\t\t\tSeLoadDriverPrivilege\r\n\t\t\tSeBackupPrivilege\r\n\t\t\tSeRestorePrivilege\r\n\t\t\tSeDebugPrivilege\r\n\t\t\tSeAuditPrivilege\r\n\t\t\tSeSystemEnvironmentPrivilege\r\n\t\t\tSeImpersonatePrivilege\r\n\t\t\tSeDelegateSessionUserImpersonatePrivilege""}","Special privileges assigned to new logon.

Subject:
	Security ID:		S-1-5-18
	Account Name:		SYSTEM
	Account Domain:		NT AUTHORITY
	Logon ID:		999

Privileges:		SeAssignPrimaryTokenPrivilege
			SeTcbPrivilege
			SeSecurityPrivilege
			SeTakeOwnershipPrivilege
			SeLoadDriverPrivilege
			SeBackupPrivilege
			SeRestorePrivilege
			SeDebugPrivilege
			SeAuditPrivilege
			SeSystemEnvironmentPrivilege
			SeImpersonatePrivilege
			SeDelegateSessionUserImpersonatePrivilege
",2026-01-16T02:06:54Z,Security,373682,4672,C:\Windows\System32\winevt\Logs\Security.evtx
"{""Provider"":{""Name"":""Microsoft-Windows-Security-Auditing"",""Guid"":""54849625-5478-4994-A5BA-3E3B0328C30D""},""EventID"":{""Value"":4672},""Version"":0,""Level"":0,""Task"":12548,""Opcode"":0,""Keywords"":9232379236109516800,""TimeCreated"":{""SystemTime"":1768529218.017312},""EventRecordID"":373707,""Correlation"":{""ActivityID"":""A5D391A9-855E-0006-9098-D3A55E85DC01""},""Execution"":{""ProcessID"":1316,""ThreadID"":14888},""Channel"":""Security"",""Computer"":""HP"",""Security"":{}}","{""SubjectUserSid"":""S-1-5-18"",""SubjectUserName"":""SYSTEM"",""SubjectDomainName"":""NT AUTHORITY"",""SubjectLogonId"":999,""PrivilegeList"":""SeAssignPrimaryTokenPrivilege\r\n\t\t\tSeTcbPrivilege\r\n\t\t\tSeSecurityPrivilege\r\n\t\t\tSeTakeOwnershipPrivilege\r\n\t\t\tSeLoadDriverPrivilege\r\n\t\t\tSeBackupPrivilege\r\n\t\t\tSeRestorePrivilege\r\n\t\t\tSeDebugPrivilege\r\n\t\t\tSeAuditPrivilege\r\n\t\t\tSeSystemEnvironmentPrivilege\r\n\t\t\tSeImpersonatePrivilege\r\n\t\t\tSeDelegateSessionUserImpersonatePrivilege""}","Special privileges assigned to new logon.

Subject:
	Security ID:		S-1-5-18
	Account Name:		SYSTEM
	Account Domain:		NT AUTHORITY
	Logon ID:		999

Privileges:		SeAssignPrimaryTokenPrivilege
			SeTcbPrivilege
			SeSecurityPrivilege
			SeTakeOwnershipPrivilege
			SeLoadDriverPrivilege
			SeBackupPrivilege
			SeRestorePrivilege
			SeDebugPrivilege
			SeAuditPrivilege
			SeSystemEnvironmentPrivilege
			SeImpersonatePrivilege
			SeDelegateSessionUserImpersonatePrivilege
",2026-01-16T02:06:58Z,Security,373707,4672,C:\Windows\System32\winevt\Logs\Security.evtx
"{""Provider"":{""Name"":""Microsoft-Windows-Security-Auditing"",""Guid"":""54849625-5478-4994-A5BA-3E3B0328C30D""},""EventID"":{""Value"":4672},""Version"":0,""Level"":0,""Task"":12548,""Opcode"":0,""Keywords"":9232379236109516800,""TimeCreated"":{""SystemTime"":1768529218.075539},""EventRecordID"":373709,""Correlation"":{""ActivityID"":""A5D391A9-855E-0006-9098-D3A55E85DC01""},""Execution"":{""ProcessID"":1316,""ThreadID"":19524},""Channel"":""Security"",""Computer"":""HP"",""Security"":{}}","{""SubjectUserSid"":""S-1-5-18"",""SubjectUserName"":""SYSTEM"",""SubjectDomainName"":""NT AUTHORITY"",""SubjectLogonId"":999,""PrivilegeList"":""SeAssignPrimaryTokenPrivilege\r\n\t\t\tSeTcbPrivilege\r\n\t\t\tSeSecurityPrivilege\r\n\t\t\tSeTakeOwnershipPrivilege\r\n\t\t\tSeLoadDriverPrivilege\r\n\t\t\tSeBackupPrivilege\r\n\t\t\tSeRestorePrivilege\r\n\t\t\tSeDebugPrivilege\r\n\t\t\tSeAuditPrivilege\r\n\t\t\tSeSystemEnvironmentPrivilege\r\n\t\t\tSeImpersonatePrivilege\r\n\t\t\tSeDelegateSessionUserImpersonatePrivilege""}","Special privileges assigned to new logon.

Subject:
	Security ID:		S-1-5-18
	Account Name:		SYSTEM
	Account Domain:		NT AUTHORITY
	Logon ID:		999

Privileges:		SeAssignPrimaryTokenPrivilege
			SeTcbPrivilege
			SeSecurityPrivilege
			SeTakeOwnershipPrivilege
			SeLoadDriverPrivilege
			SeBackupPrivilege
			SeRestorePrivilege
			SeDebugPrivilege
			SeAuditPrivilege
			SeSystemEnvironmentPrivilege
			SeImpersonatePrivilege
			SeDelegateSessionUserImpersonatePrivilege
",2026-01-16T02:06:58Z,Security,373709,4672,C:\Windows\System32\winevt\Logs\Security.evtx
"{""Provider"":{""Name"":""Microsoft-Windows-Security-Auditing"",""Guid"":""54849625-5478-4994-A5BA-3E3B0328C30D""},""EventID"":{""Value"":4672},""Version"":0,""Level"":0,""Task"":12548,""Opcode"":0,""Keywords"":9232379236109516800,""TimeCreated"":{""SystemTime"":1768529243.1745727},""EventRecordID"":373712,""Correlation"":{""ActivityID"":""A5D391A9-855E-0006-9098-D3A55E85DC01""},""Execution"":{""ProcessID"":1316,""ThreadID"":6452},""Channel"":""Security"",""Computer"":""HP"",""Security"":{}}","{""SubjectUserSid"":""S-1-5-18"",""SubjectUserName"":""SYSTEM"",""SubjectDomainName"":""NT AUTHORITY"",""SubjectLogonId"":999,""PrivilegeList"":""SeAssignPrimaryTokenPrivilege\r\n\t\t\tSeTcbPrivilege\r\n\t\t\tSeSecurityPrivilege\r\n\t\t\tSeTakeOwnershipPrivilege\r\n\t\t\tSeLoadDriverPrivilege\r\n\t\t\tSeBackupPrivilege\r\n\t\t\tSeRestorePrivilege\r\n\t\t\tSeDebugPrivilege\r\n\t\t\tSeAuditPrivilege\r\n\t\t\tSeSystemEnvironmentPrivilege\r\n\t\t\tSeImpersonatePrivilege\r\n\t\t\tSeDelegateSessionUserImpersonatePrivilege""}","Special privileges assigned to new logon.

Subject:
	Security ID:		S-1-5-18
	Account Name:		SYSTEM
	Account Domain:		NT AUTHORITY
	Logon ID:		999

Privileges:		SeAssignPrimaryTokenPrivilege
			SeTcbPrivilege
			SeSecurityPrivilege
			SeTakeOwnershipPrivilege
			SeLoadDriverPrivilege
			SeBackupPrivilege
			SeRestorePrivilege
			SeDebugPrivilege
			SeAuditPrivilege
			SeSystemEnvironmentPrivilege
			SeImpersonatePrivilege
			SeDelegateSessionUserImpersonatePrivilege
",2026-01-16T02:07:23Z,Security,373712,4672,C:\Windows\System32\winevt\Logs\Security.evtx
"{""Provider"":{""Name"":""Microsoft-Windows-Security-Auditing"",""Guid"":""54849625-5478-4994-A5BA-3E3B0328C30D""},""EventID"":{""Value"":4672},""Version"":0,""Level"":0,""Task"":12548,""Opcode"":0,""Keywords"":9232379236109516800,""TimeCreated"":{""SystemTime"":1768529365.5423713},""EventRecordID"":373716,""Correlation"":{""ActivityID"":""A5D391A9-855E-0006-9098-D3A55E85DC01""},""Execution"":{""ProcessID"":1316,""ThreadID"":19524},""Channel"":""Security"",""Computer"":""HP"",""Security"":{}}","{""SubjectUserSid"":""S-1-5-18"",""SubjectUserName"":""SYSTEM"",""SubjectDomainName"":""NT AUTHORITY"",""SubjectLogonId"":999,""PrivilegeList"":""SeAssignPrimaryTokenPrivilege\r\n\t\t\tSeTcbPrivilege\r\n\t\t\tSeSecurityPrivilege\r\n\t\t\tSeTakeOwnershipPrivilege\r\n\t\t\tSeLoadDriverPrivilege\r\n\t\t\tSeBackupPrivilege\r\n\t\t\tSeRestorePrivilege\r\n\t\t\tSeDebugPrivilege\r\n\t\t\tSeAuditPrivilege\r\n\t\t\tSeSystemEnvironmentPrivilege\r\n\t\t\tSeImpersonatePrivilege\r\n\t\t\tSeDelegateSessionUserImpersonatePrivilege""}","Special privileges assigned to new logon.

Subject:
	Security ID:		S-1-5-18
	Account Name:		SYSTEM
	Account Domain:		NT AUTHORITY
	Logon ID:		999

Privileges:		SeAssignPrimaryTokenPrivilege
			SeTcbPrivilege
			SeSecurityPrivilege
			SeTakeOwnershipPrivilege
			SeLoadDriverPrivilege
			SeBackupPrivilege
			SeRestorePrivilege
			SeDebugPrivilege
			SeAuditPrivilege
			SeSystemEnvironmentPrivilege
			SeImpersonatePrivilege
			SeDelegateSessionUserImpersonatePrivilege
",2026-01-16T02:09:25Z,Security,373716,4672,C:\Windows\System32\winevt\Logs\Security.evtx
"{""Provider"":{""Name"":""Microsoft-Windows-Security-Auditing"",""Guid"":""54849625-5478-4994-A5BA-3E3B0328C30D""},""EventID"":{""Value"":4672},""Version"":0,""Level"":0,""Task"":12548,""Opcode"":0,""Keywords"":9232379236109516800,""TimeCreated"":{""SystemTime"":1768529371.385128},""EventRecordID"":373726,""Correlation"":{""ActivityID"":""A5D391A9-855E-0006-9098-D3A55E85DC01""},""Execution"":{""ProcessID"":1316,""ThreadID"":16560},""Channel"":""Security"",""Computer"":""HP"",""Security"":{}}","{""SubjectUserSid"":""S-1-5-18"",""SubjectUserName"":""SYSTEM"",""SubjectDomainName"":""NT AUTHORITY"",""SubjectLogonId"":999,""PrivilegeList"":""SeAssignPrimaryTokenPrivilege\r\n\t\t\tSeTcbPrivilege\r\n\t\t\tSeSecurityPrivilege\r\n\t\t\tSeTakeOwnershipPrivilege\r\n\t\t\tSeLoadDriverPrivilege\r\n\t\t\tSeBackupPrivilege\r\n\t\t\tSeRestorePrivilege\r\n\t\t\tSeDebugPrivilege\r\n\t\t\tSeAuditPrivilege\r\n\t\t\tSeSystemEnvironmentPrivilege\r\n\t\t\tSeImpersonatePrivilege\r\n\t\t\tSeDelegateSessionUserImpersonatePrivilege""}","Special privileges assigned to new logon.

Subject:
	Security ID:		S-1-5-18
	Account Name:		SYSTEM
	Account Domain:		NT AUTHORITY
	Logon ID:		999

Privileges:		SeAssignPrimaryTokenPrivilege
			SeTcbPrivilege
			SeSecurityPrivilege
			SeTakeOwnershipPrivilege
			SeLoadDriverPrivilege
			SeBackupPrivilege
			SeRestorePrivilege
			SeDebugPrivilege
			SeAuditPrivilege
			SeSystemEnvironmentPrivilege
			SeImpersonatePrivilege
			SeDelegateSessionUserImpersonatePrivilege
",2026-01-16T02:09:31Z,Security,373726,4672,C:\Windows\System32\winevt\Logs\Security.evtx
"{""Provider"":{""Name"":""Microsoft-Windows-Security-Auditing"",""Guid"":""54849625-5478-4994-A5BA-3E3B0328C30D""},""EventID"":{""Value"":4672},""Version"":0,""Level"":0,""Task"":12548,""Opcode"":0,""Keywords"":9232379236109516800,""TimeCreated"":{""SystemTime"":1768529411.1426687},""EventRecordID"":373760,""Correlation"":{""ActivityID"":""A5D391A9-855E-0006-9098-D3A55E85DC01""},""Execution"":{""ProcessID"":1316,""ThreadID"":6452},""Channel"":""Security"",""Computer"":""HP"",""Security"":{}}","{""SubjectUserSid"":""S-1-5-18"",""SubjectUserName"":""SYSTEM"",""SubjectDomainName"":""NT AUTHORITY"",""SubjectLogonId"":999,""PrivilegeList"":""SeAssignPrimaryTokenPrivilege\r\n\t\t\tSeTcbPrivilege\r\n\t\t\tSeSecurityPrivilege\r\n\t\t\tSeTakeOwnershipPrivilege\r\n\t\t\tSeLoadDriverPrivilege\r\n\t\t\tSeBackupPrivilege\r\n\t\t\tSeRestorePrivilege\r\n\t\t\tSeDebugPrivilege\r\n\t\t\tSeAuditPrivilege\r\n\t\t\tSeSystemEnvironmentPrivilege\r\n\t\t\tSeImpersonatePrivilege\r\n\t\t\tSeDelegateSessionUserImpersonatePrivilege""}","Special privileges assigned to new logon.

Subject:
	Security ID:		S-1-5-18
	Account Name:		SYSTEM
	Account Domain:		NT AUTHORITY
	Logon ID:		999

Privileges:		SeAssignPrimaryTokenPrivilege
			SeTcbPrivilege
			SeSecurityPrivilege
			SeTakeOwnershipPrivilege
			SeLoadDriverPrivilege
			SeBackupPrivilege
			SeRestorePrivilege
			SeDebugPrivilege
			SeAuditPrivilege
			SeSystemEnvironmentPrivilege
			SeImpersonatePrivilege
			SeDelegateSessionUserImpersonatePrivilege
",2026-01-16T02:10:11Z,Security,373760,4672,C:\Windows\System32\winevt\Logs\Security.evtx
"{""Provider"":{""Name"":""Microsoft-Windows-Security-Auditing"",""Guid"":""54849625-5478-4994-A5BA-3E3B0328C30D""},""EventID"":{""Value"":4672},""Version"":0,""Level"":0,""Task"":12548,""Opcode"":0,""Keywords"":9232379236109516800,""TimeCreated"":{""SystemTime"":1768529413.92332},""EventRecordID"":373770,""Correlation"":{""ActivityID"":""A5D391A9-855E-0006-9098-D3A55E85DC01""},""Execution"":{""ProcessID"":1316,""ThreadID"":16560},""Channel"":""Security"",""Computer"":""HP"",""Security"":{}}","{""SubjectUserSid"":""S-1-5-18"",""SubjectUserName"":""SYSTEM"",""SubjectDomainName"":""NT AUTHORITY"",""SubjectLogonId"":999,""PrivilegeList"":""SeAssignPrimaryTokenPrivilege\r\n\t\t\tSeTcbPrivilege\r\n\t\t\tSeSecurityPrivilege\r\n\t\t\tSeTakeOwnershipPrivilege\r\n\t\t\tSeLoadDriverPrivilege\r\n\t\t\tSeBackupPrivilege\r\n\t\t\tSeRestorePrivilege\r\n\t\t\tSeDebugPrivilege\r\n\t\t\tSeAuditPrivilege\r\n\t\t\tSeSystemEnvironmentPrivilege\r\n\t\t\tSeImpersonatePrivilege\r\n\t\t\tSeDelegateSessionUserImpersonatePrivilege""}","Special privileges assigned to new logon.

Subject:
	Security ID:		S-1-5-18
	Account Name:		SYSTEM
	Account Domain:		NT AUTHORITY
	Logon ID:		999

Privileges:		SeAssignPrimaryTokenPrivilege
			SeTcbPrivilege
			SeSecurityPrivilege
			SeTakeOwnershipPrivilege
			SeLoadDriverPrivilege
			SeBackupPrivilege
			SeRestorePrivilege
			SeDebugPrivilege
			SeAuditPrivilege
			SeSystemEnvironmentPrivilege
			SeImpersonatePrivilege
			SeDelegateSessionUserImpersonatePrivilege
",2026-01-16T02:10:13Z,Security,373770,4672,C:\Windows\System32\winevt\Logs\Security.evtx
"{""Provider"":{""Name"":""Microsoft-Windows-Security-Auditing"",""Guid"":""54849625-5478-4994-A5BA-3E3B0328C30D""},""EventID"":{""Value"":4672},""Version"":0,""Level"":0,""Task"":12548,""Opcode"":0,""Keywords"":9232379236109516800,""TimeCreated"":{""SystemTime"":1768529416.0957167},""EventRecordID"":373896,""Correlation"":{""ActivityID"":""A5D391A9-855E-0006-9098-D3A55E85DC01""},""Execution"":{""ProcessID"":1316,""ThreadID"":6452},""Channel"":""Security"",""Computer"":""HP"",""Security"":{}}","{""SubjectUserSid"":""S-1-5-18"",""SubjectUserName"":""SYSTEM"",""SubjectDomainName"":""NT AUTHORITY"",""SubjectLogonId"":999,""PrivilegeList"":""SeAssignPrimaryTokenPrivilege\r\n\t\t\tSeTcbPrivilege\r\n\t\t\tSeSecurityPrivilege\r\n\t\t\tSeTakeOwnershipPrivilege\r\n\t\t\tSeLoadDriverPrivilege\r\n\t\t\tSeBackupPrivilege\r\n\t\t\tSeRestorePrivilege\r\n\t\t\tSeDebugPrivilege\r\n\t\t\tSeAuditPrivilege\r\n\t\t\tSeSystemEnvironmentPrivilege\r\n\t\t\tSeImpersonatePrivilege\r\n\t\t\tSeDelegateSessionUserImpersonatePrivilege""}","Special privileges assigned to new logon.

Subject:
	Security ID:		S-1-5-18
	Account Name:		SYSTEM
	Account Domain:		NT AUTHORITY
	Logon ID:		999

Privileges:		SeAssignPrimaryTokenPrivilege
			SeTcbPrivilege
			SeSecurityPrivilege
			SeTakeOwnershipPrivilege
			SeLoadDriverPrivilege
			SeBackupPrivilege
			SeRestorePrivilege
			SeDebugPrivilege
			SeAuditPrivilege
			SeSystemEnvironmentPrivilege
			SeImpersonatePrivilege
			SeDelegateSessionUserImpersonatePrivilege
",2026-01-16T02:10:16Z,Security,373896,4672,C:\Windows\System32\winevt\Logs\Security.evtx
"{""Provider"":{""Name"":""Microsoft-Windows-Security-Auditing"",""Guid"":""54849625-5478-4994-A5BA-3E3B0328C30D""},""EventID"":{""Value"":4672},""Version"":0,""Level"":0,""Task"":12548,""Opcode"":0,""Keywords"":9232379236109516800,""TimeCreated"":{""SystemTime"":1768529416.5947936},""EventRecordID"":373903,""Correlation"":{""ActivityID"":""A5D391A9-855E-0006-9098-D3A55E85DC01""},""Execution"":{""ProcessID"":1316,""ThreadID"":19524},""Channel"":""Security"",""Computer"":""HP"",""Security"":{}}","{""SubjectUserSid"":""S-1-5-18"",""SubjectUserName"":""SYSTEM"",""SubjectDomainName"":""NT AUTHORITY"",""SubjectLogonId"":999,""PrivilegeList"":""SeAssignPrimaryTokenPrivilege\r\n\t\t\tSeTcbPrivilege\r\n\t\t\tSeSecurityPrivilege\r\n\t\t\tSeTakeOwnershipPrivilege\r\n\t\t\tSeLoadDriverPrivilege\r\n\t\t\tSeBackupPrivilege\r\n\t\t\tSeRestorePrivilege\r\n\t\t\tSeDebugPrivilege\r\n\t\t\tSeAuditPrivilege\r\n\t\t\tSeSystemEnvironmentPrivilege\r\n\t\t\tSeImpersonatePrivilege\r\n\t\t\tSeDelegateSessionUserImpersonatePrivilege""}","Special privileges assigned to new logon.

Subject:
	Security ID:		S-1-5-18
	Account Name:		SYSTEM
	Account Domain:		NT AUTHORITY
	Logon ID:		999

Privileges:		SeAssignPrimaryTokenPrivilege
			SeTcbPrivilege
			SeSecurityPrivilege
			SeTakeOwnershipPrivilege
			SeLoadDriverPrivilege
			SeBackupPrivilege
			SeRestorePrivilege
			SeDebugPrivilege
			SeAuditPrivilege
			SeSystemEnvironmentPrivilege
			SeImpersonatePrivilege
			SeDelegateSessionUserImpersonatePrivilege
",2026-01-16T02:10:16Z,Security,373903,4672,C:\Windows\System32\winevt\Logs\Security.evtx
"{""Provider"":{""Name"":""Microsoft-Windows-Security-Auditing"",""Guid"":""54849625-5478-4994-A5BA-3E3B0328C30D""},""EventID"":{""Value"":4672},""Version"":0,""Level"":0,""Task"":12548,""Opcode"":0,""Keywords"":9232379236109516800,""TimeCreated"":{""SystemTime"":1768529425.6107807},""EventRecordID"":374033,""Correlation"":{""ActivityID"":""A5D391A9-855E-0006-9098-D3A55E85DC01""},""Execution"":{""ProcessID"":1316,""ThreadID"":19524},""Channel"":""Security"",""Computer"":""HP"",""Security"":{}}","{""SubjectUserSid"":""S-1-5-18"",""SubjectUserName"":""SYSTEM"",""SubjectDomainName"":""NT AUTHORITY"",""SubjectLogonId"":999,""PrivilegeList"":""SeAssignPrimaryTokenPrivilege\r\n\t\t\tSeTcbPrivilege\r\n\t\t\tSeSecurityPrivilege\r\n\t\t\tSeTakeOwnershipPrivilege\r\n\t\t\tSeLoadDriverPrivilege\r\n\t\t\tSeBackupPrivilege\r\n\t\t\tSeRestorePrivilege\r\n\t\t\tSeDebugPrivilege\r\n\t\t\tSeAuditPrivilege\r\n\t\t\tSeSystemEnvironmentPrivilege\r\n\t\t\tSeImpersonatePrivilege\r\n\t\t\tSeDelegateSessionUserImpersonatePrivilege""}","Special privileges assigned to new logon.

Subject:
	Security ID:		S-1-5-18
	Account Name:		SYSTEM
	Account Domain:		NT AUTHORITY
	Logon ID:		999

Privileges:		SeAssignPrimaryTokenPrivilege
			SeTcbPrivilege
			SeSecurityPrivilege
			SeTakeOwnershipPrivilege
			SeLoadDriverPrivilege
			SeBackupPrivilege
			SeRestorePrivilege
			SeDebugPrivilege
			SeAuditPrivilege
			SeSystemEnvironmentPrivilege
			SeImpersonatePrivilege
			SeDelegateSessionUserImpersonatePrivilege
",2026-01-16T02:10:25Z,Security,374033,4672,C:\Windows\System32\winevt\Logs\Security.evtx
"{""Provider"":{""Name"":""Microsoft-Windows-Security-Auditing"",""Guid"":""54849625-5478-4994-A5BA-3E3B0328C30D""},""EventID"":{""Value"":4672},""Version"":0,""Level"":0,""Task"":12548,""Opcode"":0,""Keywords"":9232379236109516800,""TimeCreated"":{""SystemTime"":1768529492.750992},""EventRecordID"":374052,""Correlation"":{""ActivityID"":""A5D391A9-855E-0006-9098-D3A55E85DC01""},""Execution"":{""ProcessID"":1316,""ThreadID"":14888},""Channel"":""Security"",""Computer"":""HP"",""Security"":{}}","{""SubjectUserSid"":""S-1-5-18"",""SubjectUserName"":""SYSTEM"",""SubjectDomainName"":""NT AUTHORITY"",""SubjectLogonId"":999,""PrivilegeList"":""SeAssignPrimaryTokenPrivilege\r\n\t\t\tSeTcbPrivilege\r\n\t\t\tSeSecurityPrivilege\r\n\t\t\tSeTakeOwnershipPrivilege\r\n\t\t\tSeLoadDriverPrivilege\r\n\t\t\tSeBackupPrivilege\r\n\t\t\tSeRestorePrivilege\r\n\t\t\tSeDebugPrivilege\r\n\t\t\tSeAuditPrivilege\r\n\t\t\tSeSystemEnvironmentPrivilege\r\n\t\t\tSeImpersonatePrivilege\r\n\t\t\tSeDelegateSessionUserImpersonatePrivilege""}","Special privileges assigned to new logon.

Subject:
	Security ID:		S-1-5-18
	Account Name:		SYSTEM
	Account Domain:		NT AUTHORITY
	Logon ID:		999

Privileges:		SeAssignPrimaryTokenPrivilege
			SeTcbPrivilege
			SeSecurityPrivilege
			SeTakeOwnershipPrivilege
			SeLoadDriverPrivilege
			SeBackupPrivilege
			SeRestorePrivilege
			SeDebugPrivilege
			SeAuditPrivilege
			SeSystemEnvironmentPrivilege
			SeImpersonatePrivilege
			SeDelegateSessionUserImpersonatePrivilege
",2026-01-16T02:11:32Z,Security,374052,4672,C:\Windows\System32\winevt\Logs\Security.evtx
"{""Provider"":{""Name"":""Microsoft-Windows-Security-Auditing"",""Guid"":""54849625-5478-4994-A5BA-3E3B0328C30D""},""EventID"":{""Value"":4672},""Version"":0,""Level"":0,""Task"":12548,""Opcode"":0,""Keywords"":9232379236109516800,""TimeCreated"":{""SystemTime"":1768529514.004864},""EventRecordID"":374070,""Correlation"":{""ActivityID"":""A5D391A9-855E-0006-9098-D3A55E85DC01""},""Execution"":{""ProcessID"":1316,""ThreadID"":6452},""Channel"":""Security"",""Computer"":""HP"",""Security"":{}}","{""SubjectUserSid"":""S-1-5-18"",""SubjectUserName"":""SYSTEM"",""SubjectDomainName"":""NT AUTHORITY"",""SubjectLogonId"":999,""PrivilegeList"":""SeAssignPrimaryTokenPrivilege\r\n\t\t\tSeTcbPrivilege\r\n\t\t\tSeSecurityPrivilege\r\n\t\t\tSeTakeOwnershipPrivilege\r\n\t\t\tSeLoadDriverPrivilege\r\n\t\t\tSeBackupPrivilege\r\n\t\t\tSeRestorePrivilege\r\n\t\t\tSeDebugPrivilege\r\n\t\t\tSeAuditPrivilege\r\n\t\t\tSeSystemEnvironmentPrivilege\r\n\t\t\tSeImpersonatePrivilege\r\n\t\t\tSeDelegateSessionUserImpersonatePrivilege""}","Special privileges assigned to new logon.

Subject:
	Security ID:		S-1-5-18
	Account Name:		SYSTEM
	Account Domain:		NT AUTHORITY
	Logon ID:		999

Privileges:		SeAssignPrimaryTokenPrivilege
			SeTcbPrivilege
			SeSecurityPrivilege
			SeTakeOwnershipPrivilege
			SeLoadDriverPrivilege
			SeBackupPrivilege
			SeRestorePrivilege
			SeDebugPrivilege
			SeAuditPrivilege
			SeSystemEnvironmentPrivilege
			SeImpersonatePrivilege
			SeDelegateSessionUserImpersonatePrivilege
",2026-01-16T02:11:54Z,Security,374070,4672,C:\Windows\System32\winevt\Logs\Security.evtx
"{""Provider"":{""Name"":""Microsoft-Windows-Security-Auditing"",""Guid"":""54849625-5478-4994-A5BA-3E3B0328C30D""},""EventID"":{""Value"":4672},""Version"":0,""Level"":0,""Task"":12548,""Opcode"":0,""Keywords"":9232379236109516800,""TimeCreated"":{""SystemTime"":1768529520.436875},""EventRecordID"":374074,""Correlation"":{""ActivityID"":""A5D391A9-855E-0006-9098-D3A55E85DC01""},""Execution"":{""ProcessID"":1316,""ThreadID"":19524},""Channel"":""Security"",""Computer"":""HP"",""Security"":{}}","{""SubjectUserSid"":""S-1-5-18"",""SubjectUserName"":""SYSTEM"",""SubjectDomainName"":""NT AUTHORITY"",""SubjectLogonId"":999,""PrivilegeList"":""SeAssignPrimaryTokenPrivilege\r\n\t\t\tSeTcbPrivilege\r\n\t\t\tSeSecurityPrivilege\r\n\t\t\tSeTakeOwnershipPrivilege\r\n\t\t\tSeLoadDriverPrivilege\r\n\t\t\tSeBackupPrivilege\r\n\t\t\tSeRestorePrivilege\r\n\t\t\tSeDebugPrivilege\r\n\t\t\tSeAuditPrivilege\r\n\t\t\tSeSystemEnvironmentPrivilege\r\n\t\t\tSeImpersonatePrivilege\r\n\t\t\tSeDelegateSessionUserImpersonatePrivilege""}","Special privileges assigned to new logon.

Subject:
	Security ID:		S-1-5-18
	Account Name:		SYSTEM
	Account Domain:		NT AUTHORITY
	Logon ID:		999

Privileges:		SeAssignPrimaryTokenPrivilege
			SeTcbPrivilege
			SeSecurityPrivilege
			SeTakeOwnershipPrivilege
			SeLoadDriverPrivilege
			SeBackupPrivilege
			SeRestorePrivilege
			SeDebugPrivilege
			SeAuditPrivilege
			SeSystemEnvironmentPrivilege
			SeImpersonatePrivilege
			SeDelegateSessionUserImpersonatePrivilege
",2026-01-16T02:12:00Z,Security,374074,4672,C:\Windows\System32\winevt\Logs\Security.evtx
"{""Provider"":{""Name"":""Microsoft-Windows-Security-Auditing"",""Guid"":""54849625-5478-4994-A5BA-3E3B0328C30D""},""EventID"":{""Value"":4672},""Version"":0,""Level"":0,""Task"":12548,""Opcode"":0,""Keywords"":9232379236109516800,""TimeCreated"":{""SystemTime"":1768529524.494704},""EventRecordID"":374076,""Correlation"":{""ActivityID"":""A5D391A9-855E-0006-9098-D3A55E85DC01""},""Execution"":{""ProcessID"":1316,""ThreadID"":19524},""Channel"":""Security"",""Computer"":""HP"",""Security"":{}}","{""SubjectUserSid"":""S-1-5-18"",""SubjectUserName"":""SYSTEM"",""SubjectDomainName"":""NT AUTHORITY"",""SubjectLogonId"":999,""PrivilegeList"":""SeAssignPrimaryTokenPrivilege\r\n\t\t\tSeTcbPrivilege\r\n\t\t\tSeSecurityPrivilege\r\n\t\t\tSeTakeOwnershipPrivilege\r\n\t\t\tSeLoadDriverPrivilege\r\n\t\t\tSeBackupPrivilege\r\n\t\t\tSeRestorePrivilege\r\n\t\t\tSeDebugPrivilege\r\n\t\t\tSeAuditPrivilege\r\n\t\t\tSeSystemEnvironmentPrivilege\r\n\t\t\tSeImpersonatePrivilege\r\n\t\t\tSeDelegateSessionUserImpersonatePrivilege""}","Special privileges assigned to new logon.

Subject:
	Security ID:		S-1-5-18
	Account Name:		SYSTEM
	Account Domain:		NT AUTHORITY
	Logon ID:		999

Privileges:		SeAssignPrimaryTokenPrivilege
			SeTcbPrivilege
			SeSecurityPrivilege
			SeTakeOwnershipPrivilege
			SeLoadDriverPrivilege
			SeBackupPrivilege
			SeRestorePrivilege
			SeDebugPrivilege
			SeAuditPrivilege
			SeSystemEnvironmentPrivilege
			SeImpersonatePrivilege
			SeDelegateSessionUserImpersonatePrivilege
",2026-01-16T02:12:04Z,Security,374076,4672,C:\Windows\System32\winevt\Logs\Security.evtx
"{""Provider"":{""Name"":""Microsoft-Windows-Security-Auditing"",""Guid"":""54849625-5478-4994-A5BA-3E3B0328C30D""},""EventID"":{""Value"":4672},""Version"":0,""Level"":0,""Task"":12548,""Opcode"":0,""Keywords"":9232379236109516800,""TimeCreated"":{""SystemTime"":1768529667.3805184},""EventRecordID"":374164,""Correlation"":{""ActivityID"":""A5D391A9-855E-0006-9098-D3A55E85DC01""},""Execution"":{""ProcessID"":1316,""ThreadID"":9224},""Channel"":""Security"",""Computer"":""HP"",""Security"":{}}","{""SubjectUserSid"":""S-1-5-18"",""SubjectUserName"":""SYSTEM"",""SubjectDomainName"":""NT AUTHORITY"",""SubjectLogonId"":999,""PrivilegeList"":""SeAssignPrimaryTokenPrivilege\r\n\t\t\tSeTcbPrivilege\r\n\t\t\tSeSecurityPrivilege\r\n\t\t\tSeTakeOwnershipPrivilege\r\n\t\t\tSeLoadDriverPrivilege\r\n\t\t\tSeBackupPrivilege\r\n\t\t\tSeRestorePrivilege\r\n\t\t\tSeDebugPrivilege\r\n\t\t\tSeAuditPrivilege\r\n\t\t\tSeSystemEnvironmentPrivilege\r\n\t\t\tSeImpersonatePrivilege\r\n\t\t\tSeDelegateSessionUserImpersonatePrivilege""}","Special privileges assigned to new logon.

Subject:
	Security ID:		S-1-5-18
	Account Name:		SYSTEM
	Account Domain:		NT AUTHORITY
	Logon ID:		999

Privileges:		SeAssignPrimaryTokenPrivilege
			SeTcbPrivilege
			SeSecurityPrivilege
			SeTakeOwnershipPrivilege
			SeLoadDriverPrivilege
			SeBackupPrivilege
			SeRestorePrivilege
			SeDebugPrivilege
			SeAuditPrivilege
			SeSystemEnvironmentPrivilege
			SeImpersonatePrivilege
			SeDelegateSessionUserImpersonatePrivilege
",2026-01-16T02:14:27Z,Security,374164,4672,C:\Windows\System32\winevt\Logs\Security.evtx
"{""Provider"":{""Name"":""Microsoft-Windows-Security-Auditing"",""Guid"":""54849625-5478-4994-A5BA-3E3B0328C30D""},""EventID"":{""Value"":4672},""Version"":0,""Level"":0,""Task"":12548,""Opcode"":0,""Keywords"":9232379236109516800,""TimeCreated"":{""SystemTime"":1768529707.1969311},""EventRecordID"":374243,""Correlation"":{""ActivityID"":""A5D391A9-855E-0006-9098-D3A55E85DC01""},""Execution"":{""ProcessID"":1316,""ThreadID"":3772},""Channel"":""Security"",""Computer"":""HP"",""Security"":{}}","{""SubjectUserSid"":""S-1-5-18"",""SubjectUserName"":""SYSTEM"",""SubjectDomainName"":""NT AUTHORITY"",""SubjectLogonId"":999,""PrivilegeList"":""SeAssignPrimaryTokenPrivilege\r\n\t\t\tSeTcbPrivilege\r\n\t\t\tSeSecurityPrivilege\r\n\t\t\tSeTakeOwnershipPrivilege\r\n\t\t\tSeLoadDriverPrivilege\r\n\t\t\tSeBackupPrivilege\r\n\t\t\tSeRestorePrivilege\r\n\t\t\tSeDebugPrivilege\r\n\t\t\tSeAuditPrivilege\r\n\t\t\tSeSystemEnvironmentPrivilege\r\n\t\t\tSeImpersonatePrivilege\r\n\t\t\tSeDelegateSessionUserImpersonatePrivilege""}","Special privileges assigned to new logon.

Subject:
	Security ID:		S-1-5-18
	Account Name:		SYSTEM
	Account Domain:		NT AUTHORITY
	Logon ID:		999

Privileges:		SeAssignPrimaryTokenPrivilege
			SeTcbPrivilege
			SeSecurityPrivilege
			SeTakeOwnershipPrivilege
			SeLoadDriverPrivilege
			SeBackupPrivilege
			SeRestorePrivilege
			SeDebugPrivilege
			SeAuditPrivilege
			SeSystemEnvironmentPrivilege
			SeImpersonatePrivilege
			SeDelegateSessionUserImpersonatePrivilege
",2026-01-16T02:15:07Z,Security,374243,4672,C:\Windows\System32\winevt\Logs\Security.evtx
"{""Provider"":{""Name"":""Microsoft-Windows-Security-Auditing"",""Guid"":""54849625-5478-4994-A5BA-3E3B0328C30D""},""EventID"":{""Value"":4672},""Version"":0,""Level"":0,""Task"":12548,""Opcode"":0,""Keywords"":9232379236109516800,""TimeCreated"":{""SystemTime"":1768529756.7216592},""EventRecordID"":374253,""Correlation"":{""ActivityID"":""A5D391A9-855E-0006-9098-D3A55E85DC01""},""Execution"":{""ProcessID"":1316,""ThreadID"":9224},""Channel"":""Security"",""Computer"":""HP"",""Security"":{}}","{""SubjectUserSid"":""S-1-5-18"",""SubjectUserName"":""SYSTEM"",""SubjectDomainName"":""NT AUTHORITY"",""SubjectLogonId"":999,""PrivilegeList"":""SeAssignPrimaryTokenPrivilege\r\n\t\t\tSeTcbPrivilege\r\n\t\t\tSeSecurityPrivilege\r\n\t\t\tSeTakeOwnershipPrivilege\r\n\t\t\tSeLoadDriverPrivilege\r\n\t\t\tSeBackupPrivilege\r\n\t\t\tSeRestorePrivilege\r\n\t\t\tSeDebugPrivilege\r\n\t\t\tSeAuditPrivilege\r\n\t\t\tSeSystemEnvironmentPrivilege\r\n\t\t\tSeImpersonatePrivilege\r\n\t\t\tSeDelegateSessionUserImpersonatePrivilege""}","Special privileges assigned to new logon.

Subject:
	Security ID:		S-1-5-18
	Account Name:		SYSTEM
	Account Domain:		NT AUTHORITY
	Logon ID:		999

Privileges:		SeAssignPrimaryTokenPrivilege
			SeTcbPrivilege
			SeSecurityPrivilege
			SeTakeOwnershipPrivilege
			SeLoadDriverPrivilege
			SeBackupPrivilege
			SeRestorePrivilege
			SeDebugPrivilege
			SeAuditPrivilege
			SeSystemEnvironmentPrivilege
			SeImpersonatePrivilege
			SeDelegateSessionUserImpersonatePrivilege
",2026-01-16T02:15:56Z,Security,374253,4672,C:\Windows\System32\winevt\Logs\Security.evtx
"{""Provider"":{""Name"":""Microsoft-Windows-Security-Auditing"",""Guid"":""54849625-5478-4994-A5BA-3E3B0328C30D""},""EventID"":{""Value"":4672},""Version"":0,""Level"":0,""Task"":12548,""Opcode"":0,""Keywords"":9232379236109516800,""TimeCreated"":{""SystemTime"":1768529885.9467216},""EventRecordID"":374263,""Correlation"":{""ActivityID"":""A5D391A9-855E-0006-9098-D3A55E85DC01""},""Execution"":{""ProcessID"":1316,""ThreadID"":22660},""Channel"":""Security"",""Computer"":""HP"",""Security"":{}}","{""SubjectUserSid"":""S-1-5-18"",""SubjectUserName"":""SYSTEM"",""SubjectDomainName"":""NT AUTHORITY"",""SubjectLogonId"":999,""PrivilegeList"":""SeAssignPrimaryTokenPrivilege\r\n\t\t\tSeTcbPrivilege\r\n\t\t\tSeSecurityPrivilege\r\n\t\t\tSeTakeOwnershipPrivilege\r\n\t\t\tSeLoadDriverPrivilege\r\n\t\t\tSeBackupPrivilege\r\n\t\t\tSeRestorePrivilege\r\n\t\t\tSeDebugPrivilege\r\n\t\t\tSeAuditPrivilege\r\n\t\t\tSeSystemEnvironmentPrivilege\r\n\t\t\tSeImpersonatePrivilege\r\n\t\t\tSeDelegateSessionUserImpersonatePrivilege""}","Special privileges assigned to new logon.

Subject:
	Security ID:		S-1-5-18
	Account Name:		SYSTEM
	Account Domain:		NT AUTHORITY
	Logon ID:		999

Privileges:		SeAssignPrimaryTokenPrivilege
			SeTcbPrivilege
			SeSecurityPrivilege
			SeTakeOwnershipPrivilege
			SeLoadDriverPrivilege
			SeBackupPrivilege
			SeRestorePrivilege
			SeDebugPrivilege
			SeAuditPrivilege
			SeSystemEnvironmentPrivilege
			SeImpersonatePrivilege
			SeDelegateSessionUserImpersonatePrivilege
",2026-01-16T02:18:05Z,Security,374263,4672,C:\Windows\System32\winevt\Logs\Security.evtx
"{""Provider"":{""Name"":""Microsoft-Windows-Security-Auditing"",""Guid"":""54849625-5478-4994-A5BA-3E3B0328C30D""},""EventID"":{""Value"":4672},""Version"":0,""Level"":0,""Task"":12548,""Opcode"":0,""Keywords"":9232379236109516800,""TimeCreated"":{""SystemTime"":1768529908.4415696},""EventRecordID"":374289,""Correlation"":{""ActivityID"":""A5D391A9-855E-0006-9098-D3A55E85DC01""},""Execution"":{""ProcessID"":1316,""ThreadID"":22660},""Channel"":""Security"",""Computer"":""HP"",""Security"":{}}","{""SubjectUserSid"":""S-1-5-18"",""SubjectUserName"":""SYSTEM"",""SubjectDomainName"":""NT AUTHORITY"",""SubjectLogonId"":999,""PrivilegeList"":""SeAssignPrimaryTokenPrivilege\r\n\t\t\tSeTcbPrivilege\r\n\t\t\tSeSecurityPrivilege\r\n\t\t\tSeTakeOwnershipPrivilege\r\n\t\t\tSeLoadDriverPrivilege\r\n\t\t\tSeBackupPrivilege\r\n\t\t\tSeRestorePrivilege\r\n\t\t\tSeDebugPrivilege\r\n\t\t\tSeAuditPrivilege\r\n\t\t\tSeSystemEnvironmentPrivilege\r\n\t\t\tSeImpersonatePrivilege\r\n\t\t\tSeDelegateSessionUserImpersonatePrivilege""}","Special privileges assigned to new logon.

Subject:
	Security ID:		S-1-5-18
	Account Name:		SYSTEM
	Account Domain:		NT AUTHORITY
	Logon ID:		999

Privileges:		SeAssignPrimaryTokenPrivilege
			SeTcbPrivilege
			SeSecurityPrivilege
			SeTakeOwnershipPrivilege
			SeLoadDriverPrivilege
			SeBackupPrivilege
			SeRestorePrivilege
			SeDebugPrivilege
			SeAuditPrivilege
			SeSystemEnvironmentPrivilege
			SeImpersonatePrivilege
			SeDelegateSessionUserImpersonatePrivilege
",2026-01-16T02:18:28Z,Security,374289,4672,C:\Windows\System32\winevt\Logs\Security.evtx
"{""Provider"":{""Name"":""Microsoft-Windows-Security-Auditing"",""Guid"":""54849625-5478-4994-A5BA-3E3B0328C30D""},""EventID"":{""Value"":4672},""Version"":0,""Level"":0,""Task"":12548,""Opcode"":0,""Keywords"":9232379236109516800,""TimeCreated"":{""SystemTime"":1768530001.4596016},""EventRecordID"":374299,""Correlation"":{""ActivityID"":""A5D391A9-855E-0006-9098-D3A55E85DC01""},""Execution"":{""ProcessID"":1316,""ThreadID"":22660},""Channel"":""Security"",""Computer"":""HP"",""Security"":{}}","{""SubjectUserSid"":""S-1-5-18"",""SubjectUserName"":""SYSTEM"",""SubjectDomainName"":""NT AUTHORITY"",""SubjectLogonId"":999,""PrivilegeList"":""SeAssignPrimaryTokenPrivilege\r\n\t\t\tSeTcbPrivilege\r\n\t\t\tSeSecurityPrivilege\r\n\t\t\tSeTakeOwnershipPrivilege\r\n\t\t\tSeLoadDriverPrivilege\r\n\t\t\tSeBackupPrivilege\r\n\t\t\tSeRestorePrivilege\r\n\t\t\tSeDebugPrivilege\r\n\t\t\tSeAuditPrivilege\r\n\t\t\tSeSystemEnvironmentPrivilege\r\n\t\t\tSeImpersonatePrivilege\r\n\t\t\tSeDelegateSessionUserImpersonatePrivilege""}","Special privileges assigned to new logon.

Subject:
	Security ID:		S-1-5-18
	Account Name:		SYSTEM
	Account Domain:		NT AUTHORITY
	Logon ID:		999

Privileges:		SeAssignPrimaryTokenPrivilege
			SeTcbPrivilege
			SeSecurityPrivilege
			SeTakeOwnershipPrivilege
			SeLoadDriverPrivilege
			SeBackupPrivilege
			SeRestorePrivilege
			SeDebugPrivilege
			SeAuditPrivilege
			SeSystemEnvironmentPrivilege
			SeImpersonatePrivilege
			SeDelegateSessionUserImpersonatePrivilege
",2026-01-16T02:20:01Z,Security,374299,4672,C:\Windows\System32\winevt\Logs\Security.evtx
"{""Provider"":{""Name"":""Microsoft-Windows-Security-Auditing"",""Guid"":""54849625-5478-4994-A5BA-3E3B0328C30D""},""EventID"":{""Value"":4672},""Version"":0,""Level"":0,""Task"":12548,""Opcode"":0,""Keywords"":9232379236109516800,""TimeCreated"":{""SystemTime"":1768530314.5095663},""EventRecordID"":374341,""Correlation"":{""ActivityID"":""A5D391A9-855E-0006-9098-D3A55E85DC01""},""Execution"":{""ProcessID"":1316,""ThreadID"":22660},""Channel"":""Security"",""Computer"":""HP"",""Security"":{}}","{""SubjectUserSid"":""S-1-5-18"",""SubjectUserName"":""SYSTEM"",""SubjectDomainName"":""NT AUTHORITY"",""SubjectLogonId"":999,""PrivilegeList"":""SeAssignPrimaryTokenPrivilege\r\n\t\t\tSeTcbPrivilege\r\n\t\t\tSeSecurityPrivilege\r\n\t\t\tSeTakeOwnershipPrivilege\r\n\t\t\tSeLoadDriverPrivilege\r\n\t\t\tSeBackupPrivilege\r\n\t\t\tSeRestorePrivilege\r\n\t\t\tSeDebugPrivilege\r\n\t\t\tSeAuditPrivilege\r\n\t\t\tSeSystemEnvironmentPrivilege\r\n\t\t\tSeImpersonatePrivilege\r\n\t\t\tSeDelegateSessionUserImpersonatePrivilege""}","Special privileges assigned to new logon.

Subject:
	Security ID:		S-1-5-18
	Account Name:		SYSTEM
	Account Domain:		NT AUTHORITY
	Logon ID:		999

Privileges:		SeAssignPrimaryTokenPrivilege
			SeTcbPrivilege
			SeSecurityPrivilege
			SeTakeOwnershipPrivilege
			SeLoadDriverPrivilege
			SeBackupPrivilege
			SeRestorePrivilege
			SeDebugPrivilege
			SeAuditPrivilege
			SeSystemEnvironmentPrivilege
			SeImpersonatePrivilege
			SeDelegateSessionUserImpersonatePrivilege
",2026-01-16T02:25:14Z,Security,374341,4672,C:\Windows\System32\winevt\Logs\Security.evtx
"{""Provider"":{""Name"":""Microsoft-Windows-Security-Auditing"",""Guid"":""54849625-5478-4994-A5BA-3E3B0328C30D""},""EventID"":{""Value"":4672},""Version"":0,""Level"":0,""Task"":12548,""Opcode"":0,""Keywords"":9232379236109516800,""TimeCreated"":{""SystemTime"":1768530354.0118785},""EventRecordID"":374422,""Correlation"":{""ActivityID"":""A5D391A9-855E-0006-9098-D3A55E85DC01""},""Execution"":{""ProcessID"":1316,""ThreadID"":3772},""Channel"":""Security"",""Computer"":""HP"",""Security"":{}}","{""SubjectUserSid"":""S-1-5-18"",""SubjectUserName"":""SYSTEM"",""SubjectDomainName"":""NT AUTHORITY"",""SubjectLogonId"":999,""PrivilegeList"":""SeAssignPrimaryTokenPrivilege\r\n\t\t\tSeTcbPrivilege\r\n\t\t\tSeSecurityPrivilege\r\n\t\t\tSeTakeOwnershipPrivilege\r\n\t\t\tSeLoadDriverPrivilege\r\n\t\t\tSeBackupPrivilege\r\n\t\t\tSeRestorePrivilege\r\n\t\t\tSeDebugPrivilege\r\n\t\t\tSeAuditPrivilege\r\n\t\t\tSeSystemEnvironmentPrivilege\r\n\t\t\tSeImpersonatePrivilege\r\n\t\t\tSeDelegateSessionUserImpersonatePrivilege""}","Special privileges assigned to new logon.

Subject:
	Security ID:		S-1-5-18
	Account Name:		SYSTEM
	Account Domain:		NT AUTHORITY
	Logon ID:		999

Privileges:		SeAssignPrimaryTokenPrivilege
			SeTcbPrivilege
			SeSecurityPrivilege
			SeTakeOwnershipPrivilege
			SeLoadDriverPrivilege
			SeBackupPrivilege
			SeRestorePrivilege
			SeDebugPrivilege
			SeAuditPrivilege
			SeSystemEnvironmentPrivilege
			SeImpersonatePrivilege
			SeDelegateSessionUserImpersonatePrivilege
",2026-01-16T02:25:54Z,Security,374422,4672,C:\Windows\System32\winevt\Logs\Security.evtx
